0 info it worked if it ends with ok
1 verbose cli [ 'node', '/usr/local/bin/npm', 'install' ]
2 info using npm@1.4.28
3 info using node@v0.10.33
4 verbose readDependencies using package.json deps
5 verbose install where, deps [ '/Users/peiyang/Documents/Online Course/MongoDB/Nodejs/hw3-2and3-3/blog',
5 verbose install   [ 'bcrypt-nodejs',
5 verbose install     'consolidate',
5 verbose install     'express',
5 verbose install     'mongodb',
5 verbose install     'swig',
5 verbose install     'validator' ] ]
6 info preinstall blog@0.0.0
7 verbose readDependencies using package.json deps
8 verbose cache add [ 'bcrypt-nodejs@~0.0.3', null ]
9 verbose cache add name=undefined spec="bcrypt-nodejs@~0.0.3" args=["bcrypt-nodejs@~0.0.3",null]
10 verbose parsed url { protocol: null,
10 verbose parsed url   slashes: null,
10 verbose parsed url   auth: null,
10 verbose parsed url   host: null,
10 verbose parsed url   port: null,
10 verbose parsed url   hostname: null,
10 verbose parsed url   hash: null,
10 verbose parsed url   search: null,
10 verbose parsed url   query: null,
10 verbose parsed url   pathname: 'bcrypt-nodejs@~0.0.3',
10 verbose parsed url   path: 'bcrypt-nodejs@~0.0.3',
10 verbose parsed url   href: 'bcrypt-nodejs@~0.0.3' }
11 verbose cache add [ 'consolidate@~0.9.1', null ]
12 verbose cache add name=undefined spec="consolidate@~0.9.1" args=["consolidate@~0.9.1",null]
13 verbose parsed url { protocol: null,
13 verbose parsed url   slashes: null,
13 verbose parsed url   auth: null,
13 verbose parsed url   host: null,
13 verbose parsed url   port: null,
13 verbose parsed url   hostname: null,
13 verbose parsed url   hash: null,
13 verbose parsed url   search: null,
13 verbose parsed url   query: null,
13 verbose parsed url   pathname: 'consolidate@~0.9.1',
13 verbose parsed url   path: 'consolidate@~0.9.1',
13 verbose parsed url   href: 'consolidate@~0.9.1' }
14 verbose cache add [ 'express@~3.5', null ]
15 verbose cache add name=undefined spec="express@~3.5" args=["express@~3.5",null]
16 verbose parsed url { protocol: null,
16 verbose parsed url   slashes: null,
16 verbose parsed url   auth: null,
16 verbose parsed url   host: null,
16 verbose parsed url   port: null,
16 verbose parsed url   hostname: null,
16 verbose parsed url   hash: null,
16 verbose parsed url   search: null,
16 verbose parsed url   query: null,
16 verbose parsed url   pathname: 'express@~3.5',
16 verbose parsed url   path: 'express@~3.5',
16 verbose parsed url   href: 'express@~3.5' }
17 verbose cache add [ 'mongodb@~1.3.9', null ]
18 verbose cache add name=undefined spec="mongodb@~1.3.9" args=["mongodb@~1.3.9",null]
19 verbose parsed url { protocol: null,
19 verbose parsed url   slashes: null,
19 verbose parsed url   auth: null,
19 verbose parsed url   host: null,
19 verbose parsed url   port: null,
19 verbose parsed url   hostname: null,
19 verbose parsed url   hash: null,
19 verbose parsed url   search: null,
19 verbose parsed url   query: null,
19 verbose parsed url   pathname: 'mongodb@~1.3.9',
19 verbose parsed url   path: 'mongodb@~1.3.9',
19 verbose parsed url   href: 'mongodb@~1.3.9' }
20 verbose cache add name="bcrypt-nodejs" spec="~0.0.3" args=["bcrypt-nodejs","~0.0.3"]
21 verbose parsed url { protocol: null,
21 verbose parsed url   slashes: null,
21 verbose parsed url   auth: null,
21 verbose parsed url   host: null,
21 verbose parsed url   port: null,
21 verbose parsed url   hostname: null,
21 verbose parsed url   hash: null,
21 verbose parsed url   search: null,
21 verbose parsed url   query: null,
21 verbose parsed url   pathname: '~0.0.3',
21 verbose parsed url   path: '~0.0.3',
21 verbose parsed url   href: '~0.0.3' }
22 verbose addNamed [ 'bcrypt-nodejs', '~0.0.3' ]
23 verbose addNamed [ null, '>=0.0.3-0 <0.1.0-0' ]
24 verbose cache add name="consolidate" spec="~0.9.1" args=["consolidate","~0.9.1"]
25 verbose parsed url { protocol: null,
25 verbose parsed url   slashes: null,
25 verbose parsed url   auth: null,
25 verbose parsed url   host: null,
25 verbose parsed url   port: null,
25 verbose parsed url   hostname: null,
25 verbose parsed url   hash: null,
25 verbose parsed url   search: null,
25 verbose parsed url   query: null,
25 verbose parsed url   pathname: '~0.9.1',
25 verbose parsed url   path: '~0.9.1',
25 verbose parsed url   href: '~0.9.1' }
26 verbose addNamed [ 'consolidate', '~0.9.1' ]
27 verbose addNamed [ null, '>=0.9.1-0 <0.10.0-0' ]
28 verbose cache add name="express" spec="~3.5" args=["express","~3.5"]
29 verbose parsed url { protocol: null,
29 verbose parsed url   slashes: null,
29 verbose parsed url   auth: null,
29 verbose parsed url   host: null,
29 verbose parsed url   port: null,
29 verbose parsed url   hostname: null,
29 verbose parsed url   hash: null,
29 verbose parsed url   search: null,
29 verbose parsed url   query: null,
29 verbose parsed url   pathname: '~3.5',
29 verbose parsed url   path: '~3.5',
29 verbose parsed url   href: '~3.5' }
30 verbose addNamed [ 'express', '~3.5' ]
31 verbose addNamed [ null, '>=3.5.0-0 <3.6.0-0' ]
32 verbose cache add [ 'swig@~0.14.0', null ]
33 verbose cache add name=undefined spec="swig@~0.14.0" args=["swig@~0.14.0",null]
34 verbose parsed url { protocol: null,
34 verbose parsed url   slashes: null,
34 verbose parsed url   auth: null,
34 verbose parsed url   host: null,
34 verbose parsed url   port: null,
34 verbose parsed url   hostname: null,
34 verbose parsed url   hash: null,
34 verbose parsed url   search: null,
34 verbose parsed url   query: null,
34 verbose parsed url   pathname: 'swig@~0.14.0',
34 verbose parsed url   path: 'swig@~0.14.0',
34 verbose parsed url   href: 'swig@~0.14.0' }
35 verbose cache add name="mongodb" spec="~1.3.9" args=["mongodb","~1.3.9"]
36 verbose parsed url { protocol: null,
36 verbose parsed url   slashes: null,
36 verbose parsed url   auth: null,
36 verbose parsed url   host: null,
36 verbose parsed url   port: null,
36 verbose parsed url   hostname: null,
36 verbose parsed url   hash: null,
36 verbose parsed url   search: null,
36 verbose parsed url   query: null,
36 verbose parsed url   pathname: '~1.3.9',
36 verbose parsed url   path: '~1.3.9',
36 verbose parsed url   href: '~1.3.9' }
37 verbose addNamed [ 'mongodb', '~1.3.9' ]
38 verbose addNamed [ null, '>=1.3.9-0 <1.4.0-0' ]
39 silly lockFile bff3bad1-bcrypt-nodejs-0-0-3 bcrypt-nodejs@~0.0.3
40 verbose lock bcrypt-nodejs@~0.0.3 /Users/peiyang/.npm/bff3bad1-bcrypt-nodejs-0-0-3.lock
41 silly lockFile 25e694a9-consolidate-0-9-1 consolidate@~0.9.1
42 verbose lock consolidate@~0.9.1 /Users/peiyang/.npm/25e694a9-consolidate-0-9-1.lock
43 silly lockFile ded93d9f-express-3-5 express@~3.5
44 verbose lock express@~3.5 /Users/peiyang/.npm/ded93d9f-express-3-5.lock
45 silly lockFile 8b06adb6-mongodb-1-3-9 mongodb@~1.3.9
46 verbose lock mongodb@~1.3.9 /Users/peiyang/.npm/8b06adb6-mongodb-1-3-9.lock
47 verbose cache add [ 'validator@~1.1.3', null ]
48 verbose cache add name=undefined spec="validator@~1.1.3" args=["validator@~1.1.3",null]
49 verbose parsed url { protocol: null,
49 verbose parsed url   slashes: null,
49 verbose parsed url   auth: null,
49 verbose parsed url   host: null,
49 verbose parsed url   port: null,
49 verbose parsed url   hostname: null,
49 verbose parsed url   hash: null,
49 verbose parsed url   search: null,
49 verbose parsed url   query: null,
49 verbose parsed url   pathname: 'validator@~1.1.3',
49 verbose parsed url   path: 'validator@~1.1.3',
49 verbose parsed url   href: 'validator@~1.1.3' }
50 verbose cache add name="swig" spec="~0.14.0" args=["swig","~0.14.0"]
51 verbose parsed url { protocol: null,
51 verbose parsed url   slashes: null,
51 verbose parsed url   auth: null,
51 verbose parsed url   host: null,
51 verbose parsed url   port: null,
51 verbose parsed url   hostname: null,
51 verbose parsed url   hash: null,
51 verbose parsed url   search: null,
51 verbose parsed url   query: null,
51 verbose parsed url   pathname: '~0.14.0',
51 verbose parsed url   path: '~0.14.0',
51 verbose parsed url   href: '~0.14.0' }
52 verbose addNamed [ 'swig', '~0.14.0' ]
53 verbose addNamed [ null, '>=0.14.0-0 <0.15.0-0' ]
54 silly lockFile a7d16bf6-swig-0-14-0 swig@~0.14.0
55 verbose lock swig@~0.14.0 /Users/peiyang/.npm/a7d16bf6-swig-0-14-0.lock
56 verbose cache add name="validator" spec="~1.1.3" args=["validator","~1.1.3"]
57 verbose parsed url { protocol: null,
57 verbose parsed url   slashes: null,
57 verbose parsed url   auth: null,
57 verbose parsed url   host: null,
57 verbose parsed url   port: null,
57 verbose parsed url   hostname: null,
57 verbose parsed url   hash: null,
57 verbose parsed url   search: null,
57 verbose parsed url   query: null,
57 verbose parsed url   pathname: '~1.1.3',
57 verbose parsed url   path: '~1.1.3',
57 verbose parsed url   href: '~1.1.3' }
58 verbose addNamed [ 'validator', '~1.1.3' ]
59 verbose addNamed [ null, '>=1.1.3-0 <1.2.0-0' ]
60 silly lockFile 035ef02a-validator-1-1-3 validator@~1.1.3
61 verbose lock validator@~1.1.3 /Users/peiyang/.npm/035ef02a-validator-1-1-3.lock
62 silly addNameRange { name: 'bcrypt-nodejs',
62 silly addNameRange   range: '>=0.0.3-0 <0.1.0-0',
62 silly addNameRange   hasData: false }
63 silly addNameRange { name: 'consolidate',
63 silly addNameRange   range: '>=0.9.1-0 <0.10.0-0',
63 silly addNameRange   hasData: false }
64 silly addNameRange { name: 'express', range: '>=3.5.0-0 <3.6.0-0', hasData: false }
65 silly addNameRange { name: 'mongodb', range: '>=1.3.9-0 <1.4.0-0', hasData: false }
66 silly addNameRange { name: 'swig', range: '>=0.14.0-0 <0.15.0-0', hasData: false }
67 silly addNameRange { name: 'validator',
67 silly addNameRange   range: '>=1.1.3-0 <1.2.0-0',
67 silly addNameRange   hasData: false }
68 verbose request where is /bcrypt-nodejs
69 verbose request registry https://registry.npmjs.org/
70 verbose request id 989b1462218f331d
71 verbose url raw /bcrypt-nodejs
72 verbose url resolving [ 'https://registry.npmjs.org/', './bcrypt-nodejs' ]
73 verbose url resolved https://registry.npmjs.org/bcrypt-nodejs
74 verbose request where is https://registry.npmjs.org/bcrypt-nodejs
75 info trying registry request attempt 1 at 13:54:31
76 verbose etag "BU3JX5L0MNOLY9A0IPJI5PC6M"
77 http GET https://registry.npmjs.org/bcrypt-nodejs
78 verbose request where is /consolidate
79 verbose request registry https://registry.npmjs.org/
80 verbose url raw /consolidate
81 verbose url resolving [ 'https://registry.npmjs.org/', './consolidate' ]
82 verbose url resolved https://registry.npmjs.org/consolidate
83 verbose request where is https://registry.npmjs.org/consolidate
84 info trying registry request attempt 1 at 13:54:31
85 verbose etag "6U3R0HCGDTHVQ9E8SV7CRFUHK"
86 http GET https://registry.npmjs.org/consolidate
87 verbose request where is /express
88 verbose request registry https://registry.npmjs.org/
89 verbose url raw /express
90 verbose url resolving [ 'https://registry.npmjs.org/', './express' ]
91 verbose url resolved https://registry.npmjs.org/express
92 verbose request where is https://registry.npmjs.org/express
93 info trying registry request attempt 1 at 13:54:31
94 verbose etag "7MXEFLF4JL6AYGCYSTTYJE0FM"
95 http GET https://registry.npmjs.org/express
96 verbose request where is /mongodb
97 verbose request registry https://registry.npmjs.org/
98 verbose url raw /mongodb
99 verbose url resolving [ 'https://registry.npmjs.org/', './mongodb' ]
100 verbose url resolved https://registry.npmjs.org/mongodb
101 verbose request where is https://registry.npmjs.org/mongodb
102 info trying registry request attempt 1 at 13:54:31
103 verbose etag "DSUQ4QECFLLBP7XAQ20ONMUQY"
104 http GET https://registry.npmjs.org/mongodb
105 verbose request where is /swig
106 verbose request registry https://registry.npmjs.org/
107 verbose url raw /swig
108 verbose url resolving [ 'https://registry.npmjs.org/', './swig' ]
109 verbose url resolved https://registry.npmjs.org/swig
110 verbose request where is https://registry.npmjs.org/swig
111 info trying registry request attempt 1 at 13:54:31
112 verbose etag "380ZLU2AMX01X8OU5IKHSD72J"
113 http GET https://registry.npmjs.org/swig
114 verbose request where is /validator
115 verbose request registry https://registry.npmjs.org/
116 verbose url raw /validator
117 verbose url resolving [ 'https://registry.npmjs.org/', './validator' ]
118 verbose url resolved https://registry.npmjs.org/validator
119 verbose request where is https://registry.npmjs.org/validator
120 info trying registry request attempt 1 at 13:54:31
121 verbose etag "65691FB9J3PG4IYEBEVG2YY29"
122 http GET https://registry.npmjs.org/validator
123 http 304 https://registry.npmjs.org/mongodb
124 silly registry.get cb [ 304,
124 silly registry.get   { date: 'Sun, 25 Jan 2015 21:54:31 GMT',
124 silly registry.get     server: 'Apache',
124 silly registry.get     via: '1.1 varnish',
124 silly registry.get     'last-modified': 'Sun, 25 Jan 2015 21:54:31 GMT',
124 silly registry.get     'cache-control': 'max-age=60',
124 silly registry.get     etag: '"DSUQ4QECFLLBP7XAQ20ONMUQY"',
124 silly registry.get     age: '0',
124 silly registry.get     'x-served-by': 'cache-lax1435-LAX',
124 silly registry.get     'x-cache': 'HIT',
124 silly registry.get     'x-cache-hits': '1',
124 silly registry.get     'x-timer': 'S1422222871.884090,VS0,VE42',
124 silly registry.get     vary: 'Accept',
124 silly registry.get     'content-length': '0',
124 silly registry.get     'keep-alive': 'timeout=10, max=50',
124 silly registry.get     connection: 'Keep-Alive' } ]
125 verbose etag https://registry.npmjs.org/mongodb from cache
126 silly addNameRange number 2 { name: 'mongodb', range: '>=1.3.9-0 <1.4.0-0', hasData: true }
127 silly addNameRange versions [ 'mongodb',
127 silly addNameRange   [ '0.9.4',
127 silly addNameRange     '0.9.4-4',
127 silly addNameRange     '0.9.3',
127 silly addNameRange     '0.9.1',
127 silly addNameRange     '0.9.2',
127 silly addNameRange     '0.9.6-7',
127 silly addNameRange     '0.9.6-8',
127 silly addNameRange     '0.9.6-9',
127 silly addNameRange     '0.9.6-10',
127 silly addNameRange     '0.9.6-11',
127 silly addNameRange     '0.9.6-12',
127 silly addNameRange     '0.9.6-13',
127 silly addNameRange     '0.9.6-14',
127 silly addNameRange     '0.9.6-15',
127 silly addNameRange     '0.9.6-16',
127 silly addNameRange     '0.9.6-17',
127 silly addNameRange     '0.9.6-18',
127 silly addNameRange     '0.9.6-19',
127 silly addNameRange     '0.9.6-20',
127 silly addNameRange     '0.9.6-21',
127 silly addNameRange     '0.9.6-22',
127 silly addNameRange     '0.9.6-23',
127 silly addNameRange     '0.9.7',
127 silly addNameRange     '0.9.7-0',
127 silly addNameRange     '0.9.7-1',
127 silly addNameRange     '0.9.7-1.1',
127 silly addNameRange     '0.9.7-1.2',
127 silly addNameRange     '0.9.7-1.3',
127 silly addNameRange     '0.9.7-1.4',
127 silly addNameRange     '0.9.7-2',
127 silly addNameRange     '0.9.7-2-1',
127 silly addNameRange     '0.9.7-2-2',
127 silly addNameRange     '0.9.7-2-3',
127 silly addNameRange     '0.9.7-2-4',
127 silly addNameRange     '0.9.7-2-5',
127 silly addNameRange     '0.9.7-3',
127 silly addNameRange     '0.9.7-3-1',
127 silly addNameRange     '0.9.7-3-2',
127 silly addNameRange     '0.9.7-3-3',
127 silly addNameRange     '0.9.7-3-4',
127 silly addNameRange     '0.9.7-3-5',
127 silly addNameRange     '0.9.8',
127 silly addNameRange     '0.9.8-1',
127 silly addNameRange     '0.9.8-2',
127 silly addNameRange     '0.9.8-3',
127 silly addNameRange     '0.9.8-4',
127 silly addNameRange     '0.9.8-5',
127 silly addNameRange     '0.9.8-6',
127 silly addNameRange     '0.9.8-7',
127 silly addNameRange     '0.9.9',
127 silly addNameRange     '0.9.9-1',
127 silly addNameRange     '0.9.9-2',
127 silly addNameRange     '0.9.9-3',
127 silly addNameRange     '0.9.9-4',
127 silly addNameRange     '0.9.9-5',
127 silly addNameRange     '0.9.9-6',
127 silly addNameRange     '0.9.9-7',
127 silly addNameRange     '0.9.9-8',
127 silly addNameRange     '1.0.0',
127 silly addNameRange     '1.0.1',
127 silly addNameRange     '1.0.2',
127 silly addNameRange     '1.1.0-beta',
127 silly addNameRange     '1.1.0',
127 silly addNameRange     '1.1.1',
127 silly addNameRange     '1.1.2',
127 silly addNameRange     '1.1.3',
127 silly addNameRange     '1.1.4',
127 silly addNameRange     '1.1.5',
127 silly addNameRange     '1.1.6',
127 silly addNameRange     '1.1.7',
127 silly addNameRange     '1.1.8',
127 silly addNameRange     '1.1.9',
127 silly addNameRange     '1.1.10',
127 silly addNameRange     '1.1.11',
127 silly addNameRange     '1.2.0',
127 silly addNameRange     '1.2.1',
127 silly addNameRange     '1.2.2',
127 silly addNameRange     '1.2.3',
127 silly addNameRange     '1.2.4',
127 silly addNameRange     '1.2.5',
127 silly addNameRange     '1.2.6',
127 silly addNameRange     '1.2.7',
127 silly addNameRange     '1.2.8',
127 silly addNameRange     '1.2.9',
127 silly addNameRange     '1.2.10',
127 silly addNameRange     '1.2.11',
127 silly addNameRange     '1.2.12',
127 silly addNameRange     '1.2.13',
127 silly addNameRange     '1.2.14',
127 silly addNameRange     '1.3.0',
127 silly addNameRange     '1.3.1',
127 silly addNameRange     '1.3.2',
127 silly addNameRange     '1.3.3',
127 silly addNameRange     '1.3.4',
127 silly addNameRange     '1.3.5',
127 silly addNameRange     '1.3.6',
127 silly addNameRange     '1.3.7',
127 silly addNameRange     '1.3.8',
127 silly addNameRange     '1.3.9',
127 silly addNameRange     '1.3.10',
127 silly addNameRange     '1.3.11',
127 silly addNameRange     '1.3.12',
127 silly addNameRange     '1.3.14',
127 silly addNameRange     '1.3.15',
127 silly addNameRange     '1.3.17',
127 silly addNameRange     '1.3.18',
127 silly addNameRange     '1.3.19',
127 silly addNameRange     '1.4.0-rc2',
127 silly addNameRange     '1.3.20',
127 silly addNameRange     '1.4.0-rc3',
127 silly addNameRange     '1.3.21',
127 silly addNameRange     '1.3.22',
127 silly addNameRange     '1.3.23',
127 silly addNameRange     '1.4.0-rc4',
127 silly addNameRange     '1.4.0-rc5',
127 silly addNameRange     '1.4.0-rc6',
127 silly addNameRange     '1.4.0-rc7',
127 silly addNameRange     '1.4.0-rc8',
127 silly addNameRange     '1.4.0-rc9',
127 silly addNameRange     '1.4.0-rc10',
127 silly addNameRange     '1.4.0',
127 silly addNameRange     '1.4.1',
127 silly addNameRange     '1.4.2',
127 silly addNameRange     '1.4.3',
127 silly addNameRange     '1.4.4',
127 silly addNameRange     '1.4.5',
127 silly addNameRange     '1.4.6',
127 silly addNameRange     '1.4.7',
127 silly addNameRange     '1.4.8',
127 silly addNameRange     '1.4.9',
127 silly addNameRange     '1.4.10',
127 silly addNameRange     '2.0.0-alpha1',
127 silly addNameRange     '1.4.11',
127 silly addNameRange     '1.4.12',
127 silly addNameRange     '1.4.14',
127 silly addNameRange     '1.4.15',
127 silly addNameRange     '1.4.16',
127 silly addNameRange     '1.4.17',
127 silly addNameRange     '2.0.0-alpha2',
127 silly addNameRange     '1.4.18',
127 silly addNameRange     '2.0.0',
127 silly addNameRange     '2.0.1',
127 silly addNameRange     '2.0.2',
127 silly addNameRange     '1.4.19',
127 silly addNameRange     '2.0.3',
127 silly addNameRange     '2.0.4',
127 silly addNameRange     '2.0.5',
127 silly addNameRange     '2.0.6',
127 silly addNameRange     '1.4.20',
127 silly addNameRange     '1.4.22',
127 silly addNameRange     '2.0.7',
127 silly addNameRange     '2.0.8',
127 silly addNameRange     '2.0.9',
127 silly addNameRange     '1.4.23',
127 silly addNameRange     '2.0.10',
127 silly addNameRange     '1.4.24',
127 silly addNameRange     '2.0.11',
127 silly addNameRange     '1.4.25',
127 silly addNameRange     '2.0.12',
127 silly addNameRange     '1.4.26',
127 silly addNameRange     '1.4.27',
127 silly addNameRange     '1.4.28',
127 silly addNameRange     '2.0.13',
127 silly addNameRange     '2.0.14',
127 silly addNameRange     '1.4.29' ] ]
128 verbose addNamed [ 'mongodb', '1.3.23' ]
129 verbose addNamed [ '1.3.23', '1.3.23' ]
130 silly lockFile 130bb479-mongodb-1-3-23 mongodb@1.3.23
131 verbose lock mongodb@1.3.23 /Users/peiyang/.npm/130bb479-mongodb-1-3-23.lock
132 silly lockFile 130bb479-mongodb-1-3-23 mongodb@1.3.23
133 silly lockFile 130bb479-mongodb-1-3-23 mongodb@1.3.23
134 silly lockFile 8b06adb6-mongodb-1-3-9 mongodb@~1.3.9
135 silly lockFile 8b06adb6-mongodb-1-3-9 mongodb@~1.3.9
136 http 200 https://registry.npmjs.org/bcrypt-nodejs
137 silly registry.get cb [ 200,
137 silly registry.get   { date: 'Sun, 25 Jan 2015 21:54:31 GMT',
137 silly registry.get     server: 'CouchDB/1.5.0 (Erlang OTP/R14B04)',
137 silly registry.get     etag: '"C8KR74DP5A2IGA5C4QWQOYQ7O"',
137 silly registry.get     'content-type': 'application/json',
137 silly registry.get     'cache-control': 'max-age=60',
137 silly registry.get     'content-length': '21396',
137 silly registry.get     'accept-ranges': 'bytes',
137 silly registry.get     via: '1.1 varnish',
137 silly registry.get     age: '0',
137 silly registry.get     'x-served-by': 'cache-lax1434-LAX',
137 silly registry.get     'x-cache': 'MISS',
137 silly registry.get     'x-cache-hits': '0',
137 silly registry.get     'x-timer': 'S1422222871.887032,VS0,VE38',
137 silly registry.get     vary: 'Accept',
137 silly registry.get     'keep-alive': 'timeout=10, max=50',
137 silly registry.get     connection: 'Keep-Alive' } ]
138 silly addNameRange number 2 { name: 'bcrypt-nodejs',
138 silly addNameRange   range: '>=0.0.3-0 <0.1.0-0',
138 silly addNameRange   hasData: true }
139 silly addNameRange versions [ 'bcrypt-nodejs', [ '0.0.1', '0.0.2', '0.0.3' ] ]
140 verbose addNamed [ 'bcrypt-nodejs', '0.0.3' ]
141 verbose addNamed [ '0.0.3', '0.0.3' ]
142 silly lockFile 30db234c-bcrypt-nodejs-0-0-3 bcrypt-nodejs@0.0.3
143 verbose lock bcrypt-nodejs@0.0.3 /Users/peiyang/.npm/30db234c-bcrypt-nodejs-0-0-3.lock
144 silly lockFile 30db234c-bcrypt-nodejs-0-0-3 bcrypt-nodejs@0.0.3
145 silly lockFile 30db234c-bcrypt-nodejs-0-0-3 bcrypt-nodejs@0.0.3
146 silly lockFile bff3bad1-bcrypt-nodejs-0-0-3 bcrypt-nodejs@~0.0.3
147 silly lockFile bff3bad1-bcrypt-nodejs-0-0-3 bcrypt-nodejs@~0.0.3
148 http 200 https://registry.npmjs.org/consolidate
149 silly registry.get cb [ 200,
149 silly registry.get   { date: 'Sun, 25 Jan 2015 21:54:32 GMT',
149 silly registry.get     server: 'CouchDB/1.5.0 (Erlang OTP/R16B03)',
149 silly registry.get     etag: '"CLMCS10NVZJIF4EJ7GB9MXEZJ"',
149 silly registry.get     'content-type': 'application/json',
149 silly registry.get     'cache-control': 'max-age=60',
149 silly registry.get     'content-length': '20837',
149 silly registry.get     'accept-ranges': 'bytes',
149 silly registry.get     via: '1.1 varnish',
149 silly registry.get     age: '0',
149 silly registry.get     'x-served-by': 'cache-lax1435-LAX',
149 silly registry.get     'x-cache': 'HIT',
149 silly registry.get     'x-cache-hits': '1',
149 silly registry.get     'x-timer': 'S1422222871.887946,VS0,VE172',
149 silly registry.get     vary: 'Accept',
149 silly registry.get     'keep-alive': 'timeout=10, max=50',
149 silly registry.get     connection: 'Keep-Alive' } ]
150 silly addNameRange number 2 { name: 'consolidate',
150 silly addNameRange   range: '>=0.9.1-0 <0.10.0-0',
150 silly addNameRange   hasData: true }
151 silly addNameRange versions [ 'consolidate',
151 silly addNameRange   [ '0.0.1',
151 silly addNameRange     '0.1.0',
151 silly addNameRange     '0.2.0',
151 silly addNameRange     '0.3.0',
151 silly addNameRange     '0.3.1',
151 silly addNameRange     '0.4.0',
151 silly addNameRange     '0.5.0',
151 silly addNameRange     '0.6.0',
151 silly addNameRange     '0.7.0',
151 silly addNameRange     '0.8.0',
151 silly addNameRange     '0.9.0',
151 silly addNameRange     '0.9.1',
151 silly addNameRange     '0.10.0' ] ]
152 verbose addNamed [ 'consolidate', '0.9.1' ]
153 verbose addNamed [ '0.9.1', '0.9.1' ]
154 silly lockFile 8ae528db-consolidate-0-9-1 consolidate@0.9.1
155 verbose lock consolidate@0.9.1 /Users/peiyang/.npm/8ae528db-consolidate-0-9-1.lock
156 silly lockFile 8ae528db-consolidate-0-9-1 consolidate@0.9.1
157 silly lockFile 8ae528db-consolidate-0-9-1 consolidate@0.9.1
158 silly lockFile 25e694a9-consolidate-0-9-1 consolidate@~0.9.1
159 silly lockFile 25e694a9-consolidate-0-9-1 consolidate@~0.9.1
160 http 200 https://registry.npmjs.org/swig
161 silly registry.get cb [ 200,
161 silly registry.get   { date: 'Sun, 25 Jan 2015 21:54:32 GMT',
161 silly registry.get     server: 'CouchDB/1.5.0 (Erlang OTP/R16B03)',
161 silly registry.get     etag: '"AUQDR6WJYNQI1YIF73UZSJMY4"',
161 silly registry.get     'content-type': 'application/json',
161 silly registry.get     'cache-control': 'max-age=60',
161 silly registry.get     'content-length': '75841',
161 silly registry.get     'accept-ranges': 'bytes',
161 silly registry.get     via: '1.1 varnish',
161 silly registry.get     age: '0',
161 silly registry.get     'x-served-by': 'cache-lax1422-LAX',
161 silly registry.get     'x-cache': 'HIT',
161 silly registry.get     'x-cache-hits': '1',
161 silly registry.get     'x-timer': 'S1422222871.892828,VS0,VE172',
161 silly registry.get     vary: 'Accept',
161 silly registry.get     'keep-alive': 'timeout=10, max=50',
161 silly registry.get     connection: 'Keep-Alive' } ]
162 silly addNameRange number 2 { name: 'swig', range: '>=0.14.0-0 <0.15.0-0', hasData: true }
163 silly addNameRange versions [ 'swig',
163 silly addNameRange   [ '0.1.1',
163 silly addNameRange     '0.1.2',
163 silly addNameRange     '0.1.3',
163 silly addNameRange     '0.1.5',
163 silly addNameRange     '0.1.6',
163 silly addNameRange     '0.1.7',
163 silly addNameRange     '0.1.8',
163 silly addNameRange     '0.1.9',
163 silly addNameRange     '0.2.0',
163 silly addNameRange     '0.2.1',
163 silly addNameRange     '0.2.2',
163 silly addNameRange     '0.2.3',
163 silly addNameRange     '0.3.0',
163 silly addNameRange     '0.4.0',
163 silly addNameRange     '0.5.0',
163 silly addNameRange     '0.6.0',
163 silly addNameRange     '0.6.1',
163 silly addNameRange     '0.7.0',
163 silly addNameRange     '0.8.0',
163 silly addNameRange     '0.9.0',
163 silly addNameRange     '0.9.1',
163 silly addNameRange     '0.9.2',
163 silly addNameRange     '0.9.3',
163 silly addNameRange     '0.9.4',
163 silly addNameRange     '0.10.0',
163 silly addNameRange     '0.11.0',
163 silly addNameRange     '0.11.1',
163 silly addNameRange     '0.11.2',
163 silly addNameRange     '0.12.0',
163 silly addNameRange     '0.12.1',
163 silly addNameRange     '0.13.0',
163 silly addNameRange     '0.13.1',
163 silly addNameRange     '0.13.2',
163 silly addNameRange     '0.13.3',
163 silly addNameRange     '0.13.4',
163 silly addNameRange     '0.13.5',
163 silly addNameRange     '0.14.0',
163 silly addNameRange     '1.0.0-pre1',
163 silly addNameRange     '1.0.0-pre2',
163 silly addNameRange     '1.0.0-pre3',
163 silly addNameRange     '1.0.0-rc1',
163 silly addNameRange     '1.0.0-rc2',
163 silly addNameRange     '1.0.0-rc3',
163 silly addNameRange     '1.0.0',
163 silly addNameRange     '1.1.0',
163 silly addNameRange     '1.2.0',
163 silly addNameRange     '1.2.1',
163 silly addNameRange     '1.2.2',
163 silly addNameRange     '1.3.0',
163 silly addNameRange     '1.3.2',
163 silly addNameRange     '1.4.0',
163 silly addNameRange     '1.4.1',
163 silly addNameRange     '1.4.2' ] ]
164 verbose addNamed [ 'swig', '0.14.0' ]
165 verbose addNamed [ '0.14.0', '0.14.0' ]
166 silly lockFile ef70b243-swig-0-14-0 swig@0.14.0
167 verbose lock swig@0.14.0 /Users/peiyang/.npm/ef70b243-swig-0-14-0.lock
168 warn deprecated swig@0.14.0: v1.0.0 is a complete rewrite of Swig from the ground up. Previous versions are no longer supported
169 silly lockFile ef70b243-swig-0-14-0 swig@0.14.0
170 silly lockFile ef70b243-swig-0-14-0 swig@0.14.0
171 silly lockFile a7d16bf6-swig-0-14-0 swig@~0.14.0
172 silly lockFile a7d16bf6-swig-0-14-0 swig@~0.14.0
173 http 200 https://registry.npmjs.org/validator
174 silly registry.get cb [ 200,
174 silly registry.get   { date: 'Sun, 25 Jan 2015 21:54:32 GMT',
174 silly registry.get     server: 'CouchDB/1.5.0 (Erlang OTP/R16B03)',
174 silly registry.get     etag: '"7L16LT2CWO8ST76AM697C4XDY"',
174 silly registry.get     'content-type': 'application/json',
174 silly registry.get     'cache-control': 'max-age=60',
174 silly registry.get     'content-length': '150742',
174 silly registry.get     'accept-ranges': 'bytes',
174 silly registry.get     via: '1.1 varnish',
174 silly registry.get     age: '0',
174 silly registry.get     'x-served-by': 'cache-lax1435-LAX',
174 silly registry.get     'x-cache': 'HIT',
174 silly registry.get     'x-cache-hits': '1',
174 silly registry.get     'x-timer': 'S1422222872.027305,VS0,VE73',
174 silly registry.get     vary: 'Accept',
174 silly registry.get     'keep-alive': 'timeout=10, max=49',
174 silly registry.get     connection: 'Keep-Alive' } ]
175 silly addNameRange number 2 { name: 'validator', range: '>=1.1.3-0 <1.2.0-0', hasData: true }
176 silly addNameRange versions [ 'validator',
176 silly addNameRange   [ '0.1.0',
176 silly addNameRange     '0.1.1',
176 silly addNameRange     '0.1.2',
176 silly addNameRange     '0.1.3',
176 silly addNameRange     '0.1.4',
176 silly addNameRange     '0.1.5',
176 silly addNameRange     '0.1.6',
176 silly addNameRange     '0.1.7',
176 silly addNameRange     '0.1.8',
176 silly addNameRange     '0.1.9',
176 silly addNameRange     '0.2.0',
176 silly addNameRange     '0.2.1',
176 silly addNameRange     '0.2.2',
176 silly addNameRange     '0.2.3',
176 silly addNameRange     '0.2.4',
176 silly addNameRange     '0.2.5',
176 silly addNameRange     '0.2.6',
176 silly addNameRange     '0.2.7',
176 silly addNameRange     '0.2.8',
176 silly addNameRange     '0.2.9',
176 silly addNameRange     '0.3.0',
176 silly addNameRange     '0.3.1',
176 silly addNameRange     '0.3.2',
176 silly addNameRange     '0.3.4',
176 silly addNameRange     '0.3.5',
176 silly addNameRange     '0.3.6',
176 silly addNameRange     '0.3.7',
176 silly addNameRange     '0.3.8',
176 silly addNameRange     '0.3.9',
176 silly addNameRange     '0.4.0',
176 silly addNameRange     '0.4.1',
176 silly addNameRange     '0.4.2',
176 silly addNameRange     '0.4.3',
176 silly addNameRange     '0.4.4',
176 silly addNameRange     '0.4.5',
176 silly addNameRange     '0.4.6',
176 silly addNameRange     '0.4.6-1',
176 silly addNameRange     '0.4.6-2',
176 silly addNameRange     '0.4.6-3',
176 silly addNameRange     '0.4.7',
176 silly addNameRange     '0.4.8',
176 silly addNameRange     '0.4.9',
176 silly addNameRange     '0.4.10',
176 silly addNameRange     '0.4.11',
176 silly addNameRange     '0.4.12',
176 silly addNameRange     '0.4.13',
176 silly addNameRange     '0.4.15',
176 silly addNameRange     '0.4.16',
176 silly addNameRange     '0.4.17',
176 silly addNameRange     '0.4.18',
176 silly addNameRange     '0.4.19',
176 silly addNameRange     '0.4.20',
176 silly addNameRange     '0.4.21',
176 silly addNameRange     '0.4.22',
176 silly addNameRange     '0.4.23',
176 silly addNameRange     '0.4.24',
176 silly addNameRange     '0.4.25',
176 silly addNameRange     '0.4.27',
176 silly addNameRange     '0.4.28',
176 silly addNameRange     '0.5.0',
176 silly addNameRange     '1.0.0',
176 silly addNameRange     '1.1.0',
176 silly addNameRange     '1.1.1',
176 silly addNameRange     '1.1.2',
176 silly addNameRange     '1.1.3',
176 silly addNameRange     '1.2.0',
176 silly addNameRange     '1.2.1',
176 silly addNameRange     '1.2.2',
176 silly addNameRange     '1.3.0',
176 silly addNameRange     '1.4.0',
176 silly addNameRange     '1.5.0',
176 silly addNameRange     '1.5.1',
176 silly addNameRange     '2.0.0',
176 silly addNameRange     '2.1.0',
176 silly addNameRange     '3.0.0',
176 silly addNameRange     '3.1.0',
176 silly addNameRange     '3.2.0',
176 silly addNameRange     '3.2.1',
176 silly addNameRange     '3.3.0',
176 silly addNameRange     '3.4.0',
176 silly addNameRange     '3.5.0',
176 silly addNameRange     '3.5.1',
176 silly addNameRange     '3.6.0',
176 silly addNameRange     '3.7.0',
176 silly addNameRange     '3.8.0',
176 silly addNameRange     '3.9.0',
176 silly addNameRange     '3.10.0',
176 silly addNameRange     '3.11.0',
176 silly addNameRange     '3.11.1',
176 silly addNameRange     '3.11.2',
176 silly addNameRange     '3.12.0',
176 silly addNameRange     '3.13.0',
176 silly addNameRange     '3.14.0',
176 silly addNameRange     '3.14.1',
176 silly addNameRange     '3.15.0',
176 silly addNameRange     '3.16.0',
176 silly addNameRange     '3.16.1',
176 silly addNameRange     '3.17.0',
176 silly addNameRange     '3.17.1',
176 silly addNameRange     '3.17.2',
176 silly addNameRange     '3.18.0',
176 silly addNameRange     '3.18.1',
176 silly addNameRange     '3.19.0',
176 silly addNameRange     '3.19.1',
176 silly addNameRange     '3.20.0',
176 silly addNameRange     '3.21.0',
176 silly addNameRange     '3.22.0',
176 silly addNameRange     '3.22.1',
176 silly addNameRange     '3.22.2',
176 silly addNameRange     '3.23.0',
176 silly addNameRange     '3.24.0',
176 silly addNameRange     '3.25.0',
176 silly addNameRange     '3.26.0',
176 silly addNameRange     '3.27.0',
176 silly addNameRange     '3.28.0' ] ]
177 verbose addNamed [ 'validator', '1.1.3' ]
178 verbose addNamed [ '1.1.3', '1.1.3' ]
179 silly lockFile 6339be08-validator-1-1-3 validator@1.1.3
180 verbose lock validator@1.1.3 /Users/peiyang/.npm/6339be08-validator-1-1-3.lock
181 silly lockFile 6339be08-validator-1-1-3 validator@1.1.3
182 silly lockFile 6339be08-validator-1-1-3 validator@1.1.3
183 silly lockFile 035ef02a-validator-1-1-3 validator@~1.1.3
184 silly lockFile 035ef02a-validator-1-1-3 validator@~1.1.3
185 http 200 https://registry.npmjs.org/express
186 silly registry.get cb [ 200,
186 silly registry.get   { date: 'Sun, 25 Jan 2015 21:54:31 GMT',
186 silly registry.get     server: 'CouchDB/1.5.0 (Erlang OTP/R16B03)',
186 silly registry.get     etag: '"1FOC043YDGHUW9EN9I4H0IK41"',
186 silly registry.get     'content-type': 'application/json',
186 silly registry.get     'cache-control': 'max-age=60',
186 silly registry.get     'content-length': '463664',
186 silly registry.get     'accept-ranges': 'bytes',
186 silly registry.get     via: '1.1 varnish',
186 silly registry.get     age: '36',
186 silly registry.get     'x-served-by': 'cache-lax1423-LAX',
186 silly registry.get     'x-cache': 'HIT',
186 silly registry.get     'x-cache-hits': '1',
186 silly registry.get     'x-timer': 'S1422222871.885224,VS0,VE1',
186 silly registry.get     vary: 'Accept',
186 silly registry.get     'keep-alive': 'timeout=10, max=50',
186 silly registry.get     connection: 'Keep-Alive' } ]
187 silly addNameRange number 2 { name: 'express', range: '>=3.5.0-0 <3.6.0-0', hasData: true }
188 silly addNameRange versions [ 'express',
188 silly addNameRange   [ '0.14.0',
188 silly addNameRange     '0.14.1',
188 silly addNameRange     '1.0.0',
188 silly addNameRange     '1.0.1',
188 silly addNameRange     '1.0.2',
188 silly addNameRange     '1.0.3',
188 silly addNameRange     '1.0.4',
188 silly addNameRange     '1.0.5',
188 silly addNameRange     '1.0.6',
188 silly addNameRange     '1.0.7',
188 silly addNameRange     '1.0.8',
188 silly addNameRange     '2.0.0',
188 silly addNameRange     '2.1.0',
188 silly addNameRange     '2.1.1',
188 silly addNameRange     '2.2.0',
188 silly addNameRange     '2.2.1',
188 silly addNameRange     '2.2.2',
188 silly addNameRange     '2.3.0',
188 silly addNameRange     '2.3.1',
188 silly addNameRange     '2.3.2',
188 silly addNameRange     '2.3.3',
188 silly addNameRange     '2.3.4',
188 silly addNameRange     '2.3.5',
188 silly addNameRange     '2.3.6',
188 silly addNameRange     '2.3.7',
188 silly addNameRange     '2.3.8',
188 silly addNameRange     '2.3.9',
188 silly addNameRange     '2.3.10',
188 silly addNameRange     '2.3.11',
188 silly addNameRange     '2.3.12',
188 silly addNameRange     '2.4.0',
188 silly addNameRange     '2.4.1',
188 silly addNameRange     '2.4.2',
188 silly addNameRange     '2.4.3',
188 silly addNameRange     '2.4.4',
188 silly addNameRange     '2.4.5',
188 silly addNameRange     '2.4.6',
188 silly addNameRange     '2.4.7',
188 silly addNameRange     '2.5.0',
188 silly addNameRange     '2.5.1',
188 silly addNameRange     '2.5.2',
188 silly addNameRange     '2.5.3',
188 silly addNameRange     '2.5.4',
188 silly addNameRange     '2.5.5',
188 silly addNameRange     '2.5.6',
188 silly addNameRange     '2.5.7',
188 silly addNameRange     '2.5.8',
188 silly addNameRange     '2.5.9',
188 silly addNameRange     '2.5.10',
188 silly addNameRange     '2.5.11',
188 silly addNameRange     '3.0.0',
188 silly addNameRange     '3.0.1',
188 silly addNameRange     '3.0.2',
188 silly addNameRange     '3.0.3',
188 silly addNameRange     '3.0.4',
188 silly addNameRange     '3.0.5',
188 silly addNameRange     '3.0.6',
188 silly addNameRange     '3.1.0',
188 silly addNameRange     '3.1.1',
188 silly addNameRange     '3.1.2',
188 silly addNameRange     '3.2.0',
188 silly addNameRange     '3.2.1',
188 silly addNameRange     '3.2.2',
188 silly addNameRange     '3.2.3',
188 silly addNameRange     '3.2.4',
188 silly addNameRange     '3.2.5',
188 silly addNameRange     '3.2.6',
188 silly addNameRange     '3.3.0',
188 silly addNameRange     '3.3.1',
188 silly addNameRange     '3.3.2',
188 silly addNameRange     '3.3.3',
188 silly addNameRange     '3.3.4',
188 silly addNameRange     '3.3.5',
188 silly addNameRange     '3.3.6',
188 silly addNameRange     '1.0.0-beta',
188 silly addNameRange     '1.0.0-beta2',
188 silly addNameRange     '1.0.0-rc',
188 silly addNameRange     '1.0.0-rc2',
188 silly addNameRange     '1.0.0-rc3',
188 silly addNameRange     '1.0.0-rc4',
188 silly addNameRange     '2.0.0-beta',
188 silly addNameRange     '2.0.0-beta2',
188 silly addNameRange     '2.0.0-beta3',
188 silly addNameRange     '2.0.0-rc',
188 silly addNameRange     '2.0.0-rc2',
188 silly addNameRange     '2.0.0-rc3',
188 silly addNameRange     '3.0.0-alpha1',
188 silly addNameRange     '3.0.0-alpha2',
188 silly addNameRange     '3.0.0-alpha3',
188 silly addNameRange     '3.0.0-alpha4',
188 silly addNameRange     '3.0.0-alpha5',
188 silly addNameRange     '3.0.0-beta1',
188 silly addNameRange     '3.0.0-beta2',
188 silly addNameRange     '3.0.0-beta3',
188 silly addNameRange     '3.0.0-beta4',
188 silly addNameRange     '3.0.0-beta6',
188 silly addNameRange     '3.0.0-beta7',
188 silly addNameRange     '3.0.0-rc1',
188 silly addNameRange     '3.0.0-rc2',
188 silly addNameRange     '3.0.0-rc3',
188 silly addNameRange     '3.0.0-rc4',
188 silly addNameRange     '3.0.0-rc5',
188 silly addNameRange     '3.3.7',
188 silly addNameRange     '3.3.8',
188 silly addNameRange     '3.4.0',
188 silly addNameRange     '3.4.1',
188 silly addNameRange     '3.4.2',
188 silly addNameRange     '3.4.3',
188 silly addNameRange     '3.4.4',
188 silly addNameRange     '3.4.5',
188 silly addNameRange     '3.4.6',
188 silly addNameRange     '3.4.7',
188 silly addNameRange     '3.4.8',
188 silly addNameRange     '4.0.0-rc1',
188 silly addNameRange     '4.0.0-rc2',
188 silly addNameRange     '3.5.0',
188 silly addNameRange     '4.0.0-rc3',
188 silly addNameRange     '4.0.0-rc4',
188 silly addNameRange     '3.5.1',
188 silly addNameRange     '4.0.0',
188 silly addNameRange     '3.5.2',
188 silly addNameRange     '4.1.0',
188 silly addNameRange     '4.1.1',
188 silly addNameRange     '3.5.3',
188 silly addNameRange     '4.1.2',
188 silly addNameRange     '3.6.0',
188 silly addNameRange     '4.2.0',
188 silly addNameRange     '3.7.0',
188 silly addNameRange     '3.8.0',
188 silly addNameRange     '4.3.0',
188 silly addNameRange     '4.3.1',
188 silly addNameRange     '3.8.1',
188 silly addNameRange     '4.3.2',
188 silly addNameRange     '3.9.0',
188 silly addNameRange     '4.4.0',
188 silly addNameRange     '4.4.1',
188 silly addNameRange     '3.10.0',
188 silly addNameRange     '3.10.1',
188 silly addNameRange     '3.10.2',
188 silly addNameRange     '3.10.3',
188 silly addNameRange     '3.10.4',
188 silly addNameRange     '4.4.2',
188 silly addNameRange     '3.10.5',
188 silly addNameRange     '4.4.3',
188 silly addNameRange     '3.11.0',
188 silly addNameRange     '4.4.4',
188 silly addNameRange     '3.12.0',
188 silly addNameRange     '3.12.1',
188 silly addNameRange     '4.4.5',
188 silly addNameRange     '3.13.0',
188 silly addNameRange     '4.5.0',
188 silly addNameRange     '4.5.1',
188 silly addNameRange     '3.14.0',
188 silly addNameRange     '4.6.0',
188 silly addNameRange     '4.6.1',
188 silly addNameRange     '3.15.0',
188 silly addNameRange     '4.7.0',
188 silly addNameRange     '3.15.1',
188 silly addNameRange     '4.7.1',
188 silly addNameRange     '3.15.2',
188 silly addNameRange     '4.7.2',
188 silly addNameRange     '4.7.3',
188 silly addNameRange     '3.15.3',
188 silly addNameRange     '4.7.4',
188 silly addNameRange     '3.16.0',
188 silly addNameRange     '4.8.0',
188 silly addNameRange     '3.16.1',
188 silly addNameRange     '4.8.1',
188 silly addNameRange     '3.16.2',
188 silly addNameRange     '4.8.2',
188 silly addNameRange     '3.16.3',
188 silly addNameRange     '3.16.4',
188 silly addNameRange     '4.8.3',
188 silly addNameRange     '3.16.5',
188 silly addNameRange     '3.16.6',
188 silly addNameRange     '4.8.4',
188 silly addNameRange     '3.16.7',
188 silly addNameRange     '4.8.5',
188 silly addNameRange     '3.16.8',
188 silly addNameRange     '4.8.6',
188 silly addNameRange     '3.16.9',
188 silly addNameRange     '4.8.7',
188 silly addNameRange     '3.16.10',
188 silly addNameRange     '4.8.8',
188 silly addNameRange     '3.17.0',
188 silly addNameRange     '3.17.1',
188 silly addNameRange     '4.9.0',
188 silly addNameRange     '3.17.2',
188 silly addNameRange     '4.9.1',
188 silly addNameRange     '4.9.2',
188 silly addNameRange     '3.17.3',
188 silly addNameRange     '4.9.3',
188 silly addNameRange     '3.17.4',
188 silly addNameRange     '4.9.4',
188 silly addNameRange     '3.17.5',
188 silly addNameRange     '4.9.5',
188 silly addNameRange     '3.17.6',
188 silly addNameRange     '3.17.7',
188 silly addNameRange     '4.9.6',
188 silly addNameRange     '4.9.7',
188 silly addNameRange     '3.17.8',
188 silly addNameRange     '4.9.8',
188 silly addNameRange     '3.18.0',
188 silly addNameRange     '3.18.1',
188 silly addNameRange     '4.10.0',
188 silly addNameRange     '3.18.2',
188 silly addNameRange     '4.10.1',
188 silly addNameRange     '5.0.0-alpha.1',
188 silly addNameRange     '3.18.3',
188 silly addNameRange     '4.10.2',
188 silly addNameRange     '3.18.4',
188 silly addNameRange     '4.10.3',
188 silly addNameRange     '4.10.4',
188 silly addNameRange     '4.10.5',
188 silly addNameRange     '3.18.5',
188 silly addNameRange     '3.18.6',
188 silly addNameRange     '4.10.6',
188 silly addNameRange     '4.10.7',
188 silly addNameRange     '3.19.0',
188 silly addNameRange     '4.10.8',
188 silly addNameRange     '4.11.0',
188 silly addNameRange     '3.19.1',
188 silly addNameRange     '4.11.1' ] ]
189 verbose addNamed [ 'express', '3.5.3' ]
190 verbose addNamed [ '3.5.3', '3.5.3' ]
191 silly lockFile 148dd9c0-express-3-5-3 express@3.5.3
192 verbose lock express@3.5.3 /Users/peiyang/.npm/148dd9c0-express-3-5-3.lock
193 silly lockFile 4b9caed6-js-org-express-express-3-5-3-tgz https://registry.npmjs.org/express/-/express-3.5.3.tgz
194 verbose lock https://registry.npmjs.org/express/-/express-3.5.3.tgz /Users/peiyang/.npm/4b9caed6-js-org-express-express-3-5-3-tgz.lock
195 verbose addRemoteTarball [ 'https://registry.npmjs.org/express/-/express-3.5.3.tgz',
195 verbose addRemoteTarball   'af440e1ddad078934ec78241420b40bbc56dc2ad' ]
196 info retry fetch attempt 1 at 13:54:33
197 verbose fetch to= /var/folders/ln/vp5rgr314xn7zj3xb18lbp2h0000gn/T/npm-3732-WYGcG69E/registry.npmjs.org/express/-/express-3.5.3.tgz
198 http GET https://registry.npmjs.org/express/-/express-3.5.3.tgz
199 http 200 https://registry.npmjs.org/express/-/express-3.5.3.tgz
200 silly lockFile 4b9caed6-js-org-express-express-3-5-3-tgz https://registry.npmjs.org/express/-/express-3.5.3.tgz
201 silly lockFile 4b9caed6-js-org-express-express-3-5-3-tgz https://registry.npmjs.org/express/-/express-3.5.3.tgz
202 silly lockFile 148dd9c0-express-3-5-3 express@3.5.3
203 silly lockFile 148dd9c0-express-3-5-3 express@3.5.3
204 silly lockFile ded93d9f-express-3-5 express@~3.5
205 silly lockFile ded93d9f-express-3-5 express@~3.5
206 error Error: EACCES, mkdir '/Users/peiyang/.npm/express/3.5.3'
206 error  { [Error: EACCES, mkdir '/Users/peiyang/.npm/express/3.5.3']
206 error   errno: 3,
206 error   code: 'EACCES',
206 error   path: '/Users/peiyang/.npm/express/3.5.3',
206 error   parent: 'blog' }
207 error Please try running this command again as root/Administrator.
208 error System Darwin 14.0.0
209 error command "node" "/usr/local/bin/npm" "install"
210 error cwd /Users/peiyang/Documents/Online Course/MongoDB/Nodejs/hw3-2and3-3/blog
211 error node -v v0.10.33
212 error npm -v 1.4.28
213 error path /Users/peiyang/.npm/express/3.5.3
214 error code EACCES
215 error errno 3
216 error stack Error: EACCES, mkdir '/Users/peiyang/.npm/express/3.5.3'
217 verbose exit [ 3, true ]
