0 info it worked if it ends with ok
1 verbose cli [ 'node', '/usr/local/bin/npm', 'install' ]
2 info using npm@1.4.28
3 info using node@v0.10.33
4 verbose readDependencies using package.json deps
5 verbose install where, deps [ '/Users/peiyang/Documents/Online Course/MongoDB/Nodejs/hw6-5',
5 verbose install   [ 'commander', 'mongodb' ] ]
6 info preinstall validate@0.0.0
7 verbose readDependencies using package.json deps
8 verbose cache add [ 'commander@~2.0.0', null ]
9 verbose cache add name=undefined spec="commander@~2.0.0" args=["commander@~2.0.0",null]
10 verbose parsed url { protocol: null,
10 verbose parsed url   slashes: null,
10 verbose parsed url   auth: null,
10 verbose parsed url   host: null,
10 verbose parsed url   port: null,
10 verbose parsed url   hostname: null,
10 verbose parsed url   hash: null,
10 verbose parsed url   search: null,
10 verbose parsed url   query: null,
10 verbose parsed url   pathname: 'commander@~2.0.0',
10 verbose parsed url   path: 'commander@~2.0.0',
10 verbose parsed url   href: 'commander@~2.0.0' }
11 verbose cache add [ 'mongodb@~1.3.19', null ]
12 verbose cache add name=undefined spec="mongodb@~1.3.19" args=["mongodb@~1.3.19",null]
13 verbose parsed url { protocol: null,
13 verbose parsed url   slashes: null,
13 verbose parsed url   auth: null,
13 verbose parsed url   host: null,
13 verbose parsed url   port: null,
13 verbose parsed url   hostname: null,
13 verbose parsed url   hash: null,
13 verbose parsed url   search: null,
13 verbose parsed url   query: null,
13 verbose parsed url   pathname: 'mongodb@~1.3.19',
13 verbose parsed url   path: 'mongodb@~1.3.19',
13 verbose parsed url   href: 'mongodb@~1.3.19' }
14 verbose cache add name="commander" spec="~2.0.0" args=["commander","~2.0.0"]
15 verbose parsed url { protocol: null,
15 verbose parsed url   slashes: null,
15 verbose parsed url   auth: null,
15 verbose parsed url   host: null,
15 verbose parsed url   port: null,
15 verbose parsed url   hostname: null,
15 verbose parsed url   hash: null,
15 verbose parsed url   search: null,
15 verbose parsed url   query: null,
15 verbose parsed url   pathname: '~2.0.0',
15 verbose parsed url   path: '~2.0.0',
15 verbose parsed url   href: '~2.0.0' }
16 verbose addNamed [ 'commander', '~2.0.0' ]
17 verbose addNamed [ null, '>=2.0.0-0 <2.1.0-0' ]
18 verbose cache add name="mongodb" spec="~1.3.19" args=["mongodb","~1.3.19"]
19 verbose parsed url { protocol: null,
19 verbose parsed url   slashes: null,
19 verbose parsed url   auth: null,
19 verbose parsed url   host: null,
19 verbose parsed url   port: null,
19 verbose parsed url   hostname: null,
19 verbose parsed url   hash: null,
19 verbose parsed url   search: null,
19 verbose parsed url   query: null,
19 verbose parsed url   pathname: '~1.3.19',
19 verbose parsed url   path: '~1.3.19',
19 verbose parsed url   href: '~1.3.19' }
20 verbose addNamed [ 'mongodb', '~1.3.19' ]
21 verbose addNamed [ null, '>=1.3.19-0 <1.4.0-0' ]
22 silly lockFile 00733c5f-commander-2-0-0 commander@~2.0.0
23 verbose lock commander@~2.0.0 /Users/peiyang/.npm/00733c5f-commander-2-0-0.lock
24 silly lockFile dfbec363-mongodb-1-3-19 mongodb@~1.3.19
25 verbose lock mongodb@~1.3.19 /Users/peiyang/.npm/dfbec363-mongodb-1-3-19.lock
26 silly addNameRange { name: 'commander',
26 silly addNameRange   range: '>=2.0.0-0 <2.1.0-0',
26 silly addNameRange   hasData: false }
27 silly addNameRange { name: 'mongodb', range: '>=1.3.19-0 <1.4.0-0', hasData: false }
28 verbose request where is /commander
29 verbose request registry https://registry.npmjs.org/
30 verbose request id 065b6c452a1d999d
31 verbose url raw /commander
32 verbose url resolving [ 'https://registry.npmjs.org/', './commander' ]
33 verbose url resolved https://registry.npmjs.org/commander
34 verbose request where is https://registry.npmjs.org/commander
35 info trying registry request attempt 1 at 11:05:21
36 verbose etag "BBOJXXSEMFZZ7I21ZB7YFC59M"
37 http GET https://registry.npmjs.org/commander
38 verbose request where is /mongodb
39 verbose request registry https://registry.npmjs.org/
40 verbose url raw /mongodb
41 verbose url resolving [ 'https://registry.npmjs.org/', './mongodb' ]
42 verbose url resolved https://registry.npmjs.org/mongodb
43 verbose request where is https://registry.npmjs.org/mongodb
44 info trying registry request attempt 1 at 11:05:21
45 verbose etag "DSUQ4QECFLLBP7XAQ20ONMUQY"
46 http GET https://registry.npmjs.org/mongodb
47 http 200 https://registry.npmjs.org/commander
48 silly registry.get cb [ 200,
48 silly registry.get   { date: 'Sun, 15 Feb 2015 19:05:19 GMT',
48 silly registry.get     server: 'CouchDB/1.5.0 (Erlang OTP/R16B03)',
48 silly registry.get     etag: '"96Y6E2YBCD2WGYCFMSPQQ0JH0"',
48 silly registry.get     'content-type': 'application/json',
48 silly registry.get     'cache-control': 'max-age=60',
48 silly registry.get     'content-length': '50654',
48 silly registry.get     'accept-ranges': 'bytes',
48 silly registry.get     via: '1.1 varnish',
48 silly registry.get     age: '37',
48 silly registry.get     'x-served-by': 'cache-sjc3127-SJC',
48 silly registry.get     'x-cache': 'HIT',
48 silly registry.get     'x-cache-hits': '1',
48 silly registry.get     'x-timer': 'S1424027119.085682,VS0,VE0',
48 silly registry.get     vary: 'Accept',
48 silly registry.get     'keep-alive': 'timeout=10, max=50',
48 silly registry.get     connection: 'Keep-Alive' } ]
49 silly addNameRange number 2 { name: 'commander', range: '>=2.0.0-0 <2.1.0-0', hasData: true }
50 silly addNameRange versions [ 'commander',
50 silly addNameRange   [ '0.0.1',
50 silly addNameRange     '0.0.3',
50 silly addNameRange     '0.0.4',
50 silly addNameRange     '0.0.5',
50 silly addNameRange     '0.1.0',
50 silly addNameRange     '0.2.0',
50 silly addNameRange     '0.2.1',
50 silly addNameRange     '0.3.0',
50 silly addNameRange     '0.3.1',
50 silly addNameRange     '0.3.2',
50 silly addNameRange     '0.3.3',
50 silly addNameRange     '0.4.0',
50 silly addNameRange     '0.4.1',
50 silly addNameRange     '0.4.2',
50 silly addNameRange     '0.4.3',
50 silly addNameRange     '0.5.0',
50 silly addNameRange     '0.5.1',
50 silly addNameRange     '0.6.0',
50 silly addNameRange     '0.6.1',
50 silly addNameRange     '0.5.2',
50 silly addNameRange     '1.0.0',
50 silly addNameRange     '1.0.1',
50 silly addNameRange     '1.0.2',
50 silly addNameRange     '1.0.3',
50 silly addNameRange     '1.0.4',
50 silly addNameRange     '1.0.5',
50 silly addNameRange     '1.1.0',
50 silly addNameRange     '1.1.1',
50 silly addNameRange     '1.2.0',
50 silly addNameRange     '1.3.0',
50 silly addNameRange     '1.3.1',
50 silly addNameRange     '1.3.2',
50 silly addNameRange     '2.0.0',
50 silly addNameRange     '2.1.0',
50 silly addNameRange     '2.2.0',
50 silly addNameRange     '2.3.0',
50 silly addNameRange     '2.4.0',
50 silly addNameRange     '2.5.0',
50 silly addNameRange     '2.5.1',
50 silly addNameRange     '2.6.0' ] ]
51 verbose addNamed [ 'commander', '2.0.0' ]
52 verbose addNamed [ '2.0.0', '2.0.0' ]
53 silly lockFile d5315eb7-commander-2-0-0 commander@2.0.0
54 verbose lock commander@2.0.0 /Users/peiyang/.npm/d5315eb7-commander-2-0-0.lock
55 silly lockFile 420d0e3b-rg-commander-commander-2-0-0-tgz https://registry.npmjs.org/commander/-/commander-2.0.0.tgz
56 verbose lock https://registry.npmjs.org/commander/-/commander-2.0.0.tgz /Users/peiyang/.npm/420d0e3b-rg-commander-commander-2-0-0-tgz.lock
57 verbose addRemoteTarball [ 'https://registry.npmjs.org/commander/-/commander-2.0.0.tgz',
57 verbose addRemoteTarball   'd1b86f901f8b64bd941bdeadaf924530393be928' ]
58 info retry fetch attempt 1 at 11:05:21
59 verbose fetch to= /var/folders/ln/vp5rgr314xn7zj3xb18lbp2h0000gn/T/npm-29499-vRJ3ivP5/registry.npmjs.org/commander/-/commander-2.0.0.tgz
60 http GET https://registry.npmjs.org/commander/-/commander-2.0.0.tgz
61 http 200 https://registry.npmjs.org/commander/-/commander-2.0.0.tgz
62 silly lockFile 420d0e3b-rg-commander-commander-2-0-0-tgz https://registry.npmjs.org/commander/-/commander-2.0.0.tgz
63 silly lockFile 420d0e3b-rg-commander-commander-2-0-0-tgz https://registry.npmjs.org/commander/-/commander-2.0.0.tgz
64 silly lockFile d5315eb7-commander-2-0-0 commander@2.0.0
65 silly lockFile d5315eb7-commander-2-0-0 commander@2.0.0
66 silly lockFile 00733c5f-commander-2-0-0 commander@~2.0.0
67 silly lockFile 00733c5f-commander-2-0-0 commander@~2.0.0
68 http 200 https://registry.npmjs.org/mongodb
69 silly registry.get cb [ 200,
69 silly registry.get   { date: 'Sun, 15 Feb 2015 19:05:19 GMT',
69 silly registry.get     server: 'CouchDB/1.5.0 (Erlang OTP/R16B03)',
69 silly registry.get     etag: '"2XN78D7KH4X21RET23Z7DDKK6"',
69 silly registry.get     'content-type': 'application/json',
69 silly registry.get     'cache-control': 'max-age=60',
69 silly registry.get     'content-length': '420028',
69 silly registry.get     'accept-ranges': 'bytes',
69 silly registry.get     via: '1.1 varnish',
69 silly registry.get     age: '29',
69 silly registry.get     'x-served-by': 'cache-sjc3129-SJC',
69 silly registry.get     'x-cache': 'HIT',
69 silly registry.get     'x-cache-hits': '1',
69 silly registry.get     'x-timer': 'S1424027119.087174,VS0,VE1',
69 silly registry.get     vary: 'Accept',
69 silly registry.get     'keep-alive': 'timeout=10, max=50',
69 silly registry.get     connection: 'Keep-Alive' } ]
70 silly addNameRange number 2 { name: 'mongodb', range: '>=1.3.19-0 <1.4.0-0', hasData: true }
71 silly addNameRange versions [ 'mongodb',
71 silly addNameRange   [ '0.9.4',
71 silly addNameRange     '0.9.4-4',
71 silly addNameRange     '0.9.3',
71 silly addNameRange     '0.9.1',
71 silly addNameRange     '0.9.2',
71 silly addNameRange     '0.9.6-7',
71 silly addNameRange     '0.9.6-8',
71 silly addNameRange     '0.9.6-9',
71 silly addNameRange     '0.9.6-10',
71 silly addNameRange     '0.9.6-11',
71 silly addNameRange     '0.9.6-12',
71 silly addNameRange     '0.9.6-13',
71 silly addNameRange     '0.9.6-14',
71 silly addNameRange     '0.9.6-15',
71 silly addNameRange     '0.9.6-16',
71 silly addNameRange     '0.9.6-17',
71 silly addNameRange     '0.9.6-18',
71 silly addNameRange     '0.9.6-19',
71 silly addNameRange     '0.9.6-20',
71 silly addNameRange     '0.9.6-21',
71 silly addNameRange     '0.9.6-22',
71 silly addNameRange     '0.9.6-23',
71 silly addNameRange     '0.9.7',
71 silly addNameRange     '0.9.7-0',
71 silly addNameRange     '0.9.7-1',
71 silly addNameRange     '0.9.7-1.1',
71 silly addNameRange     '0.9.7-1.2',
71 silly addNameRange     '0.9.7-1.3',
71 silly addNameRange     '0.9.7-1.4',
71 silly addNameRange     '0.9.7-2',
71 silly addNameRange     '0.9.7-2-1',
71 silly addNameRange     '0.9.7-2-2',
71 silly addNameRange     '0.9.7-2-3',
71 silly addNameRange     '0.9.7-2-4',
71 silly addNameRange     '0.9.7-2-5',
71 silly addNameRange     '0.9.7-3',
71 silly addNameRange     '0.9.7-3-1',
71 silly addNameRange     '0.9.7-3-2',
71 silly addNameRange     '0.9.7-3-3',
71 silly addNameRange     '0.9.7-3-4',
71 silly addNameRange     '0.9.7-3-5',
71 silly addNameRange     '0.9.8',
71 silly addNameRange     '0.9.8-1',
71 silly addNameRange     '0.9.8-2',
71 silly addNameRange     '0.9.8-3',
71 silly addNameRange     '0.9.8-4',
71 silly addNameRange     '0.9.8-5',
71 silly addNameRange     '0.9.8-6',
71 silly addNameRange     '0.9.8-7',
71 silly addNameRange     '0.9.9',
71 silly addNameRange     '0.9.9-1',
71 silly addNameRange     '0.9.9-2',
71 silly addNameRange     '0.9.9-3',
71 silly addNameRange     '0.9.9-4',
71 silly addNameRange     '0.9.9-5',
71 silly addNameRange     '0.9.9-6',
71 silly addNameRange     '0.9.9-7',
71 silly addNameRange     '0.9.9-8',
71 silly addNameRange     '1.0.0',
71 silly addNameRange     '1.0.1',
71 silly addNameRange     '1.0.2',
71 silly addNameRange     '1.1.0-beta',
71 silly addNameRange     '1.1.0',
71 silly addNameRange     '1.1.1',
71 silly addNameRange     '1.1.2',
71 silly addNameRange     '1.1.3',
71 silly addNameRange     '1.1.4',
71 silly addNameRange     '1.1.5',
71 silly addNameRange     '1.1.6',
71 silly addNameRange     '1.1.7',
71 silly addNameRange     '1.1.8',
71 silly addNameRange     '1.1.9',
71 silly addNameRange     '1.1.10',
71 silly addNameRange     '1.1.11',
71 silly addNameRange     '1.2.0',
71 silly addNameRange     '1.2.1',
71 silly addNameRange     '1.2.2',
71 silly addNameRange     '1.2.3',
71 silly addNameRange     '1.2.4',
71 silly addNameRange     '1.2.5',
71 silly addNameRange     '1.2.6',
71 silly addNameRange     '1.2.7',
71 silly addNameRange     '1.2.8',
71 silly addNameRange     '1.2.9',
71 silly addNameRange     '1.2.10',
71 silly addNameRange     '1.2.11',
71 silly addNameRange     '1.2.12',
71 silly addNameRange     '1.2.13',
71 silly addNameRange     '1.2.14',
71 silly addNameRange     '1.3.0',
71 silly addNameRange     '1.3.1',
71 silly addNameRange     '1.3.2',
71 silly addNameRange     '1.3.3',
71 silly addNameRange     '1.3.4',
71 silly addNameRange     '1.3.5',
71 silly addNameRange     '1.3.6',
71 silly addNameRange     '1.3.7',
71 silly addNameRange     '1.3.8',
71 silly addNameRange     '1.3.9',
71 silly addNameRange     '1.3.10',
71 silly addNameRange     '1.3.11',
71 silly addNameRange     '1.3.12',
71 silly addNameRange     '1.3.14',
71 silly addNameRange     '1.3.15',
71 silly addNameRange     '1.3.17',
71 silly addNameRange     '1.3.18',
71 silly addNameRange     '1.3.19',
71 silly addNameRange     '1.4.0-rc2',
71 silly addNameRange     '1.3.20',
71 silly addNameRange     '1.4.0-rc3',
71 silly addNameRange     '1.3.21',
71 silly addNameRange     '1.3.22',
71 silly addNameRange     '1.3.23',
71 silly addNameRange     '1.4.0-rc4',
71 silly addNameRange     '1.4.0-rc5',
71 silly addNameRange     '1.4.0-rc6',
71 silly addNameRange     '1.4.0-rc7',
71 silly addNameRange     '1.4.0-rc8',
71 silly addNameRange     '1.4.0-rc9',
71 silly addNameRange     '1.4.0-rc10',
71 silly addNameRange     '1.4.0',
71 silly addNameRange     '1.4.1',
71 silly addNameRange     '1.4.2',
71 silly addNameRange     '1.4.3',
71 silly addNameRange     '1.4.4',
71 silly addNameRange     '1.4.5',
71 silly addNameRange     '1.4.6',
71 silly addNameRange     '1.4.7',
71 silly addNameRange     '1.4.8',
71 silly addNameRange     '1.4.9',
71 silly addNameRange     '1.4.10',
71 silly addNameRange     '2.0.0-alpha1',
71 silly addNameRange     '1.4.11',
71 silly addNameRange     '1.4.12',
71 silly addNameRange     '1.4.14',
71 silly addNameRange     '1.4.15',
71 silly addNameRange     '1.4.16',
71 silly addNameRange     '1.4.17',
71 silly addNameRange     '2.0.0-alpha2',
71 silly addNameRange     '1.4.18',
71 silly addNameRange     '2.0.0',
71 silly addNameRange     '2.0.1',
71 silly addNameRange     '2.0.2',
71 silly addNameRange     '1.4.19',
71 silly addNameRange     '2.0.3',
71 silly addNameRange     '2.0.4',
71 silly addNameRange     '2.0.5',
71 silly addNameRange     '2.0.6',
71 silly addNameRange     '1.4.20',
71 silly addNameRange     '1.4.22',
71 silly addNameRange     '2.0.7',
71 silly addNameRange     '2.0.8',
71 silly addNameRange     '2.0.9',
71 silly addNameRange     '1.4.23',
71 silly addNameRange     '2.0.10',
71 silly addNameRange     '1.4.24',
71 silly addNameRange     '2.0.11',
71 silly addNameRange     '1.4.25',
71 silly addNameRange     '2.0.12',
71 silly addNameRange     '1.4.26',
71 silly addNameRange     '1.4.27',
71 silly addNameRange     '1.4.28',
71 silly addNameRange     '2.0.13',
71 silly addNameRange     '2.0.14',
71 silly addNameRange     '1.4.29',
71 silly addNameRange     '2.0.15',
71 silly addNameRange     '1.4.30' ] ]
72 verbose addNamed [ 'mongodb', '1.3.23' ]
73 verbose addNamed [ '1.3.23', '1.3.23' ]
74 silly lockFile 130bb479-mongodb-1-3-23 mongodb@1.3.23
75 verbose lock mongodb@1.3.23 /Users/peiyang/.npm/130bb479-mongodb-1-3-23.lock
76 silly lockFile 130bb479-mongodb-1-3-23 mongodb@1.3.23
77 silly lockFile 130bb479-mongodb-1-3-23 mongodb@1.3.23
78 silly lockFile dfbec363-mongodb-1-3-19 mongodb@~1.3.19
79 silly lockFile dfbec363-mongodb-1-3-19 mongodb@~1.3.19
80 error Error: EACCES, mkdir '/Users/peiyang/.npm/commander/2.0.0'
80 error  { [Error: EACCES, mkdir '/Users/peiyang/.npm/commander/2.0.0']
80 error   errno: 3,
80 error   code: 'EACCES',
80 error   path: '/Users/peiyang/.npm/commander/2.0.0',
80 error   parent: 'validate' }
81 error Please try running this command again as root/Administrator.
82 error System Darwin 14.1.0
83 error command "node" "/usr/local/bin/npm" "install"
84 error cwd /Users/peiyang/Documents/Online Course/MongoDB/Nodejs/hw6-5
85 error node -v v0.10.33
86 error npm -v 1.4.28
87 error path /Users/peiyang/.npm/commander/2.0.0
88 error code EACCES
89 error errno 3
90 error stack Error: EACCES, mkdir '/Users/peiyang/.npm/commander/2.0.0'
91 verbose exit [ 3, true ]
