0 info it worked if it ends with ok
1 verbose cli [ 'node', '/usr/local/bin/npm', 'install' ]
2 info using npm@1.4.28
3 info using node@v0.10.33
4 verbose readDependencies using package.json deps
5 verbose install where, deps [ '/Users/peiyang/Documents/Online Course/MongoDB/Nodejs/final/Final4/blog',
5 verbose install   [ 'bcrypt-nodejs',
5 verbose install     'consolidate',
5 verbose install     'express',
5 verbose install     'mongodb',
5 verbose install     'swig',
5 verbose install     'validator' ] ]
6 info preinstall blog@0.0.0
7 verbose readDependencies using package.json deps
8 verbose cache add [ 'bcrypt-nodejs@~0.0.3', null ]
9 verbose cache add name=undefined spec="bcrypt-nodejs@~0.0.3" args=["bcrypt-nodejs@~0.0.3",null]
10 verbose parsed url { protocol: null,
10 verbose parsed url   slashes: null,
10 verbose parsed url   auth: null,
10 verbose parsed url   host: null,
10 verbose parsed url   port: null,
10 verbose parsed url   hostname: null,
10 verbose parsed url   hash: null,
10 verbose parsed url   search: null,
10 verbose parsed url   query: null,
10 verbose parsed url   pathname: 'bcrypt-nodejs@~0.0.3',
10 verbose parsed url   path: 'bcrypt-nodejs@~0.0.3',
10 verbose parsed url   href: 'bcrypt-nodejs@~0.0.3' }
11 verbose cache add [ 'consolidate@~0.9.1', null ]
12 verbose cache add name=undefined spec="consolidate@~0.9.1" args=["consolidate@~0.9.1",null]
13 verbose parsed url { protocol: null,
13 verbose parsed url   slashes: null,
13 verbose parsed url   auth: null,
13 verbose parsed url   host: null,
13 verbose parsed url   port: null,
13 verbose parsed url   hostname: null,
13 verbose parsed url   hash: null,
13 verbose parsed url   search: null,
13 verbose parsed url   query: null,
13 verbose parsed url   pathname: 'consolidate@~0.9.1',
13 verbose parsed url   path: 'consolidate@~0.9.1',
13 verbose parsed url   href: 'consolidate@~0.9.1' }
14 verbose cache add [ 'express@3.x', null ]
15 verbose cache add name=undefined spec="express@3.x" args=["express@3.x",null]
16 verbose parsed url { protocol: null,
16 verbose parsed url   slashes: null,
16 verbose parsed url   auth: null,
16 verbose parsed url   host: null,
16 verbose parsed url   port: null,
16 verbose parsed url   hostname: null,
16 verbose parsed url   hash: null,
16 verbose parsed url   search: null,
16 verbose parsed url   query: null,
16 verbose parsed url   pathname: 'express@3.x',
16 verbose parsed url   path: 'express@3.x',
16 verbose parsed url   href: 'express@3.x' }
17 verbose cache add [ 'mongodb@~1.3.9', null ]
18 verbose cache add name=undefined spec="mongodb@~1.3.9" args=["mongodb@~1.3.9",null]
19 verbose parsed url { protocol: null,
19 verbose parsed url   slashes: null,
19 verbose parsed url   auth: null,
19 verbose parsed url   host: null,
19 verbose parsed url   port: null,
19 verbose parsed url   hostname: null,
19 verbose parsed url   hash: null,
19 verbose parsed url   search: null,
19 verbose parsed url   query: null,
19 verbose parsed url   pathname: 'mongodb@~1.3.9',
19 verbose parsed url   path: 'mongodb@~1.3.9',
19 verbose parsed url   href: 'mongodb@~1.3.9' }
20 verbose cache add name="bcrypt-nodejs" spec="~0.0.3" args=["bcrypt-nodejs","~0.0.3"]
21 verbose parsed url { protocol: null,
21 verbose parsed url   slashes: null,
21 verbose parsed url   auth: null,
21 verbose parsed url   host: null,
21 verbose parsed url   port: null,
21 verbose parsed url   hostname: null,
21 verbose parsed url   hash: null,
21 verbose parsed url   search: null,
21 verbose parsed url   query: null,
21 verbose parsed url   pathname: '~0.0.3',
21 verbose parsed url   path: '~0.0.3',
21 verbose parsed url   href: '~0.0.3' }
22 verbose addNamed [ 'bcrypt-nodejs', '~0.0.3' ]
23 verbose addNamed [ null, '>=0.0.3-0 <0.1.0-0' ]
24 verbose cache add name="consolidate" spec="~0.9.1" args=["consolidate","~0.9.1"]
25 verbose parsed url { protocol: null,
25 verbose parsed url   slashes: null,
25 verbose parsed url   auth: null,
25 verbose parsed url   host: null,
25 verbose parsed url   port: null,
25 verbose parsed url   hostname: null,
25 verbose parsed url   hash: null,
25 verbose parsed url   search: null,
25 verbose parsed url   query: null,
25 verbose parsed url   pathname: '~0.9.1',
25 verbose parsed url   path: '~0.9.1',
25 verbose parsed url   href: '~0.9.1' }
26 verbose addNamed [ 'consolidate', '~0.9.1' ]
27 verbose addNamed [ null, '>=0.9.1-0 <0.10.0-0' ]
28 verbose cache add name="express" spec="3.x" args=["express","3.x"]
29 verbose parsed url { protocol: null,
29 verbose parsed url   slashes: null,
29 verbose parsed url   auth: null,
29 verbose parsed url   host: null,
29 verbose parsed url   port: null,
29 verbose parsed url   hostname: null,
29 verbose parsed url   hash: null,
29 verbose parsed url   search: null,
29 verbose parsed url   query: null,
29 verbose parsed url   pathname: '3.x',
29 verbose parsed url   path: '3.x',
29 verbose parsed url   href: '3.x' }
30 verbose addNamed [ 'express', '3.x' ]
31 verbose addNamed [ null, '>=3.0.0-0 <4.0.0-0' ]
32 verbose cache add [ 'swig@~0.14.0', null ]
33 verbose cache add name=undefined spec="swig@~0.14.0" args=["swig@~0.14.0",null]
34 verbose parsed url { protocol: null,
34 verbose parsed url   slashes: null,
34 verbose parsed url   auth: null,
34 verbose parsed url   host: null,
34 verbose parsed url   port: null,
34 verbose parsed url   hostname: null,
34 verbose parsed url   hash: null,
34 verbose parsed url   search: null,
34 verbose parsed url   query: null,
34 verbose parsed url   pathname: 'swig@~0.14.0',
34 verbose parsed url   path: 'swig@~0.14.0',
34 verbose parsed url   href: 'swig@~0.14.0' }
35 verbose cache add [ 'validator@~1.1.3', null ]
36 verbose cache add name=undefined spec="validator@~1.1.3" args=["validator@~1.1.3",null]
37 verbose parsed url { protocol: null,
37 verbose parsed url   slashes: null,
37 verbose parsed url   auth: null,
37 verbose parsed url   host: null,
37 verbose parsed url   port: null,
37 verbose parsed url   hostname: null,
37 verbose parsed url   hash: null,
37 verbose parsed url   search: null,
37 verbose parsed url   query: null,
37 verbose parsed url   pathname: 'validator@~1.1.3',
37 verbose parsed url   path: 'validator@~1.1.3',
37 verbose parsed url   href: 'validator@~1.1.3' }
38 verbose cache add name="mongodb" spec="~1.3.9" args=["mongodb","~1.3.9"]
39 verbose parsed url { protocol: null,
39 verbose parsed url   slashes: null,
39 verbose parsed url   auth: null,
39 verbose parsed url   host: null,
39 verbose parsed url   port: null,
39 verbose parsed url   hostname: null,
39 verbose parsed url   hash: null,
39 verbose parsed url   search: null,
39 verbose parsed url   query: null,
39 verbose parsed url   pathname: '~1.3.9',
39 verbose parsed url   path: '~1.3.9',
39 verbose parsed url   href: '~1.3.9' }
40 verbose addNamed [ 'mongodb', '~1.3.9' ]
41 verbose addNamed [ null, '>=1.3.9-0 <1.4.0-0' ]
42 silly lockFile bff3bad1-bcrypt-nodejs-0-0-3 bcrypt-nodejs@~0.0.3
43 verbose lock bcrypt-nodejs@~0.0.3 /Users/peiyang/.npm/bff3bad1-bcrypt-nodejs-0-0-3.lock
44 silly lockFile 25e694a9-consolidate-0-9-1 consolidate@~0.9.1
45 verbose lock consolidate@~0.9.1 /Users/peiyang/.npm/25e694a9-consolidate-0-9-1.lock
46 silly lockFile 3a341b85-express-3-x express@3.x
47 verbose lock express@3.x /Users/peiyang/.npm/3a341b85-express-3-x.lock
48 silly lockFile 8b06adb6-mongodb-1-3-9 mongodb@~1.3.9
49 verbose lock mongodb@~1.3.9 /Users/peiyang/.npm/8b06adb6-mongodb-1-3-9.lock
50 verbose cache add name="swig" spec="~0.14.0" args=["swig","~0.14.0"]
51 verbose parsed url { protocol: null,
51 verbose parsed url   slashes: null,
51 verbose parsed url   auth: null,
51 verbose parsed url   host: null,
51 verbose parsed url   port: null,
51 verbose parsed url   hostname: null,
51 verbose parsed url   hash: null,
51 verbose parsed url   search: null,
51 verbose parsed url   query: null,
51 verbose parsed url   pathname: '~0.14.0',
51 verbose parsed url   path: '~0.14.0',
51 verbose parsed url   href: '~0.14.0' }
52 verbose addNamed [ 'swig', '~0.14.0' ]
53 verbose addNamed [ null, '>=0.14.0-0 <0.15.0-0' ]
54 silly lockFile a7d16bf6-swig-0-14-0 swig@~0.14.0
55 verbose lock swig@~0.14.0 /Users/peiyang/.npm/a7d16bf6-swig-0-14-0.lock
56 verbose cache add name="validator" spec="~1.1.3" args=["validator","~1.1.3"]
57 verbose parsed url { protocol: null,
57 verbose parsed url   slashes: null,
57 verbose parsed url   auth: null,
57 verbose parsed url   host: null,
57 verbose parsed url   port: null,
57 verbose parsed url   hostname: null,
57 verbose parsed url   hash: null,
57 verbose parsed url   search: null,
57 verbose parsed url   query: null,
57 verbose parsed url   pathname: '~1.1.3',
57 verbose parsed url   path: '~1.1.3',
57 verbose parsed url   href: '~1.1.3' }
58 verbose addNamed [ 'validator', '~1.1.3' ]
59 verbose addNamed [ null, '>=1.1.3-0 <1.2.0-0' ]
60 silly lockFile 035ef02a-validator-1-1-3 validator@~1.1.3
61 verbose lock validator@~1.1.3 /Users/peiyang/.npm/035ef02a-validator-1-1-3.lock
62 silly addNameRange { name: 'express', range: '>=3.0.0-0 <4.0.0-0', hasData: false }
63 silly addNameRange { name: 'consolidate',
63 silly addNameRange   range: '>=0.9.1-0 <0.10.0-0',
63 silly addNameRange   hasData: false }
64 silly addNameRange { name: 'mongodb', range: '>=1.3.9-0 <1.4.0-0', hasData: false }
65 silly addNameRange { name: 'bcrypt-nodejs',
65 silly addNameRange   range: '>=0.0.3-0 <0.1.0-0',
65 silly addNameRange   hasData: false }
66 silly addNameRange { name: 'swig', range: '>=0.14.0-0 <0.15.0-0', hasData: false }
67 silly addNameRange { name: 'validator',
67 silly addNameRange   range: '>=1.1.3-0 <1.2.0-0',
67 silly addNameRange   hasData: false }
68 verbose request where is /consolidate
69 verbose request registry https://registry.npmjs.org/
70 verbose request id d22fe8d6f5eec341
71 verbose url raw /consolidate
72 verbose url resolving [ 'https://registry.npmjs.org/', './consolidate' ]
73 verbose url resolved https://registry.npmjs.org/consolidate
74 verbose request where is https://registry.npmjs.org/consolidate
75 info trying registry request attempt 1 at 01:18:07
76 verbose etag "5AV2TPCH6U3JD4BUV72MOOVMG"
77 http GET https://registry.npmjs.org/consolidate
78 verbose request where is /bcrypt-nodejs
79 verbose request registry https://registry.npmjs.org/
80 verbose url raw /bcrypt-nodejs
81 verbose url resolving [ 'https://registry.npmjs.org/', './bcrypt-nodejs' ]
82 verbose url resolved https://registry.npmjs.org/bcrypt-nodejs
83 verbose request where is https://registry.npmjs.org/bcrypt-nodejs
84 info trying registry request attempt 1 at 01:18:07
85 verbose etag "89UEW5GZGQPJBVEOXEPXX8EL6"
86 http GET https://registry.npmjs.org/bcrypt-nodejs
87 verbose request where is /express
88 verbose request registry https://registry.npmjs.org/
89 verbose url raw /express
90 verbose url resolving [ 'https://registry.npmjs.org/', './express' ]
91 verbose url resolved https://registry.npmjs.org/express
92 verbose request where is https://registry.npmjs.org/express
93 info trying registry request attempt 1 at 01:18:07
94 verbose etag "4VF4DE3BYB8U3OS1R8AHWXJK2"
95 http GET https://registry.npmjs.org/express
96 verbose request where is /mongodb
97 verbose request registry https://registry.npmjs.org/
98 verbose url raw /mongodb
99 verbose url resolving [ 'https://registry.npmjs.org/', './mongodb' ]
100 verbose url resolved https://registry.npmjs.org/mongodb
101 verbose request where is https://registry.npmjs.org/mongodb
102 info trying registry request attempt 1 at 01:18:07
103 verbose etag "BFYDBOWE6YH84UZWCWP0M9OM4"
104 http GET https://registry.npmjs.org/mongodb
105 verbose request where is /swig
106 verbose request registry https://registry.npmjs.org/
107 verbose url raw /swig
108 verbose url resolving [ 'https://registry.npmjs.org/', './swig' ]
109 verbose url resolved https://registry.npmjs.org/swig
110 verbose request where is https://registry.npmjs.org/swig
111 info trying registry request attempt 1 at 01:18:07
112 verbose etag "4PC8DXWGG9BESJLY16NY0G8RD"
113 http GET https://registry.npmjs.org/swig
114 verbose request where is /validator
115 verbose request registry https://registry.npmjs.org/
116 verbose url raw /validator
117 verbose url resolving [ 'https://registry.npmjs.org/', './validator' ]
118 verbose url resolved https://registry.npmjs.org/validator
119 verbose request where is https://registry.npmjs.org/validator
120 info trying registry request attempt 1 at 01:18:07
121 verbose etag "7061FZXEB4CR3N2760YDLIV9Y"
122 http GET https://registry.npmjs.org/validator
123 http 304 https://registry.npmjs.org/bcrypt-nodejs
124 silly registry.get cb [ 304,
124 silly registry.get   { date: 'Tue, 24 Feb 2015 09:18:03 GMT',
124 silly registry.get     server: 'Apache',
124 silly registry.get     via: '1.1 varnish',
124 silly registry.get     'last-modified': 'Tue, 24 Feb 2015 09:18:03 GMT',
124 silly registry.get     'cache-control': 'max-age=60',
124 silly registry.get     etag: '"89UEW5GZGQPJBVEOXEPXX8EL6"',
124 silly registry.get     age: '47',
124 silly registry.get     'x-served-by': 'cache-sjc3124-SJC',
124 silly registry.get     'x-cache': 'HIT',
124 silly registry.get     'x-cache-hits': '1',
124 silly registry.get     'x-timer': 'S1424769483.225781,VS0,VE0',
124 silly registry.get     vary: 'Accept',
124 silly registry.get     'content-length': '0',
124 silly registry.get     'keep-alive': 'timeout=10, max=50',
124 silly registry.get     connection: 'Keep-Alive' } ]
125 verbose etag https://registry.npmjs.org/bcrypt-nodejs from cache
126 http 304 https://registry.npmjs.org/mongodb
127 silly registry.get cb [ 304,
127 silly registry.get   { date: 'Tue, 24 Feb 2015 09:18:03 GMT',
127 silly registry.get     server: 'Apache',
127 silly registry.get     via: '1.1 varnish',
127 silly registry.get     'last-modified': 'Tue, 24 Feb 2015 09:18:03 GMT',
127 silly registry.get     'cache-control': 'max-age=60',
127 silly registry.get     etag: '"BFYDBOWE6YH84UZWCWP0M9OM4"',
127 silly registry.get     age: '13',
127 silly registry.get     'x-served-by': 'cache-sjc3129-SJC',
127 silly registry.get     'x-cache': 'HIT',
127 silly registry.get     'x-cache-hits': '1',
127 silly registry.get     'x-timer': 'S1424769483.228957,VS0,VE1',
127 silly registry.get     vary: 'Accept',
127 silly registry.get     'content-length': '0',
127 silly registry.get     'keep-alive': 'timeout=10, max=50',
127 silly registry.get     connection: 'Keep-Alive' } ]
128 verbose etag https://registry.npmjs.org/mongodb from cache
129 http 304 https://registry.npmjs.org/express
130 silly registry.get cb [ 304,
130 silly registry.get   { date: 'Tue, 24 Feb 2015 09:18:03 GMT',
130 silly registry.get     server: 'Apache',
130 silly registry.get     via: '1.1 varnish',
130 silly registry.get     'last-modified': 'Tue, 24 Feb 2015 09:18:03 GMT',
130 silly registry.get     'cache-control': 'max-age=60',
130 silly registry.get     etag: '"4VF4DE3BYB8U3OS1R8AHWXJK2"',
130 silly registry.get     age: '55',
130 silly registry.get     'x-served-by': 'cache-sjc3120-SJC',
130 silly registry.get     'x-cache': 'HIT',
130 silly registry.get     'x-cache-hits': '1',
130 silly registry.get     'x-timer': 'S1424769483.228003,VS0,VE1',
130 silly registry.get     vary: 'Accept',
130 silly registry.get     'content-length': '0',
130 silly registry.get     'keep-alive': 'timeout=10, max=50',
130 silly registry.get     connection: 'Keep-Alive' } ]
131 verbose etag https://registry.npmjs.org/express from cache
132 silly addNameRange number 2 { name: 'express', range: '>=3.0.0-0 <4.0.0-0', hasData: true }
133 silly addNameRange versions [ 'express',
133 silly addNameRange   [ '0.14.0',
133 silly addNameRange     '0.14.1',
133 silly addNameRange     '1.0.0',
133 silly addNameRange     '1.0.1',
133 silly addNameRange     '1.0.2',
133 silly addNameRange     '1.0.3',
133 silly addNameRange     '1.0.4',
133 silly addNameRange     '1.0.5',
133 silly addNameRange     '1.0.6',
133 silly addNameRange     '1.0.7',
133 silly addNameRange     '1.0.8',
133 silly addNameRange     '2.0.0',
133 silly addNameRange     '2.1.0',
133 silly addNameRange     '2.1.1',
133 silly addNameRange     '2.2.0',
133 silly addNameRange     '2.2.1',
133 silly addNameRange     '2.2.2',
133 silly addNameRange     '2.3.0',
133 silly addNameRange     '2.3.1',
133 silly addNameRange     '2.3.2',
133 silly addNameRange     '2.3.3',
133 silly addNameRange     '2.3.4',
133 silly addNameRange     '2.3.5',
133 silly addNameRange     '2.3.6',
133 silly addNameRange     '2.3.7',
133 silly addNameRange     '2.3.8',
133 silly addNameRange     '2.3.9',
133 silly addNameRange     '2.3.10',
133 silly addNameRange     '2.3.11',
133 silly addNameRange     '2.3.12',
133 silly addNameRange     '2.4.0',
133 silly addNameRange     '2.4.1',
133 silly addNameRange     '2.4.2',
133 silly addNameRange     '2.4.3',
133 silly addNameRange     '2.4.4',
133 silly addNameRange     '2.4.5',
133 silly addNameRange     '2.4.6',
133 silly addNameRange     '2.4.7',
133 silly addNameRange     '2.5.0',
133 silly addNameRange     '2.5.1',
133 silly addNameRange     '2.5.2',
133 silly addNameRange     '2.5.3',
133 silly addNameRange     '2.5.4',
133 silly addNameRange     '2.5.5',
133 silly addNameRange     '2.5.6',
133 silly addNameRange     '2.5.7',
133 silly addNameRange     '2.5.8',
133 silly addNameRange     '2.5.9',
133 silly addNameRange     '2.5.10',
133 silly addNameRange     '2.5.11',
133 silly addNameRange     '3.0.0',
133 silly addNameRange     '3.0.1',
133 silly addNameRange     '3.0.2',
133 silly addNameRange     '3.0.3',
133 silly addNameRange     '3.0.4',
133 silly addNameRange     '3.0.5',
133 silly addNameRange     '3.0.6',
133 silly addNameRange     '3.1.0',
133 silly addNameRange     '3.1.1',
133 silly addNameRange     '3.1.2',
133 silly addNameRange     '3.2.0',
133 silly addNameRange     '3.2.1',
133 silly addNameRange     '3.2.2',
133 silly addNameRange     '3.2.3',
133 silly addNameRange     '3.2.4',
133 silly addNameRange     '3.2.5',
133 silly addNameRange     '3.2.6',
133 silly addNameRange     '3.3.0',
133 silly addNameRange     '3.3.1',
133 silly addNameRange     '3.3.2',
133 silly addNameRange     '3.3.3',
133 silly addNameRange     '3.3.4',
133 silly addNameRange     '3.3.5',
133 silly addNameRange     '3.3.6',
133 silly addNameRange     '1.0.0-beta',
133 silly addNameRange     '1.0.0-beta2',
133 silly addNameRange     '1.0.0-rc',
133 silly addNameRange     '1.0.0-rc2',
133 silly addNameRange     '1.0.0-rc3',
133 silly addNameRange     '1.0.0-rc4',
133 silly addNameRange     '2.0.0-beta',
133 silly addNameRange     '2.0.0-beta2',
133 silly addNameRange     '2.0.0-beta3',
133 silly addNameRange     '2.0.0-rc',
133 silly addNameRange     '2.0.0-rc2',
133 silly addNameRange     '2.0.0-rc3',
133 silly addNameRange     '3.0.0-alpha1',
133 silly addNameRange     '3.0.0-alpha2',
133 silly addNameRange     '3.0.0-alpha3',
133 silly addNameRange     '3.0.0-alpha4',
133 silly addNameRange     '3.0.0-alpha5',
133 silly addNameRange     '3.0.0-beta1',
133 silly addNameRange     '3.0.0-beta2',
133 silly addNameRange     '3.0.0-beta3',
133 silly addNameRange     '3.0.0-beta4',
133 silly addNameRange     '3.0.0-beta6',
133 silly addNameRange     '3.0.0-beta7',
133 silly addNameRange     '3.0.0-rc1',
133 silly addNameRange     '3.0.0-rc2',
133 silly addNameRange     '3.0.0-rc3',
133 silly addNameRange     '3.0.0-rc4',
133 silly addNameRange     '3.0.0-rc5',
133 silly addNameRange     '3.3.7',
133 silly addNameRange     '3.3.8',
133 silly addNameRange     '3.4.0',
133 silly addNameRange     '3.4.1',
133 silly addNameRange     '3.4.2',
133 silly addNameRange     '3.4.3',
133 silly addNameRange     '3.4.4',
133 silly addNameRange     '3.4.5',
133 silly addNameRange     '3.4.6',
133 silly addNameRange     '3.4.7',
133 silly addNameRange     '3.4.8',
133 silly addNameRange     '4.0.0-rc1',
133 silly addNameRange     '4.0.0-rc2',
133 silly addNameRange     '3.5.0',
133 silly addNameRange     '4.0.0-rc3',
133 silly addNameRange     '4.0.0-rc4',
133 silly addNameRange     '3.5.1',
133 silly addNameRange     '4.0.0',
133 silly addNameRange     '3.5.2',
133 silly addNameRange     '4.1.0',
133 silly addNameRange     '4.1.1',
133 silly addNameRange     '3.5.3',
133 silly addNameRange     '4.1.2',
133 silly addNameRange     '3.6.0',
133 silly addNameRange     '4.2.0',
133 silly addNameRange     '3.7.0',
133 silly addNameRange     '3.8.0',
133 silly addNameRange     '4.3.0',
133 silly addNameRange     '4.3.1',
133 silly addNameRange     '3.8.1',
133 silly addNameRange     '4.3.2',
133 silly addNameRange     '3.9.0',
133 silly addNameRange     '4.4.0',
133 silly addNameRange     '4.4.1',
133 silly addNameRange     '3.10.0',
133 silly addNameRange     '3.10.1',
133 silly addNameRange     '3.10.2',
133 silly addNameRange     '3.10.3',
133 silly addNameRange     '3.10.4',
133 silly addNameRange     '4.4.2',
133 silly addNameRange     '3.10.5',
133 silly addNameRange     '4.4.3',
133 silly addNameRange     '3.11.0',
133 silly addNameRange     '4.4.4',
133 silly addNameRange     '3.12.0',
133 silly addNameRange     '3.12.1',
133 silly addNameRange     '4.4.5',
133 silly addNameRange     '3.13.0',
133 silly addNameRange     '4.5.0',
133 silly addNameRange     '4.5.1',
133 silly addNameRange     '3.14.0',
133 silly addNameRange     '4.6.0',
133 silly addNameRange     '4.6.1',
133 silly addNameRange     '3.15.0',
133 silly addNameRange     '4.7.0',
133 silly addNameRange     '3.15.1',
133 silly addNameRange     '4.7.1',
133 silly addNameRange     '3.15.2',
133 silly addNameRange     '4.7.2',
133 silly addNameRange     '4.7.3',
133 silly addNameRange     '3.15.3',
133 silly addNameRange     '4.7.4',
133 silly addNameRange     '3.16.0',
133 silly addNameRange     '4.8.0',
133 silly addNameRange     '3.16.1',
133 silly addNameRange     '4.8.1',
133 silly addNameRange     '3.16.2',
133 silly addNameRange     '4.8.2',
133 silly addNameRange     '3.16.3',
133 silly addNameRange     '3.16.4',
133 silly addNameRange     '4.8.3',
133 silly addNameRange     '3.16.5',
133 silly addNameRange     '3.16.6',
133 silly addNameRange     '4.8.4',
133 silly addNameRange     '3.16.7',
133 silly addNameRange     '4.8.5',
133 silly addNameRange     '3.16.8',
133 silly addNameRange     '4.8.6',
133 silly addNameRange     '3.16.9',
133 silly addNameRange     '4.8.7',
133 silly addNameRange     '3.16.10',
133 silly addNameRange     '4.8.8',
133 silly addNameRange     '3.17.0',
133 silly addNameRange     '3.17.1',
133 silly addNameRange     '4.9.0',
133 silly addNameRange     '3.17.2',
133 silly addNameRange     '4.9.1',
133 silly addNameRange     '4.9.2',
133 silly addNameRange     '3.17.3',
133 silly addNameRange     '4.9.3',
133 silly addNameRange     '3.17.4',
133 silly addNameRange     '4.9.4',
133 silly addNameRange     '3.17.5',
133 silly addNameRange     '4.9.5',
133 silly addNameRange     '3.17.6',
133 silly addNameRange     '3.17.7',
133 silly addNameRange     '4.9.6',
133 silly addNameRange     '4.9.7',
133 silly addNameRange     '3.17.8',
133 silly addNameRange     '4.9.8',
133 silly addNameRange     '3.18.0',
133 silly addNameRange     '3.18.1',
133 silly addNameRange     '4.10.0',
133 silly addNameRange     '3.18.2',
133 silly addNameRange     '4.10.1',
133 silly addNameRange     '5.0.0-alpha.1',
133 silly addNameRange     '3.18.3',
133 silly addNameRange     '4.10.2',
133 silly addNameRange     '3.18.4',
133 silly addNameRange     '4.10.3',
133 silly addNameRange     '4.10.4',
133 silly addNameRange     '4.10.5',
133 silly addNameRange     '3.18.5',
133 silly addNameRange     '3.18.6',
133 silly addNameRange     '4.10.6',
133 silly addNameRange     '4.10.7',
133 silly addNameRange     '3.19.0',
133 silly addNameRange     '4.10.8',
133 silly addNameRange     '4.11.0',
133 silly addNameRange     '3.19.1',
133 silly addNameRange     '4.11.1',
133 silly addNameRange     '3.19.2',
133 silly addNameRange     '4.11.2',
133 silly addNameRange     '3.20.0',
133 silly addNameRange     '4.12.0' ] ]
134 verbose addNamed [ 'express', '3.20.0' ]
135 verbose addNamed [ '3.20.0', '3.20.0' ]
136 silly lockFile 4335d34b-express-3-20-0 express@3.20.0
137 verbose lock express@3.20.0 /Users/peiyang/.npm/4335d34b-express-3-20-0.lock
138 silly addNameRange number 2 { name: 'bcrypt-nodejs',
138 silly addNameRange   range: '>=0.0.3-0 <0.1.0-0',
138 silly addNameRange   hasData: true }
139 silly addNameRange versions [ 'bcrypt-nodejs', [ '0.0.1', '0.0.2', '0.0.3' ] ]
140 verbose addNamed [ 'bcrypt-nodejs', '0.0.3' ]
141 verbose addNamed [ '0.0.3', '0.0.3' ]
142 silly lockFile 30db234c-bcrypt-nodejs-0-0-3 bcrypt-nodejs@0.0.3
143 verbose lock bcrypt-nodejs@0.0.3 /Users/peiyang/.npm/30db234c-bcrypt-nodejs-0-0-3.lock
144 silly addNameRange number 2 { name: 'mongodb', range: '>=1.3.9-0 <1.4.0-0', hasData: true }
145 silly addNameRange versions [ 'mongodb',
145 silly addNameRange   [ '0.9.4',
145 silly addNameRange     '0.9.4-4',
145 silly addNameRange     '0.9.3',
145 silly addNameRange     '0.9.1',
145 silly addNameRange     '0.9.2',
145 silly addNameRange     '0.9.6-7',
145 silly addNameRange     '0.9.6-8',
145 silly addNameRange     '0.9.6-9',
145 silly addNameRange     '0.9.6-10',
145 silly addNameRange     '0.9.6-11',
145 silly addNameRange     '0.9.6-12',
145 silly addNameRange     '0.9.6-13',
145 silly addNameRange     '0.9.6-14',
145 silly addNameRange     '0.9.6-15',
145 silly addNameRange     '0.9.6-16',
145 silly addNameRange     '0.9.6-17',
145 silly addNameRange     '0.9.6-18',
145 silly addNameRange     '0.9.6-19',
145 silly addNameRange     '0.9.6-20',
145 silly addNameRange     '0.9.6-21',
145 silly addNameRange     '0.9.6-22',
145 silly addNameRange     '0.9.6-23',
145 silly addNameRange     '0.9.7',
145 silly addNameRange     '0.9.7-0',
145 silly addNameRange     '0.9.7-1',
145 silly addNameRange     '0.9.7-1.1',
145 silly addNameRange     '0.9.7-1.2',
145 silly addNameRange     '0.9.7-1.3',
145 silly addNameRange     '0.9.7-1.4',
145 silly addNameRange     '0.9.7-2',
145 silly addNameRange     '0.9.7-2-1',
145 silly addNameRange     '0.9.7-2-2',
145 silly addNameRange     '0.9.7-2-3',
145 silly addNameRange     '0.9.7-2-4',
145 silly addNameRange     '0.9.7-2-5',
145 silly addNameRange     '0.9.7-3',
145 silly addNameRange     '0.9.7-3-1',
145 silly addNameRange     '0.9.7-3-2',
145 silly addNameRange     '0.9.7-3-3',
145 silly addNameRange     '0.9.7-3-4',
145 silly addNameRange     '0.9.7-3-5',
145 silly addNameRange     '0.9.8',
145 silly addNameRange     '0.9.8-1',
145 silly addNameRange     '0.9.8-2',
145 silly addNameRange     '0.9.8-3',
145 silly addNameRange     '0.9.8-4',
145 silly addNameRange     '0.9.8-5',
145 silly addNameRange     '0.9.8-6',
145 silly addNameRange     '0.9.8-7',
145 silly addNameRange     '0.9.9',
145 silly addNameRange     '0.9.9-1',
145 silly addNameRange     '0.9.9-2',
145 silly addNameRange     '0.9.9-3',
145 silly addNameRange     '0.9.9-4',
145 silly addNameRange     '0.9.9-5',
145 silly addNameRange     '0.9.9-6',
145 silly addNameRange     '0.9.9-7',
145 silly addNameRange     '0.9.9-8',
145 silly addNameRange     '1.0.0',
145 silly addNameRange     '1.0.1',
145 silly addNameRange     '1.0.2',
145 silly addNameRange     '1.1.0-beta',
145 silly addNameRange     '1.1.0',
145 silly addNameRange     '1.1.1',
145 silly addNameRange     '1.1.2',
145 silly addNameRange     '1.1.3',
145 silly addNameRange     '1.1.4',
145 silly addNameRange     '1.1.5',
145 silly addNameRange     '1.1.6',
145 silly addNameRange     '1.1.7',
145 silly addNameRange     '1.1.8',
145 silly addNameRange     '1.1.9',
145 silly addNameRange     '1.1.10',
145 silly addNameRange     '1.1.11',
145 silly addNameRange     '1.2.0',
145 silly addNameRange     '1.2.1',
145 silly addNameRange     '1.2.2',
145 silly addNameRange     '1.2.3',
145 silly addNameRange     '1.2.4',
145 silly addNameRange     '1.2.5',
145 silly addNameRange     '1.2.6',
145 silly addNameRange     '1.2.7',
145 silly addNameRange     '1.2.8',
145 silly addNameRange     '1.2.9',
145 silly addNameRange     '1.2.10',
145 silly addNameRange     '1.2.11',
145 silly addNameRange     '1.2.12',
145 silly addNameRange     '1.2.13',
145 silly addNameRange     '1.2.14',
145 silly addNameRange     '1.3.0',
145 silly addNameRange     '1.3.1',
145 silly addNameRange     '1.3.2',
145 silly addNameRange     '1.3.3',
145 silly addNameRange     '1.3.4',
145 silly addNameRange     '1.3.5',
145 silly addNameRange     '1.3.6',
145 silly addNameRange     '1.3.7',
145 silly addNameRange     '1.3.8',
145 silly addNameRange     '1.3.9',
145 silly addNameRange     '1.3.10',
145 silly addNameRange     '1.3.11',
145 silly addNameRange     '1.3.12',
145 silly addNameRange     '1.3.14',
145 silly addNameRange     '1.3.15',
145 silly addNameRange     '1.3.17',
145 silly addNameRange     '1.3.18',
145 silly addNameRange     '1.3.19',
145 silly addNameRange     '1.4.0-rc2',
145 silly addNameRange     '1.3.20',
145 silly addNameRange     '1.4.0-rc3',
145 silly addNameRange     '1.3.21',
145 silly addNameRange     '1.3.22',
145 silly addNameRange     '1.3.23',
145 silly addNameRange     '1.4.0-rc4',
145 silly addNameRange     '1.4.0-rc5',
145 silly addNameRange     '1.4.0-rc6',
145 silly addNameRange     '1.4.0-rc7',
145 silly addNameRange     '1.4.0-rc8',
145 silly addNameRange     '1.4.0-rc9',
145 silly addNameRange     '1.4.0-rc10',
145 silly addNameRange     '1.4.0',
145 silly addNameRange     '1.4.1',
145 silly addNameRange     '1.4.2',
145 silly addNameRange     '1.4.3',
145 silly addNameRange     '1.4.4',
145 silly addNameRange     '1.4.5',
145 silly addNameRange     '1.4.6',
145 silly addNameRange     '1.4.7',
145 silly addNameRange     '1.4.8',
145 silly addNameRange     '1.4.9',
145 silly addNameRange     '1.4.10',
145 silly addNameRange     '2.0.0-alpha1',
145 silly addNameRange     '1.4.11',
145 silly addNameRange     '1.4.12',
145 silly addNameRange     '1.4.14',
145 silly addNameRange     '1.4.15',
145 silly addNameRange     '1.4.16',
145 silly addNameRange     '1.4.17',
145 silly addNameRange     '2.0.0-alpha2',
145 silly addNameRange     '1.4.18',
145 silly addNameRange     '2.0.0',
145 silly addNameRange     '2.0.1',
145 silly addNameRange     '2.0.2',
145 silly addNameRange     '1.4.19',
145 silly addNameRange     '2.0.3',
145 silly addNameRange     '2.0.4',
145 silly addNameRange     '2.0.5',
145 silly addNameRange     '2.0.6',
145 silly addNameRange     '1.4.20',
145 silly addNameRange     '1.4.22',
145 silly addNameRange     '2.0.7',
145 silly addNameRange     '2.0.8',
145 silly addNameRange     '2.0.9',
145 silly addNameRange     '1.4.23',
145 silly addNameRange     '2.0.10',
145 silly addNameRange     '1.4.24',
145 silly addNameRange     '2.0.11',
145 silly addNameRange     '1.4.25',
145 silly addNameRange     '2.0.12',
145 silly addNameRange     '1.4.26',
145 silly addNameRange     '1.4.27',
145 silly addNameRange     '1.4.28',
145 silly addNameRange     '2.0.13',
145 silly addNameRange     '2.0.14',
145 silly addNameRange     '1.4.29',
145 silly addNameRange     '2.0.15',
145 silly addNameRange     '1.4.30',
145 silly addNameRange     '2.0.16',
145 silly addNameRange     '1.4.31' ] ]
146 verbose addNamed [ 'mongodb', '1.3.23' ]
147 verbose addNamed [ '1.3.23', '1.3.23' ]
148 silly lockFile 130bb479-mongodb-1-3-23 mongodb@1.3.23
149 verbose lock mongodb@1.3.23 /Users/peiyang/.npm/130bb479-mongodb-1-3-23.lock
150 http 304 https://registry.npmjs.org/consolidate
151 silly registry.get cb [ 304,
151 silly registry.get   { date: 'Tue, 24 Feb 2015 09:18:03 GMT',
151 silly registry.get     server: 'Apache',
151 silly registry.get     via: '1.1 varnish',
151 silly registry.get     'last-modified': 'Tue, 24 Feb 2015 09:18:03 GMT',
151 silly registry.get     'cache-control': 'max-age=60',
151 silly registry.get     etag: '"5AV2TPCH6U3JD4BUV72MOOVMG"',
151 silly registry.get     age: '0',
151 silly registry.get     'x-served-by': 'cache-sjc3130-SJC',
151 silly registry.get     'x-cache': 'HIT',
151 silly registry.get     'x-cache-hits': '1',
151 silly registry.get     'x-timer': 'S1424769483.225207,VS0,VE83',
151 silly registry.get     vary: 'Accept',
151 silly registry.get     'content-length': '0',
151 silly registry.get     'keep-alive': 'timeout=10, max=50',
151 silly registry.get     connection: 'Keep-Alive' } ]
152 verbose etag https://registry.npmjs.org/consolidate from cache
153 silly lockFile f7d52a32-s-org-express-express-3-20-0-tgz https://registry.npmjs.org/express/-/express-3.20.0.tgz
154 verbose lock https://registry.npmjs.org/express/-/express-3.20.0.tgz /Users/peiyang/.npm/f7d52a32-s-org-express-express-3-20-0-tgz.lock
155 silly lockFile 130bb479-mongodb-1-3-23 mongodb@1.3.23
156 silly lockFile 130bb479-mongodb-1-3-23 mongodb@1.3.23
157 verbose addRemoteTarball [ 'https://registry.npmjs.org/express/-/express-3.20.0.tgz',
157 verbose addRemoteTarball   '9dac561e31a08e7d2852790d86d17c7b70bdd9ac' ]
158 silly lockFile 30db234c-bcrypt-nodejs-0-0-3 bcrypt-nodejs@0.0.3
159 silly lockFile 30db234c-bcrypt-nodejs-0-0-3 bcrypt-nodejs@0.0.3
160 silly lockFile 8b06adb6-mongodb-1-3-9 mongodb@~1.3.9
161 silly lockFile 8b06adb6-mongodb-1-3-9 mongodb@~1.3.9
162 silly addNameRange number 2 { name: 'consolidate',
162 silly addNameRange   range: '>=0.9.1-0 <0.10.0-0',
162 silly addNameRange   hasData: true }
163 silly addNameRange versions [ 'consolidate',
163 silly addNameRange   [ '0.0.1',
163 silly addNameRange     '0.1.0',
163 silly addNameRange     '0.2.0',
163 silly addNameRange     '0.3.0',
163 silly addNameRange     '0.3.1',
163 silly addNameRange     '0.4.0',
163 silly addNameRange     '0.5.0',
163 silly addNameRange     '0.6.0',
163 silly addNameRange     '0.7.0',
163 silly addNameRange     '0.8.0',
163 silly addNameRange     '0.9.0',
163 silly addNameRange     '0.9.1',
163 silly addNameRange     '0.10.0',
163 silly addNameRange     '0.11.0' ] ]
164 verbose addNamed [ 'consolidate', '0.9.1' ]
165 verbose addNamed [ '0.9.1', '0.9.1' ]
166 silly lockFile 8ae528db-consolidate-0-9-1 consolidate@0.9.1
167 verbose lock consolidate@0.9.1 /Users/peiyang/.npm/8ae528db-consolidate-0-9-1.lock
168 silly lockFile bff3bad1-bcrypt-nodejs-0-0-3 bcrypt-nodejs@~0.0.3
169 silly lockFile bff3bad1-bcrypt-nodejs-0-0-3 bcrypt-nodejs@~0.0.3
170 info retry fetch attempt 1 at 01:18:07
171 verbose fetch to= /var/folders/ln/vp5rgr314xn7zj3xb18lbp2h0000gn/T/npm-15155-g51yWfPr/registry.npmjs.org/express/-/express-3.20.0.tgz
172 http GET https://registry.npmjs.org/express/-/express-3.20.0.tgz
173 silly lockFile 8ae528db-consolidate-0-9-1 consolidate@0.9.1
174 silly lockFile 8ae528db-consolidate-0-9-1 consolidate@0.9.1
175 silly lockFile 25e694a9-consolidate-0-9-1 consolidate@~0.9.1
176 silly lockFile 25e694a9-consolidate-0-9-1 consolidate@~0.9.1
177 http 304 https://registry.npmjs.org/validator
178 silly registry.get cb [ 304,
178 silly registry.get   { date: 'Tue, 24 Feb 2015 09:18:03 GMT',
178 silly registry.get     server: 'Apache',
178 silly registry.get     via: '1.1 varnish',
178 silly registry.get     'last-modified': 'Tue, 24 Feb 2015 09:18:03 GMT',
178 silly registry.get     'cache-control': 'max-age=60',
178 silly registry.get     etag: '"7061FZXEB4CR3N2760YDLIV9Y"',
178 silly registry.get     age: '0',
178 silly registry.get     'x-served-by': 'cache-sjc3124-SJC',
178 silly registry.get     'x-cache': 'HIT',
178 silly registry.get     'x-cache-hits': '1',
178 silly registry.get     'x-timer': 'S1424769483.269339,VS0,VE85',
178 silly registry.get     vary: 'Accept',
178 silly registry.get     'content-length': '0',
178 silly registry.get     'keep-alive': 'timeout=10, max=49',
178 silly registry.get     connection: 'Keep-Alive' } ]
179 verbose etag https://registry.npmjs.org/validator from cache
180 silly addNameRange number 2 { name: 'validator', range: '>=1.1.3-0 <1.2.0-0', hasData: true }
181 silly addNameRange versions [ 'validator',
181 silly addNameRange   [ '0.1.0',
181 silly addNameRange     '0.1.1',
181 silly addNameRange     '0.1.2',
181 silly addNameRange     '0.1.3',
181 silly addNameRange     '0.1.4',
181 silly addNameRange     '0.1.5',
181 silly addNameRange     '0.1.6',
181 silly addNameRange     '0.1.7',
181 silly addNameRange     '0.1.8',
181 silly addNameRange     '0.1.9',
181 silly addNameRange     '0.2.0',
181 silly addNameRange     '0.2.1',
181 silly addNameRange     '0.2.2',
181 silly addNameRange     '0.2.3',
181 silly addNameRange     '0.2.4',
181 silly addNameRange     '0.2.5',
181 silly addNameRange     '0.2.6',
181 silly addNameRange     '0.2.7',
181 silly addNameRange     '0.2.8',
181 silly addNameRange     '0.2.9',
181 silly addNameRange     '0.3.0',
181 silly addNameRange     '0.3.1',
181 silly addNameRange     '0.3.2',
181 silly addNameRange     '0.3.4',
181 silly addNameRange     '0.3.5',
181 silly addNameRange     '0.3.6',
181 silly addNameRange     '0.3.7',
181 silly addNameRange     '0.3.8',
181 silly addNameRange     '0.3.9',
181 silly addNameRange     '0.4.0',
181 silly addNameRange     '0.4.1',
181 silly addNameRange     '0.4.2',
181 silly addNameRange     '0.4.3',
181 silly addNameRange     '0.4.4',
181 silly addNameRange     '0.4.5',
181 silly addNameRange     '0.4.6',
181 silly addNameRange     '0.4.6-1',
181 silly addNameRange     '0.4.6-2',
181 silly addNameRange     '0.4.6-3',
181 silly addNameRange     '0.4.7',
181 silly addNameRange     '0.4.8',
181 silly addNameRange     '0.4.9',
181 silly addNameRange     '0.4.10',
181 silly addNameRange     '0.4.11',
181 silly addNameRange     '0.4.12',
181 silly addNameRange     '0.4.13',
181 silly addNameRange     '0.4.15',
181 silly addNameRange     '0.4.16',
181 silly addNameRange     '0.4.17',
181 silly addNameRange     '0.4.18',
181 silly addNameRange     '0.4.19',
181 silly addNameRange     '0.4.20',
181 silly addNameRange     '0.4.21',
181 silly addNameRange     '0.4.22',
181 silly addNameRange     '0.4.23',
181 silly addNameRange     '0.4.24',
181 silly addNameRange     '0.4.25',
181 silly addNameRange     '0.4.27',
181 silly addNameRange     '0.4.28',
181 silly addNameRange     '0.5.0',
181 silly addNameRange     '1.0.0',
181 silly addNameRange     '1.1.0',
181 silly addNameRange     '1.1.1',
181 silly addNameRange     '1.1.2',
181 silly addNameRange     '1.1.3',
181 silly addNameRange     '1.2.0',
181 silly addNameRange     '1.2.1',
181 silly addNameRange     '1.2.2',
181 silly addNameRange     '1.3.0',
181 silly addNameRange     '1.4.0',
181 silly addNameRange     '1.5.0',
181 silly addNameRange     '1.5.1',
181 silly addNameRange     '2.0.0',
181 silly addNameRange     '2.1.0',
181 silly addNameRange     '3.0.0',
181 silly addNameRange     '3.1.0',
181 silly addNameRange     '3.2.0',
181 silly addNameRange     '3.2.1',
181 silly addNameRange     '3.3.0',
181 silly addNameRange     '3.4.0',
181 silly addNameRange     '3.5.0',
181 silly addNameRange     '3.5.1',
181 silly addNameRange     '3.6.0',
181 silly addNameRange     '3.7.0',
181 silly addNameRange     '3.8.0',
181 silly addNameRange     '3.9.0',
181 silly addNameRange     '3.10.0',
181 silly addNameRange     '3.11.0',
181 silly addNameRange     '3.11.1',
181 silly addNameRange     '3.11.2',
181 silly addNameRange     '3.12.0',
181 silly addNameRange     '3.13.0',
181 silly addNameRange     '3.14.0',
181 silly addNameRange     '3.14.1',
181 silly addNameRange     '3.15.0',
181 silly addNameRange     '3.16.0',
181 silly addNameRange     '3.16.1',
181 silly addNameRange     '3.17.0',
181 silly addNameRange     '3.17.1',
181 silly addNameRange     '3.17.2',
181 silly addNameRange     '3.18.0',
181 silly addNameRange     '3.18.1',
181 silly addNameRange     '3.19.0',
181 silly addNameRange     '3.19.1',
181 silly addNameRange     '3.20.0',
181 silly addNameRange     '3.21.0',
181 silly addNameRange     '3.22.0',
181 silly addNameRange     '3.22.1',
181 silly addNameRange     '3.22.2',
181 silly addNameRange     '3.23.0',
181 silly addNameRange     '3.24.0',
181 silly addNameRange     '3.25.0',
181 silly addNameRange     '3.26.0',
181 silly addNameRange     '3.27.0',
181 silly addNameRange     '3.28.0',
181 silly addNameRange     '3.29.0',
181 silly addNameRange     '3.30.0',
181 silly addNameRange     '3.32.0' ] ]
182 verbose addNamed [ 'validator', '1.1.3' ]
183 verbose addNamed [ '1.1.3', '1.1.3' ]
184 silly lockFile 6339be08-validator-1-1-3 validator@1.1.3
185 verbose lock validator@1.1.3 /Users/peiyang/.npm/6339be08-validator-1-1-3.lock
186 silly lockFile 6339be08-validator-1-1-3 validator@1.1.3
187 silly lockFile 6339be08-validator-1-1-3 validator@1.1.3
188 silly lockFile 035ef02a-validator-1-1-3 validator@~1.1.3
189 silly lockFile 035ef02a-validator-1-1-3 validator@~1.1.3
190 http 200 https://registry.npmjs.org/express/-/express-3.20.0.tgz
191 silly lockFile f7d52a32-s-org-express-express-3-20-0-tgz https://registry.npmjs.org/express/-/express-3.20.0.tgz
192 silly lockFile f7d52a32-s-org-express-express-3-20-0-tgz https://registry.npmjs.org/express/-/express-3.20.0.tgz
193 silly lockFile 4335d34b-express-3-20-0 express@3.20.0
194 silly lockFile 4335d34b-express-3-20-0 express@3.20.0
195 silly lockFile 3a341b85-express-3-x express@3.x
196 silly lockFile 3a341b85-express-3-x express@3.x
197 http 304 https://registry.npmjs.org/swig
198 silly registry.get cb [ 304,
198 silly registry.get   { date: 'Tue, 24 Feb 2015 09:18:03 GMT',
198 silly registry.get     server: 'Apache',
198 silly registry.get     via: '1.1 varnish',
198 silly registry.get     'last-modified': 'Tue, 24 Feb 2015 09:18:03 GMT',
198 silly registry.get     'cache-control': 'max-age=60',
198 silly registry.get     etag: '"4PC8DXWGG9BESJLY16NY0G8RD"',
198 silly registry.get     age: '0',
198 silly registry.get     'x-served-by': 'cache-sjc3122-SJC',
198 silly registry.get     'x-cache': 'HIT',
198 silly registry.get     'x-cache-hits': '1',
198 silly registry.get     'x-timer': 'S1424769483.233574,VS0,VE349',
198 silly registry.get     vary: 'Accept',
198 silly registry.get     'content-length': '0',
198 silly registry.get     'keep-alive': 'timeout=10, max=50',
198 silly registry.get     connection: 'Keep-Alive' } ]
199 verbose etag https://registry.npmjs.org/swig from cache
200 silly addNameRange number 2 { name: 'swig', range: '>=0.14.0-0 <0.15.0-0', hasData: true }
201 silly addNameRange versions [ 'swig',
201 silly addNameRange   [ '0.1.1',
201 silly addNameRange     '0.1.2',
201 silly addNameRange     '0.1.3',
201 silly addNameRange     '0.1.5',
201 silly addNameRange     '0.1.6',
201 silly addNameRange     '0.1.7',
201 silly addNameRange     '0.1.8',
201 silly addNameRange     '0.1.9',
201 silly addNameRange     '0.2.0',
201 silly addNameRange     '0.2.1',
201 silly addNameRange     '0.2.2',
201 silly addNameRange     '0.2.3',
201 silly addNameRange     '0.3.0',
201 silly addNameRange     '0.4.0',
201 silly addNameRange     '0.5.0',
201 silly addNameRange     '0.6.0',
201 silly addNameRange     '0.6.1',
201 silly addNameRange     '0.7.0',
201 silly addNameRange     '0.8.0',
201 silly addNameRange     '0.9.0',
201 silly addNameRange     '0.9.1',
201 silly addNameRange     '0.9.2',
201 silly addNameRange     '0.9.3',
201 silly addNameRange     '0.9.4',
201 silly addNameRange     '0.10.0',
201 silly addNameRange     '0.11.0',
201 silly addNameRange     '0.11.1',
201 silly addNameRange     '0.11.2',
201 silly addNameRange     '0.12.0',
201 silly addNameRange     '0.12.1',
201 silly addNameRange     '0.13.0',
201 silly addNameRange     '0.13.1',
201 silly addNameRange     '0.13.2',
201 silly addNameRange     '0.13.3',
201 silly addNameRange     '0.13.4',
201 silly addNameRange     '0.13.5',
201 silly addNameRange     '0.14.0',
201 silly addNameRange     '1.0.0-pre1',
201 silly addNameRange     '1.0.0-pre2',
201 silly addNameRange     '1.0.0-pre3',
201 silly addNameRange     '1.0.0-rc1',
201 silly addNameRange     '1.0.0-rc2',
201 silly addNameRange     '1.0.0-rc3',
201 silly addNameRange     '1.0.0',
201 silly addNameRange     '1.1.0',
201 silly addNameRange     '1.2.0',
201 silly addNameRange     '1.2.1',
201 silly addNameRange     '1.2.2',
201 silly addNameRange     '1.3.0',
201 silly addNameRange     '1.3.2',
201 silly addNameRange     '1.4.0',
201 silly addNameRange     '1.4.1',
201 silly addNameRange     '1.4.2' ] ]
202 verbose addNamed [ 'swig', '0.14.0' ]
203 verbose addNamed [ '0.14.0', '0.14.0' ]
204 silly lockFile ef70b243-swig-0-14-0 swig@0.14.0
205 verbose lock swig@0.14.0 /Users/peiyang/.npm/ef70b243-swig-0-14-0.lock
206 warn deprecated swig@0.14.0: v1.0.0 is a complete rewrite of Swig from the ground up. Previous versions are no longer supported
207 silly lockFile ef70b243-swig-0-14-0 swig@0.14.0
208 silly lockFile ef70b243-swig-0-14-0 swig@0.14.0
209 silly lockFile a7d16bf6-swig-0-14-0 swig@~0.14.0
210 silly lockFile a7d16bf6-swig-0-14-0 swig@~0.14.0
211 error Error: EACCES, mkdir '/Users/peiyang/.npm/express/3.20.0'
211 error  { [Error: EACCES, mkdir '/Users/peiyang/.npm/express/3.20.0']
211 error   errno: 3,
211 error   code: 'EACCES',
211 error   path: '/Users/peiyang/.npm/express/3.20.0',
211 error   parent: 'blog' }
212 error Please try running this command again as root/Administrator.
213 error System Darwin 14.1.0
214 error command "node" "/usr/local/bin/npm" "install"
215 error cwd /Users/peiyang/Documents/Online Course/MongoDB/Nodejs/final/Final4/blog
216 error node -v v0.10.33
217 error npm -v 1.4.28
218 error path /Users/peiyang/.npm/express/3.20.0
219 error code EACCES
220 error errno 3
221 error stack Error: EACCES, mkdir '/Users/peiyang/.npm/express/3.20.0'
222 verbose exit [ 3, true ]
