0 info it worked if it ends with ok
1 verbose cli [ 'node', '/usr/local/bin/npm', 'install' ]
2 info using npm@1.4.28
3 info using node@v0.10.33
4 verbose readDependencies using package.json deps
5 verbose install where, deps [ '/Users/peiyang/Documents/Online Course/MongoDB/Nodejs/hw2-3/blog',
5 verbose install   [ 'bcrypt-nodejs',
5 verbose install     'consolidate',
5 verbose install     'express',
5 verbose install     'mongodb',
5 verbose install     'swig',
5 verbose install     'validator' ] ]
6 info preinstall blog@0.0.0
7 verbose readDependencies using package.json deps
8 verbose cache add [ 'bcrypt-nodejs@~0.0.3', null ]
9 verbose cache add name=undefined spec="bcrypt-nodejs@~0.0.3" args=["bcrypt-nodejs@~0.0.3",null]
10 verbose parsed url { protocol: null,
10 verbose parsed url   slashes: null,
10 verbose parsed url   auth: null,
10 verbose parsed url   host: null,
10 verbose parsed url   port: null,
10 verbose parsed url   hostname: null,
10 verbose parsed url   hash: null,
10 verbose parsed url   search: null,
10 verbose parsed url   query: null,
10 verbose parsed url   pathname: 'bcrypt-nodejs@~0.0.3',
10 verbose parsed url   path: 'bcrypt-nodejs@~0.0.3',
10 verbose parsed url   href: 'bcrypt-nodejs@~0.0.3' }
11 verbose cache add [ 'consolidate@~0.9.1', null ]
12 verbose cache add name=undefined spec="consolidate@~0.9.1" args=["consolidate@~0.9.1",null]
13 verbose parsed url { protocol: null,
13 verbose parsed url   slashes: null,
13 verbose parsed url   auth: null,
13 verbose parsed url   host: null,
13 verbose parsed url   port: null,
13 verbose parsed url   hostname: null,
13 verbose parsed url   hash: null,
13 verbose parsed url   search: null,
13 verbose parsed url   query: null,
13 verbose parsed url   pathname: 'consolidate@~0.9.1',
13 verbose parsed url   path: 'consolidate@~0.9.1',
13 verbose parsed url   href: 'consolidate@~0.9.1' }
14 verbose cache add [ 'express@^3.x', null ]
15 verbose cache add name=undefined spec="express@^3.x" args=["express@^3.x",null]
16 verbose parsed url { protocol: null,
16 verbose parsed url   slashes: null,
16 verbose parsed url   auth: null,
16 verbose parsed url   host: null,
16 verbose parsed url   port: null,
16 verbose parsed url   hostname: null,
16 verbose parsed url   hash: null,
16 verbose parsed url   search: null,
16 verbose parsed url   query: null,
16 verbose parsed url   pathname: 'express@^3.x',
16 verbose parsed url   path: 'express@^3.x',
16 verbose parsed url   href: 'express@^3.x' }
17 verbose cache add [ 'mongodb@~1.3.9', null ]
18 verbose cache add name=undefined spec="mongodb@~1.3.9" args=["mongodb@~1.3.9",null]
19 verbose parsed url { protocol: null,
19 verbose parsed url   slashes: null,
19 verbose parsed url   auth: null,
19 verbose parsed url   host: null,
19 verbose parsed url   port: null,
19 verbose parsed url   hostname: null,
19 verbose parsed url   hash: null,
19 verbose parsed url   search: null,
19 verbose parsed url   query: null,
19 verbose parsed url   pathname: 'mongodb@~1.3.9',
19 verbose parsed url   path: 'mongodb@~1.3.9',
19 verbose parsed url   href: 'mongodb@~1.3.9' }
20 verbose cache add [ 'swig@~0.14.0', null ]
21 verbose cache add name=undefined spec="swig@~0.14.0" args=["swig@~0.14.0",null]
22 verbose parsed url { protocol: null,
22 verbose parsed url   slashes: null,
22 verbose parsed url   auth: null,
22 verbose parsed url   host: null,
22 verbose parsed url   port: null,
22 verbose parsed url   hostname: null,
22 verbose parsed url   hash: null,
22 verbose parsed url   search: null,
22 verbose parsed url   query: null,
22 verbose parsed url   pathname: 'swig@~0.14.0',
22 verbose parsed url   path: 'swig@~0.14.0',
22 verbose parsed url   href: 'swig@~0.14.0' }
23 verbose cache add name="bcrypt-nodejs" spec="~0.0.3" args=["bcrypt-nodejs","~0.0.3"]
24 verbose parsed url { protocol: null,
24 verbose parsed url   slashes: null,
24 verbose parsed url   auth: null,
24 verbose parsed url   host: null,
24 verbose parsed url   port: null,
24 verbose parsed url   hostname: null,
24 verbose parsed url   hash: null,
24 verbose parsed url   search: null,
24 verbose parsed url   query: null,
24 verbose parsed url   pathname: '~0.0.3',
24 verbose parsed url   path: '~0.0.3',
24 verbose parsed url   href: '~0.0.3' }
25 verbose addNamed [ 'bcrypt-nodejs', '~0.0.3' ]
26 verbose addNamed [ null, '>=0.0.3-0 <0.1.0-0' ]
27 verbose cache add name="consolidate" spec="~0.9.1" args=["consolidate","~0.9.1"]
28 verbose parsed url { protocol: null,
28 verbose parsed url   slashes: null,
28 verbose parsed url   auth: null,
28 verbose parsed url   host: null,
28 verbose parsed url   port: null,
28 verbose parsed url   hostname: null,
28 verbose parsed url   hash: null,
28 verbose parsed url   search: null,
28 verbose parsed url   query: null,
28 verbose parsed url   pathname: '~0.9.1',
28 verbose parsed url   path: '~0.9.1',
28 verbose parsed url   href: '~0.9.1' }
29 verbose addNamed [ 'consolidate', '~0.9.1' ]
30 verbose addNamed [ null, '>=0.9.1-0 <0.10.0-0' ]
31 verbose cache add name="express" spec="^3.x" args=["express","^3.x"]
32 verbose parsed url { protocol: null,
32 verbose parsed url   slashes: null,
32 verbose parsed url   auth: null,
32 verbose parsed url   host: null,
32 verbose parsed url   port: null,
32 verbose parsed url   hostname: null,
32 verbose parsed url   hash: null,
32 verbose parsed url   search: null,
32 verbose parsed url   query: null,
32 verbose parsed url   pathname: '^3.x',
32 verbose parsed url   path: '^3.x',
32 verbose parsed url   href: '^3.x' }
33 verbose addNamed [ 'express', '^3.x' ]
34 verbose addNamed [ null, '>=3.0.0-0 <4.0.0-0' ]
35 verbose cache add name="mongodb" spec="~1.3.9" args=["mongodb","~1.3.9"]
36 verbose parsed url { protocol: null,
36 verbose parsed url   slashes: null,
36 verbose parsed url   auth: null,
36 verbose parsed url   host: null,
36 verbose parsed url   port: null,
36 verbose parsed url   hostname: null,
36 verbose parsed url   hash: null,
36 verbose parsed url   search: null,
36 verbose parsed url   query: null,
36 verbose parsed url   pathname: '~1.3.9',
36 verbose parsed url   path: '~1.3.9',
36 verbose parsed url   href: '~1.3.9' }
37 verbose addNamed [ 'mongodb', '~1.3.9' ]
38 verbose addNamed [ null, '>=1.3.9-0 <1.4.0-0' ]
39 verbose cache add [ 'validator@~1.1.3', null ]
40 verbose cache add name=undefined spec="validator@~1.1.3" args=["validator@~1.1.3",null]
41 verbose parsed url { protocol: null,
41 verbose parsed url   slashes: null,
41 verbose parsed url   auth: null,
41 verbose parsed url   host: null,
41 verbose parsed url   port: null,
41 verbose parsed url   hostname: null,
41 verbose parsed url   hash: null,
41 verbose parsed url   search: null,
41 verbose parsed url   query: null,
41 verbose parsed url   pathname: 'validator@~1.1.3',
41 verbose parsed url   path: 'validator@~1.1.3',
41 verbose parsed url   href: 'validator@~1.1.3' }
42 verbose cache add name="swig" spec="~0.14.0" args=["swig","~0.14.0"]
43 verbose parsed url { protocol: null,
43 verbose parsed url   slashes: null,
43 verbose parsed url   auth: null,
43 verbose parsed url   host: null,
43 verbose parsed url   port: null,
43 verbose parsed url   hostname: null,
43 verbose parsed url   hash: null,
43 verbose parsed url   search: null,
43 verbose parsed url   query: null,
43 verbose parsed url   pathname: '~0.14.0',
43 verbose parsed url   path: '~0.14.0',
43 verbose parsed url   href: '~0.14.0' }
44 verbose addNamed [ 'swig', '~0.14.0' ]
45 verbose addNamed [ null, '>=0.14.0-0 <0.15.0-0' ]
46 silly lockFile bff3bad1-bcrypt-nodejs-0-0-3 bcrypt-nodejs@~0.0.3
47 verbose lock bcrypt-nodejs@~0.0.3 /Users/peiyang/.npm/bff3bad1-bcrypt-nodejs-0-0-3.lock
48 silly lockFile 25e694a9-consolidate-0-9-1 consolidate@~0.9.1
49 verbose lock consolidate@~0.9.1 /Users/peiyang/.npm/25e694a9-consolidate-0-9-1.lock
50 silly lockFile 10e83b68-express-3-x express@^3.x
51 verbose lock express@^3.x /Users/peiyang/.npm/10e83b68-express-3-x.lock
52 silly lockFile 8b06adb6-mongodb-1-3-9 mongodb@~1.3.9
53 verbose lock mongodb@~1.3.9 /Users/peiyang/.npm/8b06adb6-mongodb-1-3-9.lock
54 silly lockFile a7d16bf6-swig-0-14-0 swig@~0.14.0
55 verbose lock swig@~0.14.0 /Users/peiyang/.npm/a7d16bf6-swig-0-14-0.lock
56 verbose cache add name="validator" spec="~1.1.3" args=["validator","~1.1.3"]
57 verbose parsed url { protocol: null,
57 verbose parsed url   slashes: null,
57 verbose parsed url   auth: null,
57 verbose parsed url   host: null,
57 verbose parsed url   port: null,
57 verbose parsed url   hostname: null,
57 verbose parsed url   hash: null,
57 verbose parsed url   search: null,
57 verbose parsed url   query: null,
57 verbose parsed url   pathname: '~1.1.3',
57 verbose parsed url   path: '~1.1.3',
57 verbose parsed url   href: '~1.1.3' }
58 verbose addNamed [ 'validator', '~1.1.3' ]
59 verbose addNamed [ null, '>=1.1.3-0 <1.2.0-0' ]
60 silly lockFile 035ef02a-validator-1-1-3 validator@~1.1.3
61 verbose lock validator@~1.1.3 /Users/peiyang/.npm/035ef02a-validator-1-1-3.lock
62 silly addNameRange { name: 'bcrypt-nodejs',
62 silly addNameRange   range: '>=0.0.3-0 <0.1.0-0',
62 silly addNameRange   hasData: false }
63 silly addNameRange { name: 'consolidate',
63 silly addNameRange   range: '>=0.9.1-0 <0.10.0-0',
63 silly addNameRange   hasData: false }
64 silly addNameRange { name: 'express', range: '>=3.0.0-0 <4.0.0-0', hasData: false }
65 silly addNameRange { name: 'mongodb', range: '>=1.3.9-0 <1.4.0-0', hasData: false }
66 silly addNameRange { name: 'swig', range: '>=0.14.0-0 <0.15.0-0', hasData: false }
67 silly addNameRange { name: 'validator',
67 silly addNameRange   range: '>=1.1.3-0 <1.2.0-0',
67 silly addNameRange   hasData: false }
68 verbose request where is /bcrypt-nodejs
69 verbose request registry https://registry.npmjs.org/
70 verbose request id 3f6f8a8187328001
71 verbose url raw /bcrypt-nodejs
72 verbose url resolving [ 'https://registry.npmjs.org/', './bcrypt-nodejs' ]
73 verbose url resolved https://registry.npmjs.org/bcrypt-nodejs
74 verbose request where is https://registry.npmjs.org/bcrypt-nodejs
75 info trying registry request attempt 1 at 20:03:29
76 http GET https://registry.npmjs.org/bcrypt-nodejs
77 verbose request where is /validator
78 verbose request registry https://registry.npmjs.org/
79 verbose url raw /validator
80 verbose url resolving [ 'https://registry.npmjs.org/', './validator' ]
81 verbose url resolved https://registry.npmjs.org/validator
82 verbose request where is https://registry.npmjs.org/validator
83 info trying registry request attempt 1 at 20:03:29
84 http GET https://registry.npmjs.org/validator
85 verbose request where is /consolidate
86 verbose request registry https://registry.npmjs.org/
87 verbose url raw /consolidate
88 verbose url resolving [ 'https://registry.npmjs.org/', './consolidate' ]
89 verbose url resolved https://registry.npmjs.org/consolidate
90 verbose request where is https://registry.npmjs.org/consolidate
91 info trying registry request attempt 1 at 20:03:29
92 verbose etag "8QETIK1YH9R6636CDAC4VWUTA"
93 http GET https://registry.npmjs.org/consolidate
94 verbose request where is /express
95 verbose request registry https://registry.npmjs.org/
96 verbose url raw /express
97 verbose url resolving [ 'https://registry.npmjs.org/', './express' ]
98 verbose url resolved https://registry.npmjs.org/express
99 verbose request where is https://registry.npmjs.org/express
100 info trying registry request attempt 1 at 20:03:29
101 verbose etag "C4F8T6N1Q2G5OYIZL3CMXG287"
102 http GET https://registry.npmjs.org/express
103 verbose request where is /swig
104 verbose request registry https://registry.npmjs.org/
105 verbose url raw /swig
106 verbose url resolving [ 'https://registry.npmjs.org/', './swig' ]
107 verbose url resolved https://registry.npmjs.org/swig
108 verbose request where is https://registry.npmjs.org/swig
109 info trying registry request attempt 1 at 20:03:29
110 verbose etag "5CTR9PFKG5S5VSB2JXESX2YNK"
111 http GET https://registry.npmjs.org/swig
112 verbose request where is /mongodb
113 verbose request registry https://registry.npmjs.org/
114 verbose url raw /mongodb
115 verbose url resolving [ 'https://registry.npmjs.org/', './mongodb' ]
116 verbose url resolved https://registry.npmjs.org/mongodb
117 verbose request where is https://registry.npmjs.org/mongodb
118 info trying registry request attempt 1 at 20:03:29
119 verbose etag "8QWN76QPY59XI7UBPZG90D8LU"
120 http GET https://registry.npmjs.org/mongodb
121 http 200 https://registry.npmjs.org/swig
122 silly registry.get cb [ 200,
122 silly registry.get   { date: 'Sat, 17 Jan 2015 04:03:29 GMT',
122 silly registry.get     server: 'CouchDB/1.5.0 (Erlang OTP/R16B03)',
122 silly registry.get     etag: '"380ZLU2AMX01X8OU5IKHSD72J"',
122 silly registry.get     'content-type': 'application/json',
122 silly registry.get     'cache-control': 'max-age=60',
122 silly registry.get     'content-length': '75841',
122 silly registry.get     'accept-ranges': 'bytes',
122 silly registry.get     via: '1.1 varnish',
122 silly registry.get     age: '47',
122 silly registry.get     'x-served-by': 'cache-lax1421-LAX',
122 silly registry.get     'x-cache': 'HIT',
122 silly registry.get     'x-cache-hits': '1',
122 silly registry.get     'x-timer': 'S1421467409.722611,VS0,VE1',
122 silly registry.get     vary: 'Accept',
122 silly registry.get     'keep-alive': 'timeout=10, max=50',
122 silly registry.get     connection: 'Keep-Alive' } ]
123 silly addNameRange number 2 { name: 'swig', range: '>=0.14.0-0 <0.15.0-0', hasData: true }
124 silly addNameRange versions [ 'swig',
124 silly addNameRange   [ '0.1.1',
124 silly addNameRange     '0.1.2',
124 silly addNameRange     '0.1.3',
124 silly addNameRange     '0.1.5',
124 silly addNameRange     '0.1.6',
124 silly addNameRange     '0.1.7',
124 silly addNameRange     '0.1.8',
124 silly addNameRange     '0.1.9',
124 silly addNameRange     '0.2.0',
124 silly addNameRange     '0.2.1',
124 silly addNameRange     '0.2.2',
124 silly addNameRange     '0.2.3',
124 silly addNameRange     '0.3.0',
124 silly addNameRange     '0.4.0',
124 silly addNameRange     '0.5.0',
124 silly addNameRange     '0.6.0',
124 silly addNameRange     '0.6.1',
124 silly addNameRange     '0.7.0',
124 silly addNameRange     '0.8.0',
124 silly addNameRange     '0.9.0',
124 silly addNameRange     '0.9.1',
124 silly addNameRange     '0.9.2',
124 silly addNameRange     '0.9.3',
124 silly addNameRange     '0.9.4',
124 silly addNameRange     '0.10.0',
124 silly addNameRange     '0.11.0',
124 silly addNameRange     '0.11.1',
124 silly addNameRange     '0.11.2',
124 silly addNameRange     '0.12.0',
124 silly addNameRange     '0.12.1',
124 silly addNameRange     '0.13.0',
124 silly addNameRange     '0.13.1',
124 silly addNameRange     '0.13.2',
124 silly addNameRange     '0.13.3',
124 silly addNameRange     '0.13.4',
124 silly addNameRange     '0.13.5',
124 silly addNameRange     '0.14.0',
124 silly addNameRange     '1.0.0-pre1',
124 silly addNameRange     '1.0.0-pre2',
124 silly addNameRange     '1.0.0-pre3',
124 silly addNameRange     '1.0.0-rc1',
124 silly addNameRange     '1.0.0-rc2',
124 silly addNameRange     '1.0.0-rc3',
124 silly addNameRange     '1.0.0',
124 silly addNameRange     '1.1.0',
124 silly addNameRange     '1.2.0',
124 silly addNameRange     '1.2.1',
124 silly addNameRange     '1.2.2',
124 silly addNameRange     '1.3.0',
124 silly addNameRange     '1.3.2',
124 silly addNameRange     '1.4.0',
124 silly addNameRange     '1.4.1',
124 silly addNameRange     '1.4.2' ] ]
125 verbose addNamed [ 'swig', '0.14.0' ]
126 verbose addNamed [ '0.14.0', '0.14.0' ]
127 silly lockFile ef70b243-swig-0-14-0 swig@0.14.0
128 verbose lock swig@0.14.0 /Users/peiyang/.npm/ef70b243-swig-0-14-0.lock
129 warn deprecated swig@0.14.0: v1.0.0 is a complete rewrite of Swig from the ground up. Previous versions are no longer supported
130 silly lockFile ef70b243-swig-0-14-0 swig@0.14.0
131 silly lockFile ef70b243-swig-0-14-0 swig@0.14.0
132 silly lockFile a7d16bf6-swig-0-14-0 swig@~0.14.0
133 silly lockFile a7d16bf6-swig-0-14-0 swig@~0.14.0
134 http 200 https://registry.npmjs.org/consolidate
135 silly registry.get cb [ 200,
135 silly registry.get   { date: 'Sat, 17 Jan 2015 04:03:29 GMT',
135 silly registry.get     server: 'CouchDB/1.5.0 (Erlang OTP/R16B03)',
135 silly registry.get     etag: '"6U3R0HCGDTHVQ9E8SV7CRFUHK"',
135 silly registry.get     'content-type': 'application/json',
135 silly registry.get     'cache-control': 'max-age=60',
135 silly registry.get     'content-length': '20837',
135 silly registry.get     'accept-ranges': 'bytes',
135 silly registry.get     via: '1.1 varnish',
135 silly registry.get     age: '0',
135 silly registry.get     'x-served-by': 'cache-lax1433-LAX',
135 silly registry.get     'x-cache': 'HIT',
135 silly registry.get     'x-cache-hits': '1',
135 silly registry.get     'x-timer': 'S1421467409.702887,VS0,VE72',
135 silly registry.get     vary: 'Accept',
135 silly registry.get     'keep-alive': 'timeout=10, max=50',
135 silly registry.get     connection: 'Keep-Alive' } ]
136 silly addNameRange number 2 { name: 'consolidate',
136 silly addNameRange   range: '>=0.9.1-0 <0.10.0-0',
136 silly addNameRange   hasData: true }
137 silly addNameRange versions [ 'consolidate',
137 silly addNameRange   [ '0.0.1',
137 silly addNameRange     '0.1.0',
137 silly addNameRange     '0.2.0',
137 silly addNameRange     '0.3.0',
137 silly addNameRange     '0.3.1',
137 silly addNameRange     '0.4.0',
137 silly addNameRange     '0.5.0',
137 silly addNameRange     '0.6.0',
137 silly addNameRange     '0.7.0',
137 silly addNameRange     '0.8.0',
137 silly addNameRange     '0.9.0',
137 silly addNameRange     '0.9.1',
137 silly addNameRange     '0.10.0' ] ]
138 verbose addNamed [ 'consolidate', '0.9.1' ]
139 verbose addNamed [ '0.9.1', '0.9.1' ]
140 silly lockFile 8ae528db-consolidate-0-9-1 consolidate@0.9.1
141 verbose lock consolidate@0.9.1 /Users/peiyang/.npm/8ae528db-consolidate-0-9-1.lock
142 silly lockFile 8ae528db-consolidate-0-9-1 consolidate@0.9.1
143 silly lockFile 8ae528db-consolidate-0-9-1 consolidate@0.9.1
144 silly lockFile 25e694a9-consolidate-0-9-1 consolidate@~0.9.1
145 silly lockFile 25e694a9-consolidate-0-9-1 consolidate@~0.9.1
146 http 200 https://registry.npmjs.org/express
147 silly registry.get cb [ 200,
147 silly registry.get   { date: 'Sat, 17 Jan 2015 04:03:29 GMT',
147 silly registry.get     server: 'CouchDB/1.5.0 (Erlang OTP/R16B03)',
147 silly registry.get     etag: '"7MXEFLF4JL6AYGCYSTTYJE0FM"',
147 silly registry.get     'content-type': 'application/json',
147 silly registry.get     'cache-control': 'max-age=60',
147 silly registry.get     'content-length': '457400',
147 silly registry.get     'accept-ranges': 'bytes',
147 silly registry.get     via: '1.1 varnish',
147 silly registry.get     age: '15',
147 silly registry.get     'x-served-by': 'cache-lax1426-LAX',
147 silly registry.get     'x-cache': 'HIT',
147 silly registry.get     'x-cache-hits': '1',
147 silly registry.get     'x-timer': 'S1421467409.702792,VS0,VE1',
147 silly registry.get     vary: 'Accept',
147 silly registry.get     'keep-alive': 'timeout=10, max=50',
147 silly registry.get     connection: 'Keep-Alive' } ]
148 http 200 https://registry.npmjs.org/bcrypt-nodejs
149 silly registry.get cb [ 200,
149 silly registry.get   { date: 'Sat, 17 Jan 2015 04:03:29 GMT',
149 silly registry.get     server: 'CouchDB/1.5.0 (Erlang OTP/R16B03)',
149 silly registry.get     etag: '"BU3JX5L0MNOLY9A0IPJI5PC6M"',
149 silly registry.get     'content-type': 'application/json',
149 silly registry.get     'cache-control': 'max-age=60',
149 silly registry.get     'content-length': '21396',
149 silly registry.get     'accept-ranges': 'bytes',
149 silly registry.get     via: '1.1 varnish',
149 silly registry.get     age: '0',
149 silly registry.get     'x-served-by': 'cache-lax1433-LAX',
149 silly registry.get     'x-cache': 'MISS',
149 silly registry.get     'x-cache-hits': '0',
149 silly registry.get     'x-timer': 'S1421467409.702681,VS0,VE176',
149 silly registry.get     vary: 'Accept',
149 silly registry.get     'keep-alive': 'timeout=10, max=50',
149 silly registry.get     connection: 'Keep-Alive' } ]
150 silly addNameRange number 2 { name: 'express', range: '>=3.0.0-0 <4.0.0-0', hasData: true }
151 silly addNameRange versions [ 'express',
151 silly addNameRange   [ '0.14.0',
151 silly addNameRange     '0.14.1',
151 silly addNameRange     '1.0.0',
151 silly addNameRange     '1.0.1',
151 silly addNameRange     '1.0.2',
151 silly addNameRange     '1.0.3',
151 silly addNameRange     '1.0.4',
151 silly addNameRange     '1.0.5',
151 silly addNameRange     '1.0.6',
151 silly addNameRange     '1.0.7',
151 silly addNameRange     '1.0.8',
151 silly addNameRange     '2.0.0',
151 silly addNameRange     '2.1.0',
151 silly addNameRange     '2.1.1',
151 silly addNameRange     '2.2.0',
151 silly addNameRange     '2.2.1',
151 silly addNameRange     '2.2.2',
151 silly addNameRange     '2.3.0',
151 silly addNameRange     '2.3.1',
151 silly addNameRange     '2.3.2',
151 silly addNameRange     '2.3.3',
151 silly addNameRange     '2.3.4',
151 silly addNameRange     '2.3.5',
151 silly addNameRange     '2.3.6',
151 silly addNameRange     '2.3.7',
151 silly addNameRange     '2.3.8',
151 silly addNameRange     '2.3.9',
151 silly addNameRange     '2.3.10',
151 silly addNameRange     '2.3.11',
151 silly addNameRange     '2.3.12',
151 silly addNameRange     '2.4.0',
151 silly addNameRange     '2.4.1',
151 silly addNameRange     '2.4.2',
151 silly addNameRange     '2.4.3',
151 silly addNameRange     '2.4.4',
151 silly addNameRange     '2.4.5',
151 silly addNameRange     '2.4.6',
151 silly addNameRange     '2.4.7',
151 silly addNameRange     '2.5.0',
151 silly addNameRange     '2.5.1',
151 silly addNameRange     '2.5.2',
151 silly addNameRange     '2.5.3',
151 silly addNameRange     '2.5.4',
151 silly addNameRange     '2.5.5',
151 silly addNameRange     '2.5.6',
151 silly addNameRange     '2.5.7',
151 silly addNameRange     '2.5.8',
151 silly addNameRange     '2.5.9',
151 silly addNameRange     '2.5.10',
151 silly addNameRange     '2.5.11',
151 silly addNameRange     '3.0.0',
151 silly addNameRange     '3.0.1',
151 silly addNameRange     '3.0.2',
151 silly addNameRange     '3.0.3',
151 silly addNameRange     '3.0.4',
151 silly addNameRange     '3.0.5',
151 silly addNameRange     '3.0.6',
151 silly addNameRange     '3.1.0',
151 silly addNameRange     '3.1.1',
151 silly addNameRange     '3.1.2',
151 silly addNameRange     '3.2.0',
151 silly addNameRange     '3.2.1',
151 silly addNameRange     '3.2.2',
151 silly addNameRange     '3.2.3',
151 silly addNameRange     '3.2.4',
151 silly addNameRange     '3.2.5',
151 silly addNameRange     '3.2.6',
151 silly addNameRange     '3.3.0',
151 silly addNameRange     '3.3.1',
151 silly addNameRange     '3.3.2',
151 silly addNameRange     '3.3.3',
151 silly addNameRange     '3.3.4',
151 silly addNameRange     '3.3.5',
151 silly addNameRange     '3.3.6',
151 silly addNameRange     '1.0.0-beta',
151 silly addNameRange     '1.0.0-beta2',
151 silly addNameRange     '1.0.0-rc',
151 silly addNameRange     '1.0.0-rc2',
151 silly addNameRange     '1.0.0-rc3',
151 silly addNameRange     '1.0.0-rc4',
151 silly addNameRange     '2.0.0-beta',
151 silly addNameRange     '2.0.0-beta2',
151 silly addNameRange     '2.0.0-beta3',
151 silly addNameRange     '2.0.0-rc',
151 silly addNameRange     '2.0.0-rc2',
151 silly addNameRange     '2.0.0-rc3',
151 silly addNameRange     '3.0.0-alpha1',
151 silly addNameRange     '3.0.0-alpha2',
151 silly addNameRange     '3.0.0-alpha3',
151 silly addNameRange     '3.0.0-alpha4',
151 silly addNameRange     '3.0.0-alpha5',
151 silly addNameRange     '3.0.0-beta1',
151 silly addNameRange     '3.0.0-beta2',
151 silly addNameRange     '3.0.0-beta3',
151 silly addNameRange     '3.0.0-beta4',
151 silly addNameRange     '3.0.0-beta6',
151 silly addNameRange     '3.0.0-beta7',
151 silly addNameRange     '3.0.0-rc1',
151 silly addNameRange     '3.0.0-rc2',
151 silly addNameRange     '3.0.0-rc3',
151 silly addNameRange     '3.0.0-rc4',
151 silly addNameRange     '3.0.0-rc5',
151 silly addNameRange     '3.3.7',
151 silly addNameRange     '3.3.8',
151 silly addNameRange     '3.4.0',
151 silly addNameRange     '3.4.1',
151 silly addNameRange     '3.4.2',
151 silly addNameRange     '3.4.3',
151 silly addNameRange     '3.4.4',
151 silly addNameRange     '3.4.5',
151 silly addNameRange     '3.4.6',
151 silly addNameRange     '3.4.7',
151 silly addNameRange     '3.4.8',
151 silly addNameRange     '4.0.0-rc1',
151 silly addNameRange     '4.0.0-rc2',
151 silly addNameRange     '3.5.0',
151 silly addNameRange     '4.0.0-rc3',
151 silly addNameRange     '4.0.0-rc4',
151 silly addNameRange     '3.5.1',
151 silly addNameRange     '4.0.0',
151 silly addNameRange     '3.5.2',
151 silly addNameRange     '4.1.0',
151 silly addNameRange     '4.1.1',
151 silly addNameRange     '3.5.3',
151 silly addNameRange     '4.1.2',
151 silly addNameRange     '3.6.0',
151 silly addNameRange     '4.2.0',
151 silly addNameRange     '3.7.0',
151 silly addNameRange     '3.8.0',
151 silly addNameRange     '4.3.0',
151 silly addNameRange     '4.3.1',
151 silly addNameRange     '3.8.1',
151 silly addNameRange     '4.3.2',
151 silly addNameRange     '3.9.0',
151 silly addNameRange     '4.4.0',
151 silly addNameRange     '4.4.1',
151 silly addNameRange     '3.10.0',
151 silly addNameRange     '3.10.1',
151 silly addNameRange     '3.10.2',
151 silly addNameRange     '3.10.3',
151 silly addNameRange     '3.10.4',
151 silly addNameRange     '4.4.2',
151 silly addNameRange     '3.10.5',
151 silly addNameRange     '4.4.3',
151 silly addNameRange     '3.11.0',
151 silly addNameRange     '4.4.4',
151 silly addNameRange     '3.12.0',
151 silly addNameRange     '3.12.1',
151 silly addNameRange     '4.4.5',
151 silly addNameRange     '3.13.0',
151 silly addNameRange     '4.5.0',
151 silly addNameRange     '4.5.1',
151 silly addNameRange     '3.14.0',
151 silly addNameRange     '4.6.0',
151 silly addNameRange     '4.6.1',
151 silly addNameRange     '3.15.0',
151 silly addNameRange     '4.7.0',
151 silly addNameRange     '3.15.1',
151 silly addNameRange     '4.7.1',
151 silly addNameRange     '3.15.2',
151 silly addNameRange     '4.7.2',
151 silly addNameRange     '4.7.3',
151 silly addNameRange     '3.15.3',
151 silly addNameRange     '4.7.4',
151 silly addNameRange     '3.16.0',
151 silly addNameRange     '4.8.0',
151 silly addNameRange     '3.16.1',
151 silly addNameRange     '4.8.1',
151 silly addNameRange     '3.16.2',
151 silly addNameRange     '4.8.2',
151 silly addNameRange     '3.16.3',
151 silly addNameRange     '3.16.4',
151 silly addNameRange     '4.8.3',
151 silly addNameRange     '3.16.5',
151 silly addNameRange     '3.16.6',
151 silly addNameRange     '4.8.4',
151 silly addNameRange     '3.16.7',
151 silly addNameRange     '4.8.5',
151 silly addNameRange     '3.16.8',
151 silly addNameRange     '4.8.6',
151 silly addNameRange     '3.16.9',
151 silly addNameRange     '4.8.7',
151 silly addNameRange     '3.16.10',
151 silly addNameRange     '4.8.8',
151 silly addNameRange     '3.17.0',
151 silly addNameRange     '3.17.1',
151 silly addNameRange     '4.9.0',
151 silly addNameRange     '3.17.2',
151 silly addNameRange     '4.9.1',
151 silly addNameRange     '4.9.2',
151 silly addNameRange     '3.17.3',
151 silly addNameRange     '4.9.3',
151 silly addNameRange     '3.17.4',
151 silly addNameRange     '4.9.4',
151 silly addNameRange     '3.17.5',
151 silly addNameRange     '4.9.5',
151 silly addNameRange     '3.17.6',
151 silly addNameRange     '3.17.7',
151 silly addNameRange     '4.9.6',
151 silly addNameRange     '4.9.7',
151 silly addNameRange     '3.17.8',
151 silly addNameRange     '4.9.8',
151 silly addNameRange     '3.18.0',
151 silly addNameRange     '3.18.1',
151 silly addNameRange     '4.10.0',
151 silly addNameRange     '3.18.2',
151 silly addNameRange     '4.10.1',
151 silly addNameRange     '5.0.0-alpha.1',
151 silly addNameRange     '3.18.3',
151 silly addNameRange     '4.10.2',
151 silly addNameRange     '3.18.4',
151 silly addNameRange     '4.10.3',
151 silly addNameRange     '4.10.4',
151 silly addNameRange     '4.10.5',
151 silly addNameRange     '3.18.5',
151 silly addNameRange     '3.18.6',
151 silly addNameRange     '4.10.6',
151 silly addNameRange     '4.10.7',
151 silly addNameRange     '3.19.0',
151 silly addNameRange     '4.10.8',
151 silly addNameRange     '4.11.0' ] ]
152 verbose addNamed [ 'express', '3.19.0' ]
153 verbose addNamed [ '3.19.0', '3.19.0' ]
154 silly lockFile e5866c7c-express-3-19-0 express@3.19.0
155 verbose lock express@3.19.0 /Users/peiyang/.npm/e5866c7c-express-3-19-0.lock
156 silly lockFile ef6fe2c1-s-org-express-express-3-19-0-tgz https://registry.npmjs.org/express/-/express-3.19.0.tgz
157 verbose lock https://registry.npmjs.org/express/-/express-3.19.0.tgz /Users/peiyang/.npm/ef6fe2c1-s-org-express-express-3-19-0-tgz.lock
158 silly addNameRange number 2 { name: 'bcrypt-nodejs',
158 silly addNameRange   range: '>=0.0.3-0 <0.1.0-0',
158 silly addNameRange   hasData: true }
159 silly addNameRange versions [ 'bcrypt-nodejs', [ '0.0.1', '0.0.2', '0.0.3' ] ]
160 verbose addNamed [ 'bcrypt-nodejs', '0.0.3' ]
161 verbose addNamed [ '0.0.3', '0.0.3' ]
162 silly lockFile 30db234c-bcrypt-nodejs-0-0-3 bcrypt-nodejs@0.0.3
163 verbose lock bcrypt-nodejs@0.0.3 /Users/peiyang/.npm/30db234c-bcrypt-nodejs-0-0-3.lock
164 verbose addRemoteTarball [ 'https://registry.npmjs.org/express/-/express-3.19.0.tgz',
164 verbose addRemoteTarball   'cdac51029ccd012840d74c8c9a05834ac3a23a25' ]
165 silly lockFile dd840248-t-nodejs-bcrypt-nodejs-0-0-3-tgz https://registry.npmjs.org/bcrypt-nodejs/-/bcrypt-nodejs-0.0.3.tgz
166 verbose lock https://registry.npmjs.org/bcrypt-nodejs/-/bcrypt-nodejs-0.0.3.tgz /Users/peiyang/.npm/dd840248-t-nodejs-bcrypt-nodejs-0-0-3-tgz.lock
167 verbose addRemoteTarball [ 'https://registry.npmjs.org/bcrypt-nodejs/-/bcrypt-nodejs-0.0.3.tgz',
167 verbose addRemoteTarball   'c60917f26dc235661566c681061c303c2b28842b' ]
168 info retry fetch attempt 1 at 20:03:29
169 verbose fetch to= /var/folders/ln/vp5rgr314xn7zj3xb18lbp2h0000gn/T/npm-31738-_To0yTq5/registry.npmjs.org/express/-/express-3.19.0.tgz
170 info retry fetch attempt 1 at 20:03:29
171 verbose fetch to= /var/folders/ln/vp5rgr314xn7zj3xb18lbp2h0000gn/T/npm-31738-_To0yTq5/registry.npmjs.org/bcrypt-nodejs/-/bcrypt-nodejs-0.0.3.tgz
172 http GET https://registry.npmjs.org/express/-/express-3.19.0.tgz
173 http GET https://registry.npmjs.org/bcrypt-nodejs/-/bcrypt-nodejs-0.0.3.tgz
174 http 200 https://registry.npmjs.org/bcrypt-nodejs/-/bcrypt-nodejs-0.0.3.tgz
175 silly lockFile dd840248-t-nodejs-bcrypt-nodejs-0-0-3-tgz https://registry.npmjs.org/bcrypt-nodejs/-/bcrypt-nodejs-0.0.3.tgz
176 silly lockFile dd840248-t-nodejs-bcrypt-nodejs-0-0-3-tgz https://registry.npmjs.org/bcrypt-nodejs/-/bcrypt-nodejs-0.0.3.tgz
177 silly lockFile 30db234c-bcrypt-nodejs-0-0-3 bcrypt-nodejs@0.0.3
178 silly lockFile 30db234c-bcrypt-nodejs-0-0-3 bcrypt-nodejs@0.0.3
179 silly lockFile bff3bad1-bcrypt-nodejs-0-0-3 bcrypt-nodejs@~0.0.3
180 silly lockFile bff3bad1-bcrypt-nodejs-0-0-3 bcrypt-nodejs@~0.0.3
181 http 200 https://registry.npmjs.org/express/-/express-3.19.0.tgz
182 http 200 https://registry.npmjs.org/mongodb
183 silly registry.get cb [ 200,
183 silly registry.get   { date: 'Sat, 17 Jan 2015 04:03:29 GMT',
183 silly registry.get     server: 'CouchDB/1.5.0 (Erlang OTP/R16B03)',
183 silly registry.get     etag: '"BNTYK5VEHK223ZODOLHM0WRD"',
183 silly registry.get     'content-type': 'application/json',
183 silly registry.get     'cache-control': 'max-age=60',
183 silly registry.get     'content-length': '405828',
183 silly registry.get     'accept-ranges': 'bytes',
183 silly registry.get     via: '1.1 varnish',
183 silly registry.get     age: '0',
183 silly registry.get     'x-served-by': 'cache-lax1421-LAX',
183 silly registry.get     'x-cache': 'HIT',
183 silly registry.get     'x-cache-hits': '1',
183 silly registry.get     'x-timer': 'S1421467409.814186,VS0,VE180',
183 silly registry.get     vary: 'Accept',
183 silly registry.get     'keep-alive': 'timeout=10, max=49',
183 silly registry.get     connection: 'Keep-Alive' } ]
184 http 200 https://registry.npmjs.org/validator
185 silly registry.get cb [ 200,
185 silly registry.get   { date: 'Sat, 17 Jan 2015 04:03:30 GMT',
185 silly registry.get     server: 'CouchDB/1.5.0 (Erlang OTP/R16B03)',
185 silly registry.get     etag: '"65691FB9J3PG4IYEBEVG2YY29"',
185 silly registry.get     'content-type': 'application/json',
185 silly registry.get     'cache-control': 'max-age=60',
185 silly registry.get     'content-length': '149313',
185 silly registry.get     'accept-ranges': 'bytes',
185 silly registry.get     via: '1.1 varnish',
185 silly registry.get     age: '0',
185 silly registry.get     'x-served-by': 'cache-lax1424-LAX',
185 silly registry.get     'x-cache': 'HIT',
185 silly registry.get     'x-cache-hits': '1',
185 silly registry.get     'x-timer': 'S1421467409.702645,VS0,VE307',
185 silly registry.get     vary: 'Accept',
185 silly registry.get     'keep-alive': 'timeout=10, max=50',
185 silly registry.get     connection: 'Keep-Alive' } ]
186 silly addNameRange number 2 { name: 'mongodb', range: '>=1.3.9-0 <1.4.0-0', hasData: true }
187 silly addNameRange versions [ 'mongodb',
187 silly addNameRange   [ '0.9.4',
187 silly addNameRange     '0.9.4-4',
187 silly addNameRange     '0.9.3',
187 silly addNameRange     '0.9.1',
187 silly addNameRange     '0.9.2',
187 silly addNameRange     '0.9.6-7',
187 silly addNameRange     '0.9.6-8',
187 silly addNameRange     '0.9.6-9',
187 silly addNameRange     '0.9.6-10',
187 silly addNameRange     '0.9.6-11',
187 silly addNameRange     '0.9.6-12',
187 silly addNameRange     '0.9.6-13',
187 silly addNameRange     '0.9.6-14',
187 silly addNameRange     '0.9.6-15',
187 silly addNameRange     '0.9.6-16',
187 silly addNameRange     '0.9.6-17',
187 silly addNameRange     '0.9.6-18',
187 silly addNameRange     '0.9.6-19',
187 silly addNameRange     '0.9.6-20',
187 silly addNameRange     '0.9.6-21',
187 silly addNameRange     '0.9.6-22',
187 silly addNameRange     '0.9.6-23',
187 silly addNameRange     '0.9.7',
187 silly addNameRange     '0.9.7-0',
187 silly addNameRange     '0.9.7-1',
187 silly addNameRange     '0.9.7-1.1',
187 silly addNameRange     '0.9.7-1.2',
187 silly addNameRange     '0.9.7-1.3',
187 silly addNameRange     '0.9.7-1.4',
187 silly addNameRange     '0.9.7-2',
187 silly addNameRange     '0.9.7-2-1',
187 silly addNameRange     '0.9.7-2-2',
187 silly addNameRange     '0.9.7-2-3',
187 silly addNameRange     '0.9.7-2-4',
187 silly addNameRange     '0.9.7-2-5',
187 silly addNameRange     '0.9.7-3',
187 silly addNameRange     '0.9.7-3-1',
187 silly addNameRange     '0.9.7-3-2',
187 silly addNameRange     '0.9.7-3-3',
187 silly addNameRange     '0.9.7-3-4',
187 silly addNameRange     '0.9.7-3-5',
187 silly addNameRange     '0.9.8',
187 silly addNameRange     '0.9.8-1',
187 silly addNameRange     '0.9.8-2',
187 silly addNameRange     '0.9.8-3',
187 silly addNameRange     '0.9.8-4',
187 silly addNameRange     '0.9.8-5',
187 silly addNameRange     '0.9.8-6',
187 silly addNameRange     '0.9.8-7',
187 silly addNameRange     '0.9.9',
187 silly addNameRange     '0.9.9-1',
187 silly addNameRange     '0.9.9-2',
187 silly addNameRange     '0.9.9-3',
187 silly addNameRange     '0.9.9-4',
187 silly addNameRange     '0.9.9-5',
187 silly addNameRange     '0.9.9-6',
187 silly addNameRange     '0.9.9-7',
187 silly addNameRange     '0.9.9-8',
187 silly addNameRange     '1.0.0',
187 silly addNameRange     '1.0.1',
187 silly addNameRange     '1.0.2',
187 silly addNameRange     '1.1.0-beta',
187 silly addNameRange     '1.1.0',
187 silly addNameRange     '1.1.1',
187 silly addNameRange     '1.1.2',
187 silly addNameRange     '1.1.3',
187 silly addNameRange     '1.1.4',
187 silly addNameRange     '1.1.5',
187 silly addNameRange     '1.1.6',
187 silly addNameRange     '1.1.7',
187 silly addNameRange     '1.1.8',
187 silly addNameRange     '1.1.9',
187 silly addNameRange     '1.1.10',
187 silly addNameRange     '1.1.11',
187 silly addNameRange     '1.2.0',
187 silly addNameRange     '1.2.1',
187 silly addNameRange     '1.2.2',
187 silly addNameRange     '1.2.3',
187 silly addNameRange     '1.2.4',
187 silly addNameRange     '1.2.5',
187 silly addNameRange     '1.2.6',
187 silly addNameRange     '1.2.7',
187 silly addNameRange     '1.2.8',
187 silly addNameRange     '1.2.9',
187 silly addNameRange     '1.2.10',
187 silly addNameRange     '1.2.11',
187 silly addNameRange     '1.2.12',
187 silly addNameRange     '1.2.13',
187 silly addNameRange     '1.2.14',
187 silly addNameRange     '1.3.0',
187 silly addNameRange     '1.3.1',
187 silly addNameRange     '1.3.2',
187 silly addNameRange     '1.3.3',
187 silly addNameRange     '1.3.4',
187 silly addNameRange     '1.3.5',
187 silly addNameRange     '1.3.6',
187 silly addNameRange     '1.3.7',
187 silly addNameRange     '1.3.8',
187 silly addNameRange     '1.3.9',
187 silly addNameRange     '1.3.10',
187 silly addNameRange     '1.3.11',
187 silly addNameRange     '1.3.12',
187 silly addNameRange     '1.3.14',
187 silly addNameRange     '1.3.15',
187 silly addNameRange     '1.3.17',
187 silly addNameRange     '1.3.18',
187 silly addNameRange     '1.3.19',
187 silly addNameRange     '1.4.0-rc2',
187 silly addNameRange     '1.3.20',
187 silly addNameRange     '1.4.0-rc3',
187 silly addNameRange     '1.3.21',
187 silly addNameRange     '1.3.22',
187 silly addNameRange     '1.3.23',
187 silly addNameRange     '1.4.0-rc4',
187 silly addNameRange     '1.4.0-rc5',
187 silly addNameRange     '1.4.0-rc6',
187 silly addNameRange     '1.4.0-rc7',
187 silly addNameRange     '1.4.0-rc8',
187 silly addNameRange     '1.4.0-rc9',
187 silly addNameRange     '1.4.0-rc10',
187 silly addNameRange     '1.4.0',
187 silly addNameRange     '1.4.1',
187 silly addNameRange     '1.4.2',
187 silly addNameRange     '1.4.3',
187 silly addNameRange     '1.4.4',
187 silly addNameRange     '1.4.5',
187 silly addNameRange     '1.4.6',
187 silly addNameRange     '1.4.7',
187 silly addNameRange     '1.4.8',
187 silly addNameRange     '1.4.9',
187 silly addNameRange     '1.4.10',
187 silly addNameRange     '2.0.0-alpha1',
187 silly addNameRange     '1.4.11',
187 silly addNameRange     '1.4.12',
187 silly addNameRange     '1.4.14',
187 silly addNameRange     '1.4.15',
187 silly addNameRange     '1.4.16',
187 silly addNameRange     '1.4.17',
187 silly addNameRange     '2.0.0-alpha2',
187 silly addNameRange     '1.4.18',
187 silly addNameRange     '2.0.0',
187 silly addNameRange     '2.0.1',
187 silly addNameRange     '2.0.2',
187 silly addNameRange     '1.4.19',
187 silly addNameRange     '2.0.3',
187 silly addNameRange     '2.0.4',
187 silly addNameRange     '2.0.5',
187 silly addNameRange     '2.0.6',
187 silly addNameRange     '1.4.20',
187 silly addNameRange     '1.4.22',
187 silly addNameRange     '2.0.7',
187 silly addNameRange     '2.0.8',
187 silly addNameRange     '2.0.9',
187 silly addNameRange     '1.4.23',
187 silly addNameRange     '2.0.10',
187 silly addNameRange     '1.4.24',
187 silly addNameRange     '2.0.11',
187 silly addNameRange     '1.4.25',
187 silly addNameRange     '2.0.12',
187 silly addNameRange     '1.4.26',
187 silly addNameRange     '1.4.27',
187 silly addNameRange     '1.4.28',
187 silly addNameRange     '2.0.13' ] ]
188 verbose addNamed [ 'mongodb', '1.3.23' ]
189 verbose addNamed [ '1.3.23', '1.3.23' ]
190 silly lockFile 130bb479-mongodb-1-3-23 mongodb@1.3.23
191 verbose lock mongodb@1.3.23 /Users/peiyang/.npm/130bb479-mongodb-1-3-23.lock
192 silly lockFile ef6fe2c1-s-org-express-express-3-19-0-tgz https://registry.npmjs.org/express/-/express-3.19.0.tgz
193 silly lockFile ef6fe2c1-s-org-express-express-3-19-0-tgz https://registry.npmjs.org/express/-/express-3.19.0.tgz
194 silly addNameRange number 2 { name: 'validator', range: '>=1.1.3-0 <1.2.0-0', hasData: true }
195 silly addNameRange versions [ 'validator',
195 silly addNameRange   [ '0.1.0',
195 silly addNameRange     '0.1.1',
195 silly addNameRange     '0.1.2',
195 silly addNameRange     '0.1.3',
195 silly addNameRange     '0.1.4',
195 silly addNameRange     '0.1.5',
195 silly addNameRange     '0.1.6',
195 silly addNameRange     '0.1.7',
195 silly addNameRange     '0.1.8',
195 silly addNameRange     '0.1.9',
195 silly addNameRange     '0.2.0',
195 silly addNameRange     '0.2.1',
195 silly addNameRange     '0.2.2',
195 silly addNameRange     '0.2.3',
195 silly addNameRange     '0.2.4',
195 silly addNameRange     '0.2.5',
195 silly addNameRange     '0.2.6',
195 silly addNameRange     '0.2.7',
195 silly addNameRange     '0.2.8',
195 silly addNameRange     '0.2.9',
195 silly addNameRange     '0.3.0',
195 silly addNameRange     '0.3.1',
195 silly addNameRange     '0.3.2',
195 silly addNameRange     '0.3.4',
195 silly addNameRange     '0.3.5',
195 silly addNameRange     '0.3.6',
195 silly addNameRange     '0.3.7',
195 silly addNameRange     '0.3.8',
195 silly addNameRange     '0.3.9',
195 silly addNameRange     '0.4.0',
195 silly addNameRange     '0.4.1',
195 silly addNameRange     '0.4.2',
195 silly addNameRange     '0.4.3',
195 silly addNameRange     '0.4.4',
195 silly addNameRange     '0.4.5',
195 silly addNameRange     '0.4.6',
195 silly addNameRange     '0.4.6-1',
195 silly addNameRange     '0.4.6-2',
195 silly addNameRange     '0.4.6-3',
195 silly addNameRange     '0.4.7',
195 silly addNameRange     '0.4.8',
195 silly addNameRange     '0.4.9',
195 silly addNameRange     '0.4.10',
195 silly addNameRange     '0.4.11',
195 silly addNameRange     '0.4.12',
195 silly addNameRange     '0.4.13',
195 silly addNameRange     '0.4.15',
195 silly addNameRange     '0.4.16',
195 silly addNameRange     '0.4.17',
195 silly addNameRange     '0.4.18',
195 silly addNameRange     '0.4.19',
195 silly addNameRange     '0.4.20',
195 silly addNameRange     '0.4.21',
195 silly addNameRange     '0.4.22',
195 silly addNameRange     '0.4.23',
195 silly addNameRange     '0.4.24',
195 silly addNameRange     '0.4.25',
195 silly addNameRange     '0.4.27',
195 silly addNameRange     '0.4.28',
195 silly addNameRange     '0.5.0',
195 silly addNameRange     '1.0.0',
195 silly addNameRange     '1.1.0',
195 silly addNameRange     '1.1.1',
195 silly addNameRange     '1.1.2',
195 silly addNameRange     '1.1.3',
195 silly addNameRange     '1.2.0',
195 silly addNameRange     '1.2.1',
195 silly addNameRange     '1.2.2',
195 silly addNameRange     '1.3.0',
195 silly addNameRange     '1.4.0',
195 silly addNameRange     '1.5.0',
195 silly addNameRange     '1.5.1',
195 silly addNameRange     '2.0.0',
195 silly addNameRange     '2.1.0',
195 silly addNameRange     '3.0.0',
195 silly addNameRange     '3.1.0',
195 silly addNameRange     '3.2.0',
195 silly addNameRange     '3.2.1',
195 silly addNameRange     '3.3.0',
195 silly addNameRange     '3.4.0',
195 silly addNameRange     '3.5.0',
195 silly addNameRange     '3.5.1',
195 silly addNameRange     '3.6.0',
195 silly addNameRange     '3.7.0',
195 silly addNameRange     '3.8.0',
195 silly addNameRange     '3.9.0',
195 silly addNameRange     '3.10.0',
195 silly addNameRange     '3.11.0',
195 silly addNameRange     '3.11.1',
195 silly addNameRange     '3.11.2',
195 silly addNameRange     '3.12.0',
195 silly addNameRange     '3.13.0',
195 silly addNameRange     '3.14.0',
195 silly addNameRange     '3.14.1',
195 silly addNameRange     '3.15.0',
195 silly addNameRange     '3.16.0',
195 silly addNameRange     '3.16.1',
195 silly addNameRange     '3.17.0',
195 silly addNameRange     '3.17.1',
195 silly addNameRange     '3.17.2',
195 silly addNameRange     '3.18.0',
195 silly addNameRange     '3.18.1',
195 silly addNameRange     '3.19.0',
195 silly addNameRange     '3.19.1',
195 silly addNameRange     '3.20.0',
195 silly addNameRange     '3.21.0',
195 silly addNameRange     '3.22.0',
195 silly addNameRange     '3.22.1',
195 silly addNameRange     '3.22.2',
195 silly addNameRange     '3.23.0',
195 silly addNameRange     '3.24.0',
195 silly addNameRange     '3.25.0',
195 silly addNameRange     '3.26.0',
195 silly addNameRange     '3.27.0' ] ]
196 verbose addNamed [ 'validator', '1.1.3' ]
197 verbose addNamed [ '1.1.3', '1.1.3' ]
198 silly lockFile 6339be08-validator-1-1-3 validator@1.1.3
199 verbose lock validator@1.1.3 /Users/peiyang/.npm/6339be08-validator-1-1-3.lock
200 silly lockFile e5866c7c-express-3-19-0 express@3.19.0
201 silly lockFile e5866c7c-express-3-19-0 express@3.19.0
202 silly lockFile 10e83b68-express-3-x express@^3.x
203 silly lockFile 10e83b68-express-3-x express@^3.x
204 silly lockFile d0fe7ac2-rg-validator-validator-1-1-3-tgz https://registry.npmjs.org/validator/-/validator-1.1.3.tgz
205 verbose lock https://registry.npmjs.org/validator/-/validator-1.1.3.tgz /Users/peiyang/.npm/d0fe7ac2-rg-validator-validator-1-1-3-tgz.lock
206 verbose addRemoteTarball [ 'https://registry.npmjs.org/validator/-/validator-1.1.3.tgz',
206 verbose addRemoteTarball   '0ed8cb7c3b0b8852bb853b09ef8fcde1d1d4545b' ]
207 silly lockFile 130bb479-mongodb-1-3-23 mongodb@1.3.23
208 silly lockFile 130bb479-mongodb-1-3-23 mongodb@1.3.23
209 info retry fetch attempt 1 at 20:03:30
210 verbose fetch to= /var/folders/ln/vp5rgr314xn7zj3xb18lbp2h0000gn/T/npm-31738-_To0yTq5/registry.npmjs.org/validator/-/validator-1.1.3.tgz
211 silly lockFile 8b06adb6-mongodb-1-3-9 mongodb@~1.3.9
212 silly lockFile 8b06adb6-mongodb-1-3-9 mongodb@~1.3.9
213 http GET https://registry.npmjs.org/validator/-/validator-1.1.3.tgz
214 http 200 https://registry.npmjs.org/validator/-/validator-1.1.3.tgz
215 silly lockFile d0fe7ac2-rg-validator-validator-1-1-3-tgz https://registry.npmjs.org/validator/-/validator-1.1.3.tgz
216 silly lockFile d0fe7ac2-rg-validator-validator-1-1-3-tgz https://registry.npmjs.org/validator/-/validator-1.1.3.tgz
217 silly lockFile 6339be08-validator-1-1-3 validator@1.1.3
218 silly lockFile 6339be08-validator-1-1-3 validator@1.1.3
219 silly lockFile 035ef02a-validator-1-1-3 validator@~1.1.3
220 silly lockFile 035ef02a-validator-1-1-3 validator@~1.1.3
221 error Error: EACCES, mkdir '/Users/peiyang/.npm/express/3.19.0'
221 error  { [Error: EACCES, mkdir '/Users/peiyang/.npm/express/3.19.0']
221 error   errno: 3,
221 error   code: 'EACCES',
221 error   path: '/Users/peiyang/.npm/express/3.19.0',
221 error   parent: 'blog' }
222 error Please try running this command again as root/Administrator.
223 error System Darwin 13.4.0
224 error command "node" "/usr/local/bin/npm" "install"
225 error cwd /Users/peiyang/Documents/Online Course/MongoDB/Nodejs/hw2-3/blog
226 error node -v v0.10.33
227 error npm -v 1.4.28
228 error path /Users/peiyang/.npm/express/3.19.0
229 error code EACCES
230 error errno 3
231 error stack Error: EACCES, mkdir '/Users/peiyang/.npm/express/3.19.0'
232 verbose exit [ 3, true ]
