0 info it worked if it ends with ok
1 verbose cli [ 'node', '/usr/local/bin/npm', 'install' ]
2 info using npm@1.4.28
3 info using node@v0.10.33
4 verbose readDependencies using package.json deps
5 verbose install where, deps [ '/Users/peiyang/Documents/Online Course/MongoDB/Nodejs/hw1-3',
5 verbose install   [ 'consolidate', 'crypto', 'express', 'mongodb', 'swig' ] ]
6 info preinstall hw1-3@0.0.0
7 verbose readDependencies using package.json deps
8 verbose cache add [ 'consolidate@~0.9.1', null ]
9 verbose cache add name=undefined spec="consolidate@~0.9.1" args=["consolidate@~0.9.1",null]
10 verbose parsed url { protocol: null,
10 verbose parsed url   slashes: null,
10 verbose parsed url   auth: null,
10 verbose parsed url   host: null,
10 verbose parsed url   port: null,
10 verbose parsed url   hostname: null,
10 verbose parsed url   hash: null,
10 verbose parsed url   search: null,
10 verbose parsed url   query: null,
10 verbose parsed url   pathname: 'consolidate@~0.9.1',
10 verbose parsed url   path: 'consolidate@~0.9.1',
10 verbose parsed url   href: 'consolidate@~0.9.1' }
11 verbose cache add [ 'crypto@~0.0.3', null ]
12 verbose cache add name=undefined spec="crypto@~0.0.3" args=["crypto@~0.0.3",null]
13 verbose parsed url { protocol: null,
13 verbose parsed url   slashes: null,
13 verbose parsed url   auth: null,
13 verbose parsed url   host: null,
13 verbose parsed url   port: null,
13 verbose parsed url   hostname: null,
13 verbose parsed url   hash: null,
13 verbose parsed url   search: null,
13 verbose parsed url   query: null,
13 verbose parsed url   pathname: 'crypto@~0.0.3',
13 verbose parsed url   path: 'crypto@~0.0.3',
13 verbose parsed url   href: 'crypto@~0.0.3' }
14 verbose cache add [ 'express@~3.3.4', null ]
15 verbose cache add name=undefined spec="express@~3.3.4" args=["express@~3.3.4",null]
16 verbose parsed url { protocol: null,
16 verbose parsed url   slashes: null,
16 verbose parsed url   auth: null,
16 verbose parsed url   host: null,
16 verbose parsed url   port: null,
16 verbose parsed url   hostname: null,
16 verbose parsed url   hash: null,
16 verbose parsed url   search: null,
16 verbose parsed url   query: null,
16 verbose parsed url   pathname: 'express@~3.3.4',
16 verbose parsed url   path: 'express@~3.3.4',
16 verbose parsed url   href: 'express@~3.3.4' }
17 verbose cache add name="consolidate" spec="~0.9.1" args=["consolidate","~0.9.1"]
18 verbose parsed url { protocol: null,
18 verbose parsed url   slashes: null,
18 verbose parsed url   auth: null,
18 verbose parsed url   host: null,
18 verbose parsed url   port: null,
18 verbose parsed url   hostname: null,
18 verbose parsed url   hash: null,
18 verbose parsed url   search: null,
18 verbose parsed url   query: null,
18 verbose parsed url   pathname: '~0.9.1',
18 verbose parsed url   path: '~0.9.1',
18 verbose parsed url   href: '~0.9.1' }
19 verbose addNamed [ 'consolidate', '~0.9.1' ]
20 verbose addNamed [ null, '>=0.9.1-0 <0.10.0-0' ]
21 verbose cache add name="crypto" spec="~0.0.3" args=["crypto","~0.0.3"]
22 verbose parsed url { protocol: null,
22 verbose parsed url   slashes: null,
22 verbose parsed url   auth: null,
22 verbose parsed url   host: null,
22 verbose parsed url   port: null,
22 verbose parsed url   hostname: null,
22 verbose parsed url   hash: null,
22 verbose parsed url   search: null,
22 verbose parsed url   query: null,
22 verbose parsed url   pathname: '~0.0.3',
22 verbose parsed url   path: '~0.0.3',
22 verbose parsed url   href: '~0.0.3' }
23 verbose addNamed [ 'crypto', '~0.0.3' ]
24 verbose addNamed [ null, '>=0.0.3-0 <0.1.0-0' ]
25 verbose cache add name="express" spec="~3.3.4" args=["express","~3.3.4"]
26 verbose parsed url { protocol: null,
26 verbose parsed url   slashes: null,
26 verbose parsed url   auth: null,
26 verbose parsed url   host: null,
26 verbose parsed url   port: null,
26 verbose parsed url   hostname: null,
26 verbose parsed url   hash: null,
26 verbose parsed url   search: null,
26 verbose parsed url   query: null,
26 verbose parsed url   pathname: '~3.3.4',
26 verbose parsed url   path: '~3.3.4',
26 verbose parsed url   href: '~3.3.4' }
27 verbose addNamed [ 'express', '~3.3.4' ]
28 verbose addNamed [ null, '>=3.3.4-0 <3.4.0-0' ]
29 verbose cache add [ 'mongodb@~1.3.11', null ]
30 verbose cache add name=undefined spec="mongodb@~1.3.11" args=["mongodb@~1.3.11",null]
31 verbose parsed url { protocol: null,
31 verbose parsed url   slashes: null,
31 verbose parsed url   auth: null,
31 verbose parsed url   host: null,
31 verbose parsed url   port: null,
31 verbose parsed url   hostname: null,
31 verbose parsed url   hash: null,
31 verbose parsed url   search: null,
31 verbose parsed url   query: null,
31 verbose parsed url   pathname: 'mongodb@~1.3.11',
31 verbose parsed url   path: 'mongodb@~1.3.11',
31 verbose parsed url   href: 'mongodb@~1.3.11' }
32 verbose cache add [ 'swig@~0.14.0', null ]
33 verbose cache add name=undefined spec="swig@~0.14.0" args=["swig@~0.14.0",null]
34 verbose parsed url { protocol: null,
34 verbose parsed url   slashes: null,
34 verbose parsed url   auth: null,
34 verbose parsed url   host: null,
34 verbose parsed url   port: null,
34 verbose parsed url   hostname: null,
34 verbose parsed url   hash: null,
34 verbose parsed url   search: null,
34 verbose parsed url   query: null,
34 verbose parsed url   pathname: 'swig@~0.14.0',
34 verbose parsed url   path: 'swig@~0.14.0',
34 verbose parsed url   href: 'swig@~0.14.0' }
35 silly lockFile 25e694a9-consolidate-0-9-1 consolidate@~0.9.1
36 verbose lock consolidate@~0.9.1 /Users/peiyang/.npm/25e694a9-consolidate-0-9-1.lock
37 silly lockFile b643686f-crypto-0-0-3 crypto@~0.0.3
38 verbose lock crypto@~0.0.3 /Users/peiyang/.npm/b643686f-crypto-0-0-3.lock
39 silly lockFile 09d41e23-express-3-3-4 express@~3.3.4
40 verbose lock express@~3.3.4 /Users/peiyang/.npm/09d41e23-express-3-3-4.lock
41 verbose cache add name="mongodb" spec="~1.3.11" args=["mongodb","~1.3.11"]
42 verbose parsed url { protocol: null,
42 verbose parsed url   slashes: null,
42 verbose parsed url   auth: null,
42 verbose parsed url   host: null,
42 verbose parsed url   port: null,
42 verbose parsed url   hostname: null,
42 verbose parsed url   hash: null,
42 verbose parsed url   search: null,
42 verbose parsed url   query: null,
42 verbose parsed url   pathname: '~1.3.11',
42 verbose parsed url   path: '~1.3.11',
42 verbose parsed url   href: '~1.3.11' }
43 verbose addNamed [ 'mongodb', '~1.3.11' ]
44 verbose addNamed [ null, '>=1.3.11-0 <1.4.0-0' ]
45 silly lockFile 99033d3f-mongodb-1-3-11 mongodb@~1.3.11
46 verbose lock mongodb@~1.3.11 /Users/peiyang/.npm/99033d3f-mongodb-1-3-11.lock
47 verbose cache add name="swig" spec="~0.14.0" args=["swig","~0.14.0"]
48 verbose parsed url { protocol: null,
48 verbose parsed url   slashes: null,
48 verbose parsed url   auth: null,
48 verbose parsed url   host: null,
48 verbose parsed url   port: null,
48 verbose parsed url   hostname: null,
48 verbose parsed url   hash: null,
48 verbose parsed url   search: null,
48 verbose parsed url   query: null,
48 verbose parsed url   pathname: '~0.14.0',
48 verbose parsed url   path: '~0.14.0',
48 verbose parsed url   href: '~0.14.0' }
49 verbose addNamed [ 'swig', '~0.14.0' ]
50 verbose addNamed [ null, '>=0.14.0-0 <0.15.0-0' ]
51 silly lockFile a7d16bf6-swig-0-14-0 swig@~0.14.0
52 verbose lock swig@~0.14.0 /Users/peiyang/.npm/a7d16bf6-swig-0-14-0.lock
53 silly addNameRange { name: 'consolidate',
53 silly addNameRange   range: '>=0.9.1-0 <0.10.0-0',
53 silly addNameRange   hasData: false }
54 silly addNameRange { name: 'crypto', range: '>=0.0.3-0 <0.1.0-0', hasData: false }
55 silly addNameRange { name: 'express', range: '>=3.3.4-0 <3.4.0-0', hasData: false }
56 silly addNameRange { name: 'mongodb', range: '>=1.3.11-0 <1.4.0-0', hasData: false }
57 silly addNameRange { name: 'swig', range: '>=0.14.0-0 <0.15.0-0', hasData: false }
58 verbose request where is /consolidate
59 verbose request registry https://registry.npmjs.org/
60 verbose request id e9933041edbcf53b
61 verbose url raw /consolidate
62 verbose url resolving [ 'https://registry.npmjs.org/', './consolidate' ]
63 verbose url resolved https://registry.npmjs.org/consolidate
64 verbose request where is https://registry.npmjs.org/consolidate
65 info trying registry request attempt 1 at 10:30:04
66 http GET https://registry.npmjs.org/consolidate
67 verbose request where is /crypto
68 verbose request registry https://registry.npmjs.org/
69 verbose url raw /crypto
70 verbose url resolving [ 'https://registry.npmjs.org/', './crypto' ]
71 verbose url resolved https://registry.npmjs.org/crypto
72 verbose request where is https://registry.npmjs.org/crypto
73 info trying registry request attempt 1 at 10:30:04
74 http GET https://registry.npmjs.org/crypto
75 verbose request where is /swig
76 verbose request registry https://registry.npmjs.org/
77 verbose url raw /swig
78 verbose url resolving [ 'https://registry.npmjs.org/', './swig' ]
79 verbose url resolved https://registry.npmjs.org/swig
80 verbose request where is https://registry.npmjs.org/swig
81 info trying registry request attempt 1 at 10:30:04
82 http GET https://registry.npmjs.org/swig
83 verbose request where is /express
84 verbose request registry https://registry.npmjs.org/
85 verbose url raw /express
86 verbose url resolving [ 'https://registry.npmjs.org/', './express' ]
87 verbose url resolved https://registry.npmjs.org/express
88 verbose request where is https://registry.npmjs.org/express
89 info trying registry request attempt 1 at 10:30:04
90 verbose etag "B73A3MTAH50MN0RPQJN2GQJXH"
91 http GET https://registry.npmjs.org/express
92 verbose request where is /mongodb
93 verbose request registry https://registry.npmjs.org/
94 verbose url raw /mongodb
95 verbose url resolving [ 'https://registry.npmjs.org/', './mongodb' ]
96 verbose url resolved https://registry.npmjs.org/mongodb
97 verbose request where is https://registry.npmjs.org/mongodb
98 info trying registry request attempt 1 at 10:30:05
99 verbose etag "B1T9L83KVARHOW65JS6TF6BDD"
100 http GET https://registry.npmjs.org/mongodb
101 http 304 https://registry.npmjs.org/mongodb
102 silly registry.get cb [ 304,
102 silly registry.get   { date: 'Wed, 07 Jan 2015 18:30:05 GMT',
102 silly registry.get     server: 'Apache',
102 silly registry.get     via: '1.1 varnish',
102 silly registry.get     'last-modified': 'Wed, 07 Jan 2015 18:30:05 GMT',
102 silly registry.get     'cache-control': 'max-age=60',
102 silly registry.get     etag: '"B1T9L83KVARHOW65JS6TF6BDD"',
102 silly registry.get     age: '20',
102 silly registry.get     'x-served-by': 'cache-lax1431-LAX',
102 silly registry.get     'x-cache': 'HIT',
102 silly registry.get     'x-cache-hits': '1',
102 silly registry.get     'x-timer': 'S1420655405.442925,VS0,VE1',
102 silly registry.get     vary: 'Accept',
102 silly registry.get     'content-length': '0',
102 silly registry.get     'keep-alive': 'timeout=10, max=50',
102 silly registry.get     connection: 'Keep-Alive' } ]
103 verbose etag https://registry.npmjs.org/mongodb from cache
104 silly addNameRange number 2 { name: 'mongodb', range: '>=1.3.11-0 <1.4.0-0', hasData: true }
105 silly addNameRange versions [ 'mongodb',
105 silly addNameRange   [ '0.9.4',
105 silly addNameRange     '0.9.4-4',
105 silly addNameRange     '0.9.3',
105 silly addNameRange     '0.9.1',
105 silly addNameRange     '0.9.2',
105 silly addNameRange     '0.9.6-7',
105 silly addNameRange     '0.9.6-8',
105 silly addNameRange     '0.9.6-9',
105 silly addNameRange     '0.9.6-10',
105 silly addNameRange     '0.9.6-11',
105 silly addNameRange     '0.9.6-12',
105 silly addNameRange     '0.9.6-13',
105 silly addNameRange     '0.9.6-14',
105 silly addNameRange     '0.9.6-15',
105 silly addNameRange     '0.9.6-16',
105 silly addNameRange     '0.9.6-17',
105 silly addNameRange     '0.9.6-18',
105 silly addNameRange     '0.9.6-19',
105 silly addNameRange     '0.9.6-20',
105 silly addNameRange     '0.9.6-21',
105 silly addNameRange     '0.9.6-22',
105 silly addNameRange     '0.9.6-23',
105 silly addNameRange     '0.9.7',
105 silly addNameRange     '0.9.7-0',
105 silly addNameRange     '0.9.7-1',
105 silly addNameRange     '0.9.7-1.1',
105 silly addNameRange     '0.9.7-1.2',
105 silly addNameRange     '0.9.7-1.3',
105 silly addNameRange     '0.9.7-1.4',
105 silly addNameRange     '0.9.7-2',
105 silly addNameRange     '0.9.7-2-1',
105 silly addNameRange     '0.9.7-2-2',
105 silly addNameRange     '0.9.7-2-3',
105 silly addNameRange     '0.9.7-2-4',
105 silly addNameRange     '0.9.7-2-5',
105 silly addNameRange     '0.9.7-3',
105 silly addNameRange     '0.9.7-3-1',
105 silly addNameRange     '0.9.7-3-2',
105 silly addNameRange     '0.9.7-3-3',
105 silly addNameRange     '0.9.7-3-4',
105 silly addNameRange     '0.9.7-3-5',
105 silly addNameRange     '0.9.8',
105 silly addNameRange     '0.9.8-1',
105 silly addNameRange     '0.9.8-2',
105 silly addNameRange     '0.9.8-3',
105 silly addNameRange     '0.9.8-4',
105 silly addNameRange     '0.9.8-5',
105 silly addNameRange     '0.9.8-6',
105 silly addNameRange     '0.9.8-7',
105 silly addNameRange     '0.9.9',
105 silly addNameRange     '0.9.9-1',
105 silly addNameRange     '0.9.9-2',
105 silly addNameRange     '0.9.9-3',
105 silly addNameRange     '0.9.9-4',
105 silly addNameRange     '0.9.9-5',
105 silly addNameRange     '0.9.9-6',
105 silly addNameRange     '0.9.9-7',
105 silly addNameRange     '0.9.9-8',
105 silly addNameRange     '1.0.0',
105 silly addNameRange     '1.0.1',
105 silly addNameRange     '1.0.2',
105 silly addNameRange     '1.1.0-beta',
105 silly addNameRange     '1.1.0',
105 silly addNameRange     '1.1.1',
105 silly addNameRange     '1.1.2',
105 silly addNameRange     '1.1.3',
105 silly addNameRange     '1.1.4',
105 silly addNameRange     '1.1.5',
105 silly addNameRange     '1.1.6',
105 silly addNameRange     '1.1.7',
105 silly addNameRange     '1.1.8',
105 silly addNameRange     '1.1.9',
105 silly addNameRange     '1.1.10',
105 silly addNameRange     '1.1.11',
105 silly addNameRange     '1.2.0',
105 silly addNameRange     '1.2.1',
105 silly addNameRange     '1.2.2',
105 silly addNameRange     '1.2.3',
105 silly addNameRange     '1.2.4',
105 silly addNameRange     '1.2.5',
105 silly addNameRange     '1.2.6',
105 silly addNameRange     '1.2.7',
105 silly addNameRange     '1.2.8',
105 silly addNameRange     '1.2.9',
105 silly addNameRange     '1.2.10',
105 silly addNameRange     '1.2.11',
105 silly addNameRange     '1.2.12',
105 silly addNameRange     '1.2.13',
105 silly addNameRange     '1.2.14',
105 silly addNameRange     '1.3.0',
105 silly addNameRange     '1.3.1',
105 silly addNameRange     '1.3.2',
105 silly addNameRange     '1.3.3',
105 silly addNameRange     '1.3.4',
105 silly addNameRange     '1.3.5',
105 silly addNameRange     '1.3.6',
105 silly addNameRange     '1.3.7',
105 silly addNameRange     '1.3.8',
105 silly addNameRange     '1.3.9',
105 silly addNameRange     '1.3.10',
105 silly addNameRange     '1.3.11',
105 silly addNameRange     '1.3.12',
105 silly addNameRange     '1.3.14',
105 silly addNameRange     '1.3.15',
105 silly addNameRange     '1.3.17',
105 silly addNameRange     '1.3.18',
105 silly addNameRange     '1.3.19',
105 silly addNameRange     '1.4.0-rc2',
105 silly addNameRange     '1.3.20',
105 silly addNameRange     '1.4.0-rc3',
105 silly addNameRange     '1.3.21',
105 silly addNameRange     '1.3.22',
105 silly addNameRange     '1.3.23',
105 silly addNameRange     '1.4.0-rc4',
105 silly addNameRange     '1.4.0-rc5',
105 silly addNameRange     '1.4.0-rc6',
105 silly addNameRange     '1.4.0-rc7',
105 silly addNameRange     '1.4.0-rc8',
105 silly addNameRange     '1.4.0-rc9',
105 silly addNameRange     '1.4.0-rc10',
105 silly addNameRange     '1.4.0',
105 silly addNameRange     '1.4.1',
105 silly addNameRange     '1.4.2',
105 silly addNameRange     '1.4.3',
105 silly addNameRange     '1.4.4',
105 silly addNameRange     '1.4.5',
105 silly addNameRange     '1.4.6',
105 silly addNameRange     '1.4.7',
105 silly addNameRange     '1.4.8',
105 silly addNameRange     '1.4.9',
105 silly addNameRange     '1.4.10',
105 silly addNameRange     '2.0.0-alpha1',
105 silly addNameRange     '1.4.11',
105 silly addNameRange     '1.4.12',
105 silly addNameRange     '1.4.14',
105 silly addNameRange     '1.4.15',
105 silly addNameRange     '1.4.16',
105 silly addNameRange     '1.4.17',
105 silly addNameRange     '2.0.0-alpha2',
105 silly addNameRange     '1.4.18',
105 silly addNameRange     '2.0.0',
105 silly addNameRange     '2.0.1',
105 silly addNameRange     '2.0.2',
105 silly addNameRange     '1.4.19',
105 silly addNameRange     '2.0.3',
105 silly addNameRange     '2.0.4',
105 silly addNameRange     '2.0.5',
105 silly addNameRange     '2.0.6',
105 silly addNameRange     '1.4.20',
105 silly addNameRange     '1.4.22',
105 silly addNameRange     '2.0.7',
105 silly addNameRange     '2.0.8',
105 silly addNameRange     '2.0.9',
105 silly addNameRange     '1.4.23',
105 silly addNameRange     '2.0.10',
105 silly addNameRange     '1.4.24',
105 silly addNameRange     '2.0.11',
105 silly addNameRange     '1.4.25',
105 silly addNameRange     '2.0.12',
105 silly addNameRange     '1.4.26',
105 silly addNameRange     '1.4.27',
105 silly addNameRange     '1.4.28' ] ]
106 verbose addNamed [ 'mongodb', '1.3.23' ]
107 verbose addNamed [ '1.3.23', '1.3.23' ]
108 silly lockFile 130bb479-mongodb-1-3-23 mongodb@1.3.23
109 verbose lock mongodb@1.3.23 /Users/peiyang/.npm/130bb479-mongodb-1-3-23.lock
110 http 200 https://registry.npmjs.org/crypto
111 silly registry.get cb [ 200,
111 silly registry.get   { date: 'Wed, 07 Jan 2015 18:30:05 GMT',
111 silly registry.get     server: 'CouchDB/1.5.0 (Erlang OTP/R16B03)',
111 silly registry.get     etag: '"103F8XWNBUTIA9GENWTEDJP1L"',
111 silly registry.get     'content-type': 'application/json',
111 silly registry.get     'cache-control': 'max-age=60',
111 silly registry.get     'content-length': '2897',
111 silly registry.get     'accept-ranges': 'bytes',
111 silly registry.get     via: '1.1 varnish',
111 silly registry.get     age: '0',
111 silly registry.get     'x-served-by': 'cache-lax1429-LAX',
111 silly registry.get     'x-cache': 'HIT',
111 silly registry.get     'x-cache-hits': '1',
111 silly registry.get     'x-timer': 'S1420655405.440309,VS0,VE40',
111 silly registry.get     vary: 'Accept',
111 silly registry.get     'keep-alive': 'timeout=10, max=50',
111 silly registry.get     connection: 'Keep-Alive' } ]
112 silly lockFile f15d8475-s-org-mongodb-mongodb-1-3-23-tgz https://registry.npmjs.org/mongodb/-/mongodb-1.3.23.tgz
113 verbose lock https://registry.npmjs.org/mongodb/-/mongodb-1.3.23.tgz /Users/peiyang/.npm/f15d8475-s-org-mongodb-mongodb-1-3-23-tgz.lock
114 verbose addRemoteTarball [ 'https://registry.npmjs.org/mongodb/-/mongodb-1.3.23.tgz',
114 verbose addRemoteTarball   '874a5212162b16188aeeaee5e06067766c8e9e86' ]
115 silly addNameRange number 2 { name: 'crypto', range: '>=0.0.3-0 <0.1.0-0', hasData: true }
116 silly addNameRange versions [ 'crypto', [ '0.0.1', '0.0.3' ] ]
117 verbose addNamed [ 'crypto', '0.0.3' ]
118 verbose addNamed [ '0.0.3', '0.0.3' ]
119 silly lockFile 4d0ed277-crypto-0-0-3 crypto@0.0.3
120 verbose lock crypto@0.0.3 /Users/peiyang/.npm/4d0ed277-crypto-0-0-3.lock
121 silly lockFile 0e5efc43-pmjs-org-crypto-crypto-0-0-3-tgz https://registry.npmjs.org/crypto/-/crypto-0.0.3.tgz
122 verbose lock https://registry.npmjs.org/crypto/-/crypto-0.0.3.tgz /Users/peiyang/.npm/0e5efc43-pmjs-org-crypto-crypto-0-0-3-tgz.lock
123 info retry fetch attempt 1 at 10:30:05
124 verbose fetch to= /var/folders/ln/vp5rgr314xn7zj3xb18lbp2h0000gn/T/npm-7884-0ozOCNkI/registry.npmjs.org/mongodb/-/mongodb-1.3.23.tgz
125 verbose addRemoteTarball [ 'https://registry.npmjs.org/crypto/-/crypto-0.0.3.tgz',
125 verbose addRemoteTarball   '470a81b86be4c5ee17acc8207a1f5315ae20dbb0' ]
126 http GET https://registry.npmjs.org/mongodb/-/mongodb-1.3.23.tgz
127 info retry fetch attempt 1 at 10:30:05
128 verbose fetch to= /var/folders/ln/vp5rgr314xn7zj3xb18lbp2h0000gn/T/npm-7884-0ozOCNkI/registry.npmjs.org/crypto/-/crypto-0.0.3.tgz
129 http GET https://registry.npmjs.org/crypto/-/crypto-0.0.3.tgz
130 http 200 https://registry.npmjs.org/swig
131 silly registry.get cb [ 200,
131 silly registry.get   { date: 'Wed, 07 Jan 2015 18:30:05 GMT',
131 silly registry.get     server: 'CouchDB/1.5.0 (Erlang OTP/R16B03)',
131 silly registry.get     etag: '"5CTR9PFKG5S5VSB2JXESX2YNK"',
131 silly registry.get     'content-type': 'application/json',
131 silly registry.get     'cache-control': 'max-age=60',
131 silly registry.get     'content-length': '75809',
131 silly registry.get     'accept-ranges': 'bytes',
131 silly registry.get     via: '1.1 varnish',
131 silly registry.get     age: '0',
131 silly registry.get     'x-served-by': 'cache-lax1427-LAX',
131 silly registry.get     'x-cache': 'HIT',
131 silly registry.get     'x-cache-hits': '1',
131 silly registry.get     'x-timer': 'S1420655405.433996,VS0,VE43',
131 silly registry.get     vary: 'Accept',
131 silly registry.get     'keep-alive': 'timeout=10, max=50',
131 silly registry.get     connection: 'Keep-Alive' } ]
132 silly addNameRange number 2 { name: 'swig', range: '>=0.14.0-0 <0.15.0-0', hasData: true }
133 silly addNameRange versions [ 'swig',
133 silly addNameRange   [ '0.1.1',
133 silly addNameRange     '0.1.2',
133 silly addNameRange     '0.1.3',
133 silly addNameRange     '0.1.5',
133 silly addNameRange     '0.1.6',
133 silly addNameRange     '0.1.7',
133 silly addNameRange     '0.1.8',
133 silly addNameRange     '0.1.9',
133 silly addNameRange     '0.2.0',
133 silly addNameRange     '0.2.1',
133 silly addNameRange     '0.2.2',
133 silly addNameRange     '0.2.3',
133 silly addNameRange     '0.3.0',
133 silly addNameRange     '0.4.0',
133 silly addNameRange     '0.5.0',
133 silly addNameRange     '0.6.0',
133 silly addNameRange     '0.6.1',
133 silly addNameRange     '0.7.0',
133 silly addNameRange     '0.8.0',
133 silly addNameRange     '0.9.0',
133 silly addNameRange     '0.9.1',
133 silly addNameRange     '0.9.2',
133 silly addNameRange     '0.9.3',
133 silly addNameRange     '0.9.4',
133 silly addNameRange     '0.10.0',
133 silly addNameRange     '0.11.0',
133 silly addNameRange     '0.11.1',
133 silly addNameRange     '0.11.2',
133 silly addNameRange     '0.12.0',
133 silly addNameRange     '0.12.1',
133 silly addNameRange     '0.13.0',
133 silly addNameRange     '0.13.1',
133 silly addNameRange     '0.13.2',
133 silly addNameRange     '0.13.3',
133 silly addNameRange     '0.13.4',
133 silly addNameRange     '0.13.5',
133 silly addNameRange     '0.14.0',
133 silly addNameRange     '1.0.0-pre1',
133 silly addNameRange     '1.0.0-pre2',
133 silly addNameRange     '1.0.0-pre3',
133 silly addNameRange     '1.0.0-rc1',
133 silly addNameRange     '1.0.0-rc2',
133 silly addNameRange     '1.0.0-rc3',
133 silly addNameRange     '1.0.0',
133 silly addNameRange     '1.1.0',
133 silly addNameRange     '1.2.0',
133 silly addNameRange     '1.2.1',
133 silly addNameRange     '1.2.2',
133 silly addNameRange     '1.3.0',
133 silly addNameRange     '1.3.2',
133 silly addNameRange     '1.4.0',
133 silly addNameRange     '1.4.1',
133 silly addNameRange     '1.4.2' ] ]
134 verbose addNamed [ 'swig', '0.14.0' ]
135 verbose addNamed [ '0.14.0', '0.14.0' ]
136 silly lockFile ef70b243-swig-0-14-0 swig@0.14.0
137 verbose lock swig@0.14.0 /Users/peiyang/.npm/ef70b243-swig-0-14-0.lock
138 warn deprecated swig@0.14.0: v1.0.0 is a complete rewrite of Swig from the ground up. Previous versions are no longer supported
139 silly lockFile de7776c2-y-npmjs-org-swig-swig-0-14-0-tgz https://registry.npmjs.org/swig/-/swig-0.14.0.tgz
140 verbose lock https://registry.npmjs.org/swig/-/swig-0.14.0.tgz /Users/peiyang/.npm/de7776c2-y-npmjs-org-swig-swig-0-14-0-tgz.lock
141 verbose addRemoteTarball [ 'https://registry.npmjs.org/swig/-/swig-0.14.0.tgz',
141 verbose addRemoteTarball   '544bfb3bd837608873eed6a72c672a28cb1f1b3f' ]
142 info retry fetch attempt 1 at 10:30:05
143 verbose fetch to= /var/folders/ln/vp5rgr314xn7zj3xb18lbp2h0000gn/T/npm-7884-0ozOCNkI/registry.npmjs.org/swig/-/swig-0.14.0.tgz
144 http GET https://registry.npmjs.org/swig/-/swig-0.14.0.tgz
145 http 200 https://registry.npmjs.org/mongodb/-/mongodb-1.3.23.tgz
146 http 200 https://registry.npmjs.org/crypto/-/crypto-0.0.3.tgz
147 silly lockFile 0e5efc43-pmjs-org-crypto-crypto-0-0-3-tgz https://registry.npmjs.org/crypto/-/crypto-0.0.3.tgz
148 silly lockFile 0e5efc43-pmjs-org-crypto-crypto-0-0-3-tgz https://registry.npmjs.org/crypto/-/crypto-0.0.3.tgz
149 silly lockFile 4d0ed277-crypto-0-0-3 crypto@0.0.3
150 silly lockFile 4d0ed277-crypto-0-0-3 crypto@0.0.3
151 silly lockFile b643686f-crypto-0-0-3 crypto@~0.0.3
152 silly lockFile b643686f-crypto-0-0-3 crypto@~0.0.3
153 silly lockFile f15d8475-s-org-mongodb-mongodb-1-3-23-tgz https://registry.npmjs.org/mongodb/-/mongodb-1.3.23.tgz
154 silly lockFile f15d8475-s-org-mongodb-mongodb-1-3-23-tgz https://registry.npmjs.org/mongodb/-/mongodb-1.3.23.tgz
155 silly lockFile 130bb479-mongodb-1-3-23 mongodb@1.3.23
156 silly lockFile 130bb479-mongodb-1-3-23 mongodb@1.3.23
157 silly lockFile 99033d3f-mongodb-1-3-11 mongodb@~1.3.11
158 silly lockFile 99033d3f-mongodb-1-3-11 mongodb@~1.3.11
159 http 200 https://registry.npmjs.org/express
160 silly registry.get cb [ 200,
160 silly registry.get   { date: 'Wed, 07 Jan 2015 18:30:05 GMT',
160 silly registry.get     server: 'CouchDB/1.5.0 (Erlang OTP/R14B04)',
160 silly registry.get     etag: '"C4F8T6N1Q2G5OYIZL3CMXG287"',
160 silly registry.get     'content-type': 'application/json',
160 silly registry.get     'cache-control': 'max-age=60',
160 silly registry.get     'content-length': '448073',
160 silly registry.get     'accept-ranges': 'bytes',
160 silly registry.get     via: '1.1 varnish',
160 silly registry.get     age: '21',
160 silly registry.get     'x-served-by': 'cache-lax1428-LAX',
160 silly registry.get     'x-cache': 'HIT',
160 silly registry.get     'x-cache-hits': '1',
160 silly registry.get     'x-timer': 'S1420655405.435327,VS0,VE1',
160 silly registry.get     vary: 'Accept',
160 silly registry.get     'keep-alive': 'timeout=10, max=50',
160 silly registry.get     connection: 'Keep-Alive' } ]
161 http 200 https://registry.npmjs.org/consolidate
162 silly registry.get cb [ 200,
162 silly registry.get   { date: 'Wed, 07 Jan 2015 18:30:05 GMT',
162 silly registry.get     server: 'CouchDB/1.5.0 (Erlang OTP/R16B03)',
162 silly registry.get     etag: '"8QETIK1YH9R6636CDAC4VWUTA"',
162 silly registry.get     'content-type': 'application/json',
162 silly registry.get     'cache-control': 'max-age=60',
162 silly registry.get     'content-length': '20837',
162 silly registry.get     'accept-ranges': 'bytes',
162 silly registry.get     via: '1.1 varnish',
162 silly registry.get     age: '0',
162 silly registry.get     'x-served-by': 'cache-lax1422-LAX',
162 silly registry.get     'x-cache': 'HIT',
162 silly registry.get     'x-cache-hits': '1',
162 silly registry.get     'x-timer': 'S1420655405.434269,VS0,VE311',
162 silly registry.get     vary: 'Accept',
162 silly registry.get     'keep-alive': 'timeout=10, max=50',
162 silly registry.get     connection: 'Keep-Alive' } ]
163 silly addNameRange number 2 { name: 'express', range: '>=3.3.4-0 <3.4.0-0', hasData: true }
164 silly addNameRange versions [ 'express',
164 silly addNameRange   [ '0.14.0',
164 silly addNameRange     '0.14.1',
164 silly addNameRange     '1.0.0',
164 silly addNameRange     '1.0.1',
164 silly addNameRange     '1.0.2',
164 silly addNameRange     '1.0.3',
164 silly addNameRange     '1.0.4',
164 silly addNameRange     '1.0.5',
164 silly addNameRange     '1.0.6',
164 silly addNameRange     '1.0.7',
164 silly addNameRange     '1.0.8',
164 silly addNameRange     '2.0.0',
164 silly addNameRange     '2.1.0',
164 silly addNameRange     '2.1.1',
164 silly addNameRange     '2.2.0',
164 silly addNameRange     '2.2.1',
164 silly addNameRange     '2.2.2',
164 silly addNameRange     '2.3.0',
164 silly addNameRange     '2.3.1',
164 silly addNameRange     '2.3.2',
164 silly addNameRange     '2.3.3',
164 silly addNameRange     '2.3.4',
164 silly addNameRange     '2.3.5',
164 silly addNameRange     '2.3.6',
164 silly addNameRange     '2.3.7',
164 silly addNameRange     '2.3.8',
164 silly addNameRange     '2.3.9',
164 silly addNameRange     '2.3.10',
164 silly addNameRange     '2.3.11',
164 silly addNameRange     '2.3.12',
164 silly addNameRange     '2.4.0',
164 silly addNameRange     '2.4.1',
164 silly addNameRange     '2.4.2',
164 silly addNameRange     '2.4.3',
164 silly addNameRange     '2.4.4',
164 silly addNameRange     '2.4.5',
164 silly addNameRange     '2.4.6',
164 silly addNameRange     '2.4.7',
164 silly addNameRange     '2.5.0',
164 silly addNameRange     '2.5.1',
164 silly addNameRange     '2.5.2',
164 silly addNameRange     '2.5.3',
164 silly addNameRange     '2.5.4',
164 silly addNameRange     '2.5.5',
164 silly addNameRange     '2.5.6',
164 silly addNameRange     '2.5.7',
164 silly addNameRange     '2.5.8',
164 silly addNameRange     '2.5.9',
164 silly addNameRange     '2.5.10',
164 silly addNameRange     '2.5.11',
164 silly addNameRange     '3.0.0',
164 silly addNameRange     '3.0.1',
164 silly addNameRange     '3.0.2',
164 silly addNameRange     '3.0.3',
164 silly addNameRange     '3.0.4',
164 silly addNameRange     '3.0.5',
164 silly addNameRange     '3.0.6',
164 silly addNameRange     '3.1.0',
164 silly addNameRange     '3.1.1',
164 silly addNameRange     '3.1.2',
164 silly addNameRange     '3.2.0',
164 silly addNameRange     '3.2.1',
164 silly addNameRange     '3.2.2',
164 silly addNameRange     '3.2.3',
164 silly addNameRange     '3.2.4',
164 silly addNameRange     '3.2.5',
164 silly addNameRange     '3.2.6',
164 silly addNameRange     '3.3.0',
164 silly addNameRange     '3.3.1',
164 silly addNameRange     '3.3.2',
164 silly addNameRange     '3.3.3',
164 silly addNameRange     '3.3.4',
164 silly addNameRange     '3.3.5',
164 silly addNameRange     '3.3.6',
164 silly addNameRange     '1.0.0-beta',
164 silly addNameRange     '1.0.0-beta2',
164 silly addNameRange     '1.0.0-rc',
164 silly addNameRange     '1.0.0-rc2',
164 silly addNameRange     '1.0.0-rc3',
164 silly addNameRange     '1.0.0-rc4',
164 silly addNameRange     '2.0.0-beta',
164 silly addNameRange     '2.0.0-beta2',
164 silly addNameRange     '2.0.0-beta3',
164 silly addNameRange     '2.0.0-rc',
164 silly addNameRange     '2.0.0-rc2',
164 silly addNameRange     '2.0.0-rc3',
164 silly addNameRange     '3.0.0-alpha1',
164 silly addNameRange     '3.0.0-alpha2',
164 silly addNameRange     '3.0.0-alpha3',
164 silly addNameRange     '3.0.0-alpha4',
164 silly addNameRange     '3.0.0-alpha5',
164 silly addNameRange     '3.0.0-beta1',
164 silly addNameRange     '3.0.0-beta2',
164 silly addNameRange     '3.0.0-beta3',
164 silly addNameRange     '3.0.0-beta4',
164 silly addNameRange     '3.0.0-beta6',
164 silly addNameRange     '3.0.0-beta7',
164 silly addNameRange     '3.0.0-rc1',
164 silly addNameRange     '3.0.0-rc2',
164 silly addNameRange     '3.0.0-rc3',
164 silly addNameRange     '3.0.0-rc4',
164 silly addNameRange     '3.0.0-rc5',
164 silly addNameRange     '3.3.7',
164 silly addNameRange     '3.3.8',
164 silly addNameRange     '3.4.0',
164 silly addNameRange     '3.4.1',
164 silly addNameRange     '3.4.2',
164 silly addNameRange     '3.4.3',
164 silly addNameRange     '3.4.4',
164 silly addNameRange     '3.4.5',
164 silly addNameRange     '3.4.6',
164 silly addNameRange     '3.4.7',
164 silly addNameRange     '3.4.8',
164 silly addNameRange     '4.0.0-rc1',
164 silly addNameRange     '4.0.0-rc2',
164 silly addNameRange     '3.5.0',
164 silly addNameRange     '4.0.0-rc3',
164 silly addNameRange     '4.0.0-rc4',
164 silly addNameRange     '3.5.1',
164 silly addNameRange     '4.0.0',
164 silly addNameRange     '3.5.2',
164 silly addNameRange     '4.1.0',
164 silly addNameRange     '4.1.1',
164 silly addNameRange     '3.5.3',
164 silly addNameRange     '4.1.2',
164 silly addNameRange     '3.6.0',
164 silly addNameRange     '4.2.0',
164 silly addNameRange     '3.7.0',
164 silly addNameRange     '3.8.0',
164 silly addNameRange     '4.3.0',
164 silly addNameRange     '4.3.1',
164 silly addNameRange     '3.8.1',
164 silly addNameRange     '4.3.2',
164 silly addNameRange     '3.9.0',
164 silly addNameRange     '4.4.0',
164 silly addNameRange     '4.4.1',
164 silly addNameRange     '3.10.0',
164 silly addNameRange     '3.10.1',
164 silly addNameRange     '3.10.2',
164 silly addNameRange     '3.10.3',
164 silly addNameRange     '3.10.4',
164 silly addNameRange     '4.4.2',
164 silly addNameRange     '3.10.5',
164 silly addNameRange     '4.4.3',
164 silly addNameRange     '3.11.0',
164 silly addNameRange     '4.4.4',
164 silly addNameRange     '3.12.0',
164 silly addNameRange     '3.12.1',
164 silly addNameRange     '4.4.5',
164 silly addNameRange     '3.13.0',
164 silly addNameRange     '4.5.0',
164 silly addNameRange     '4.5.1',
164 silly addNameRange     '3.14.0',
164 silly addNameRange     '4.6.0',
164 silly addNameRange     '4.6.1',
164 silly addNameRange     '3.15.0',
164 silly addNameRange     '4.7.0',
164 silly addNameRange     '3.15.1',
164 silly addNameRange     '4.7.1',
164 silly addNameRange     '3.15.2',
164 silly addNameRange     '4.7.2',
164 silly addNameRange     '4.7.3',
164 silly addNameRange     '3.15.3',
164 silly addNameRange     '4.7.4',
164 silly addNameRange     '3.16.0',
164 silly addNameRange     '4.8.0',
164 silly addNameRange     '3.16.1',
164 silly addNameRange     '4.8.1',
164 silly addNameRange     '3.16.2',
164 silly addNameRange     '4.8.2',
164 silly addNameRange     '3.16.3',
164 silly addNameRange     '3.16.4',
164 silly addNameRange     '4.8.3',
164 silly addNameRange     '3.16.5',
164 silly addNameRange     '3.16.6',
164 silly addNameRange     '4.8.4',
164 silly addNameRange     '3.16.7',
164 silly addNameRange     '4.8.5',
164 silly addNameRange     '3.16.8',
164 silly addNameRange     '4.8.6',
164 silly addNameRange     '3.16.9',
164 silly addNameRange     '4.8.7',
164 silly addNameRange     '3.16.10',
164 silly addNameRange     '4.8.8',
164 silly addNameRange     '3.17.0',
164 silly addNameRange     '3.17.1',
164 silly addNameRange     '4.9.0',
164 silly addNameRange     '3.17.2',
164 silly addNameRange     '4.9.1',
164 silly addNameRange     '4.9.2',
164 silly addNameRange     '3.17.3',
164 silly addNameRange     '4.9.3',
164 silly addNameRange     '3.17.4',
164 silly addNameRange     '4.9.4',
164 silly addNameRange     '3.17.5',
164 silly addNameRange     '4.9.5',
164 silly addNameRange     '3.17.6',
164 silly addNameRange     '3.17.7',
164 silly addNameRange     '4.9.6',
164 silly addNameRange     '4.9.7',
164 silly addNameRange     '3.17.8',
164 silly addNameRange     '4.9.8',
164 silly addNameRange     '3.18.0',
164 silly addNameRange     '3.18.1',
164 silly addNameRange     '4.10.0',
164 silly addNameRange     '3.18.2',
164 silly addNameRange     '4.10.1',
164 silly addNameRange     '5.0.0-alpha.1',
164 silly addNameRange     '3.18.3',
164 silly addNameRange     '4.10.2',
164 silly addNameRange     '3.18.4',
164 silly addNameRange     '4.10.3',
164 silly addNameRange     '4.10.4',
164 silly addNameRange     '4.10.5',
164 silly addNameRange     '3.18.5',
164 silly addNameRange     '3.18.6',
164 silly addNameRange     '4.10.6',
164 silly addNameRange     '4.10.7' ] ]
165 verbose addNamed [ 'express', '3.3.8' ]
166 verbose addNamed [ '3.3.8', '3.3.8' ]
167 silly lockFile a43a70ac-express-3-3-8 express@3.3.8
168 verbose lock express@3.3.8 /Users/peiyang/.npm/a43a70ac-express-3-3-8.lock
169 silly lockFile 15ee31b9-js-org-express-express-3-3-8-tgz https://registry.npmjs.org/express/-/express-3.3.8.tgz
170 verbose lock https://registry.npmjs.org/express/-/express-3.3.8.tgz /Users/peiyang/.npm/15ee31b9-js-org-express-express-3-3-8-tgz.lock
171 silly addNameRange number 2 { name: 'consolidate',
171 silly addNameRange   range: '>=0.9.1-0 <0.10.0-0',
171 silly addNameRange   hasData: true }
172 silly addNameRange versions [ 'consolidate',
172 silly addNameRange   [ '0.0.1',
172 silly addNameRange     '0.1.0',
172 silly addNameRange     '0.2.0',
172 silly addNameRange     '0.3.0',
172 silly addNameRange     '0.3.1',
172 silly addNameRange     '0.4.0',
172 silly addNameRange     '0.5.0',
172 silly addNameRange     '0.6.0',
172 silly addNameRange     '0.7.0',
172 silly addNameRange     '0.8.0',
172 silly addNameRange     '0.9.0',
172 silly addNameRange     '0.9.1',
172 silly addNameRange     '0.10.0' ] ]
173 verbose addNamed [ 'consolidate', '0.9.1' ]
174 verbose addNamed [ '0.9.1', '0.9.1' ]
175 silly lockFile 8ae528db-consolidate-0-9-1 consolidate@0.9.1
176 verbose lock consolidate@0.9.1 /Users/peiyang/.npm/8ae528db-consolidate-0-9-1.lock
177 verbose addRemoteTarball [ 'https://registry.npmjs.org/express/-/express-3.3.8.tgz',
177 verbose addRemoteTarball   '8e98ac30d81f4c95b85d71d2af6cf84f62ef19bd' ]
178 silly lockFile 48a83834-onsolidate-consolidate-0-9-1-tgz https://registry.npmjs.org/consolidate/-/consolidate-0.9.1.tgz
179 verbose lock https://registry.npmjs.org/consolidate/-/consolidate-0.9.1.tgz /Users/peiyang/.npm/48a83834-onsolidate-consolidate-0-9-1-tgz.lock
180 info retry fetch attempt 1 at 10:30:05
181 verbose fetch to= /var/folders/ln/vp5rgr314xn7zj3xb18lbp2h0000gn/T/npm-7884-0ozOCNkI/registry.npmjs.org/express/-/express-3.3.8.tgz
182 verbose addRemoteTarball [ 'https://registry.npmjs.org/consolidate/-/consolidate-0.9.1.tgz',
182 verbose addRemoteTarball   '9bc97e721d69765f320f232207d4c77fa3e22ca2' ]
183 http GET https://registry.npmjs.org/express/-/express-3.3.8.tgz
184 info retry fetch attempt 1 at 10:30:05
185 verbose fetch to= /var/folders/ln/vp5rgr314xn7zj3xb18lbp2h0000gn/T/npm-7884-0ozOCNkI/registry.npmjs.org/consolidate/-/consolidate-0.9.1.tgz
186 http GET https://registry.npmjs.org/consolidate/-/consolidate-0.9.1.tgz
187 http 200 https://registry.npmjs.org/swig/-/swig-0.14.0.tgz
188 http 200 https://registry.npmjs.org/express/-/express-3.3.8.tgz
189 http 200 https://registry.npmjs.org/consolidate/-/consolidate-0.9.1.tgz
190 silly lockFile de7776c2-y-npmjs-org-swig-swig-0-14-0-tgz https://registry.npmjs.org/swig/-/swig-0.14.0.tgz
191 silly lockFile de7776c2-y-npmjs-org-swig-swig-0-14-0-tgz https://registry.npmjs.org/swig/-/swig-0.14.0.tgz
192 silly lockFile ef70b243-swig-0-14-0 swig@0.14.0
193 silly lockFile ef70b243-swig-0-14-0 swig@0.14.0
194 silly lockFile a7d16bf6-swig-0-14-0 swig@~0.14.0
195 silly lockFile a7d16bf6-swig-0-14-0 swig@~0.14.0
196 silly lockFile 48a83834-onsolidate-consolidate-0-9-1-tgz https://registry.npmjs.org/consolidate/-/consolidate-0.9.1.tgz
197 silly lockFile 48a83834-onsolidate-consolidate-0-9-1-tgz https://registry.npmjs.org/consolidate/-/consolidate-0.9.1.tgz
198 silly lockFile 8ae528db-consolidate-0-9-1 consolidate@0.9.1
199 silly lockFile 8ae528db-consolidate-0-9-1 consolidate@0.9.1
200 silly lockFile 25e694a9-consolidate-0-9-1 consolidate@~0.9.1
201 silly lockFile 25e694a9-consolidate-0-9-1 consolidate@~0.9.1
202 silly lockFile 15ee31b9-js-org-express-express-3-3-8-tgz https://registry.npmjs.org/express/-/express-3.3.8.tgz
203 silly lockFile 15ee31b9-js-org-express-express-3-3-8-tgz https://registry.npmjs.org/express/-/express-3.3.8.tgz
204 silly lockFile a43a70ac-express-3-3-8 express@3.3.8
205 silly lockFile a43a70ac-express-3-3-8 express@3.3.8
206 silly lockFile 09d41e23-express-3-3-4 express@~3.3.4
207 silly lockFile 09d41e23-express-3-3-4 express@~3.3.4
208 error Error: EACCES, mkdir '/Users/peiyang/.npm/express/3.3.8'
208 error  { [Error: EACCES, mkdir '/Users/peiyang/.npm/express/3.3.8']
208 error   errno: 3,
208 error   code: 'EACCES',
208 error   path: '/Users/peiyang/.npm/express/3.3.8',
208 error   parent: 'hw1-3' }
209 error Please try running this command again as root/Administrator.
210 error System Darwin 13.4.0
211 error command "node" "/usr/local/bin/npm" "install"
212 error cwd /Users/peiyang/Documents/Online Course/MongoDB/Nodejs/hw1-3
213 error node -v v0.10.33
214 error npm -v 1.4.28
215 error path /Users/peiyang/.npm/express/3.3.8
216 error code EACCES
217 error errno 3
218 error stack Error: EACCES, mkdir '/Users/peiyang/.npm/express/3.3.8'
219 verbose exit [ 3, true ]
