0 info it worked if it ends with ok
1 verbose cli [ 'node', '/usr/local/bin/npm', 'install', 'monogodb' ]
2 info using npm@1.4.28
3 info using node@v0.10.33
4 verbose cache add [ 'monogodb', null ]
5 verbose cache add name=undefined spec="monogodb" args=["monogodb",null]
6 verbose parsed url { protocol: null,
6 verbose parsed url   slashes: null,
6 verbose parsed url   auth: null,
6 verbose parsed url   host: null,
6 verbose parsed url   port: null,
6 verbose parsed url   hostname: null,
6 verbose parsed url   hash: null,
6 verbose parsed url   search: null,
6 verbose parsed url   query: null,
6 verbose parsed url   pathname: 'monogodb',
6 verbose parsed url   path: 'monogodb',
6 verbose parsed url   href: 'monogodb' }
7 silly lockFile 924b5bfc-monogodb monogodb
8 verbose lock monogodb /Users/peiyang/.npm/924b5bfc-monogodb.lock
9 silly lockFile 924b5bfc-monogodb monogodb
10 silly lockFile 924b5bfc-monogodb monogodb
11 verbose addNamed [ 'monogodb', '' ]
12 verbose addNamed [ null, '*' ]
13 silly lockFile fced1dc8-monogodb monogodb@
14 verbose lock monogodb@ /Users/peiyang/.npm/fced1dc8-monogodb.lock
15 silly addNameRange { name: 'monogodb', range: '*', hasData: false }
16 verbose request where is /monogodb
17 verbose request registry https://registry.npmjs.org/
18 verbose request id b2ba79016dac74a5
19 verbose url raw /monogodb
20 verbose url resolving [ 'https://registry.npmjs.org/', './monogodb' ]
21 verbose url resolved https://registry.npmjs.org/monogodb
22 verbose request where is https://registry.npmjs.org/monogodb
23 info trying registry request attempt 1 at 12:59:49
24 http GET https://registry.npmjs.org/monogodb
25 http 404 https://registry.npmjs.org/monogodb
26 verbose headers { date: 'Sun, 25 Jan 2015 20:59:50 GMT',
26 verbose headers   server: 'CouchDB/1.5.0 (Erlang OTP/R16B03)',
26 verbose headers   'content-type': 'application/json',
26 verbose headers   'cache-control': 'max-age=0',
26 verbose headers   'content-length': '52',
26 verbose headers   'accept-ranges': 'bytes',
26 verbose headers   via: '1.1 varnish',
26 verbose headers   age: '0',
26 verbose headers   'x-served-by': 'cache-sjc3124-SJC',
26 verbose headers   'x-cache': 'MISS',
26 verbose headers   'x-cache-hits': '0',
26 verbose headers   'x-timer': 'S1422219590.195632,VS0,VE33',
26 verbose headers   'keep-alive': 'timeout=10, max=50',
26 verbose headers   connection: 'Keep-Alive' }
27 silly registry.get cb [ 404,
27 silly registry.get   { date: 'Sun, 25 Jan 2015 20:59:50 GMT',
27 silly registry.get     server: 'CouchDB/1.5.0 (Erlang OTP/R16B03)',
27 silly registry.get     'content-type': 'application/json',
27 silly registry.get     'cache-control': 'max-age=0',
27 silly registry.get     'content-length': '52',
27 silly registry.get     'accept-ranges': 'bytes',
27 silly registry.get     via: '1.1 varnish',
27 silly registry.get     age: '0',
27 silly registry.get     'x-served-by': 'cache-sjc3124-SJC',
27 silly registry.get     'x-cache': 'MISS',
27 silly registry.get     'x-cache-hits': '0',
27 silly registry.get     'x-timer': 'S1422219590.195632,VS0,VE33',
27 silly registry.get     'keep-alive': 'timeout=10, max=50',
27 silly registry.get     connection: 'Keep-Alive' } ]
28 silly lockFile fced1dc8-monogodb monogodb@
29 silly lockFile fced1dc8-monogodb monogodb@
30 error 404 404 Not Found: monogodb
30 error 404
30 error 404 'monogodb' is not in the npm registry.
30 error 404 You should bug the author to publish it
30 error 404
30 error 404 Note that you can also install from a
30 error 404 tarball, folder, or http url, or git url.
31 error System Darwin 14.0.0
32 error command "node" "/usr/local/bin/npm" "install" "monogodb"
33 error cwd /Users/peiyang/Documents/Online Course/MongoDB/Nodejs/hw3-1
34 error node -v v0.10.33
35 error npm -v 1.4.28
36 error code E404
37 verbose exit [ 1, true ]
